This is pdfTeX, Version 3.1415926-2.4-1.40.13 (TeX Live 2012/Debian) (format=pdflatex 2016.2.3)  22 APR 2016 12:51
entering extended mode
 restricted \write18 enabled.
 %&-line parsing enabled.
**main
(./main.tex
LaTeX2e <2011/06/27>
Babel <v3.8m> and hyphenation patterns for english, dumylang, nohyphenation, et
hiopic, farsi, arabic, pinyin, croatian, bulgarian, ukrainian, russian, slovak,
 czech, danish, dutch, usenglishmax, ukenglish, finnish, french, basque, ngerma
n, german, swissgerman, ngerman-x-2012-05-30, german-x-2012-05-30, monogreek, g
reek, ibycus, ancientgreek, hungarian, bengali, tamil, hindi, telugu, gujarati,
 sanskrit, malayalam, kannada, assamese, marathi, oriya, panjabi, italian, lati
n, latvian, lithuanian, mongolian, mongolianlmc, nynorsk, bokmal, indonesian, e
speranto, coptic, welsh, irish, interlingua, serbian, serbianc, slovenian, friu
lan, romansh, estonian, romanian, armenian, uppersorbian, turkish, afrikaans, i
celandic, kurmanji, polish, portuguese, galician, catalan, spanish, swedish, lo
aded.
(./pre.tex (/usr/share/texlive/texmf-dist/tex/latex/base/article.cls
Document Class: article 2007/10/19 v1.4h Standard LaTeX document class
(/usr/share/texlive/texmf-dist/tex/latex/base/size11.clo
File: size11.clo 2007/10/19 v1.4h Standard LaTeX file (size option)
)
\c@part=\count79
\c@section=\count80
\c@subsection=\count81
\c@subsubsection=\count82
\c@paragraph=\count83
\c@subparagraph=\count84
\c@figure=\count85
\c@table=\count86
\abovecaptionskip=\skip41
\belowcaptionskip=\skip42
\bibindent=\dimen102
)
(/usr/share/texlive/texmf-dist/tex/latex/geometry/geometry.sty
Package: geometry 2010/09/12 v5.6 Page Geometry

(/usr/share/texlive/texmf-dist/tex/latex/graphics/keyval.sty
Package: keyval 1999/03/16 v1.13 key=value parser (DPC)
\KV@toks@=\toks14
)
(/usr/share/texlive/texmf-dist/tex/generic/oberdiek/ifpdf.sty
Package: ifpdf 2011/01/30 v2.3 Provides the ifpdf switch (HO)
Package ifpdf Info: pdfTeX in PDF mode is detected.
)
(/usr/share/texlive/texmf-dist/tex/generic/oberdiek/ifvtex.sty
Package: ifvtex 2010/03/01 v1.5 Detect VTeX and its facilities (HO)
Package ifvtex Info: VTeX not detected.
)
(/usr/share/texlive/texmf-dist/tex/generic/ifxetex/ifxetex.sty
Package: ifxetex 2010/09/12 v0.6 Provides ifxetex conditional
)
\Gm@cnth=\count87
\Gm@cntv=\count88
\c@Gm@tempcnt=\count89
\Gm@bindingoffset=\dimen103
\Gm@wd@mp=\dimen104
\Gm@odd@mp=\dimen105
\Gm@even@mp=\dimen106
\Gm@layoutwidth=\dimen107
\Gm@layoutheight=\dimen108
\Gm@layouthoffset=\dimen109
\Gm@layoutvoffset=\dimen110
\Gm@dimlist=\toks15
)
(/usr/share/texlive/texmf-dist/tex/latex/changepage/changepage.sty
Package: changepage 2009/10/20 v1.0c check page and change page layout
\c@cp@cntr=\count90
\cp@tempcnt=\count91
)
(/usr/share/texlive/texmf-dist/tex/latex/base/inputenc.sty
Package: inputenc 2008/03/30 v1.1d Input encoding file
\inpenc@prehook=\toks16
\inpenc@posthook=\toks17

(/usr/share/texlive/texmf-dist/tex/latex/base/utf8.def
File: utf8.def 2008/04/05 v1.1m UTF-8 support for inputenc
Now handling font encoding OML ...
... no UTF-8 mapping file for font encoding OML
Now handling font encoding T1 ...
... processing UTF-8 mapping file for font encoding T1

(/usr/share/texlive/texmf-dist/tex/latex/base/t1enc.dfu
File: t1enc.dfu 2008/04/05 v1.1m UTF-8 support for inputenc
   defining Unicode char U+00A1 (decimal 161)
   defining Unicode char U+00A3 (decimal 163)
   defining Unicode char U+00AB (decimal 171)
   defining Unicode char U+00BB (decimal 187)
   defining Unicode char U+00BF (decimal 191)
   defining Unicode char U+00C0 (decimal 192)
   defining Unicode char U+00C1 (decimal 193)
   defining Unicode char U+00C2 (decimal 194)
   defining Unicode char U+00C3 (decimal 195)
   defining Unicode char U+00C4 (decimal 196)
   defining Unicode char U+00C5 (decimal 197)
   defining Unicode char U+00C6 (decimal 198)
   defining Unicode char U+00C7 (decimal 199)
   defining Unicode char U+00C8 (decimal 200)
   defining Unicode char U+00C9 (decimal 201)
   defining Unicode char U+00CA (decimal 202)
   defining Unicode char U+00CB (decimal 203)
   defining Unicode char U+00CC (decimal 204)
   defining Unicode char U+00CD (decimal 205)
   defining Unicode char U+00CE (decimal 206)
   defining Unicode char U+00CF (decimal 207)
   defining Unicode char U+00D0 (decimal 208)
   defining Unicode char U+00D1 (decimal 209)
   defining Unicode char U+00D2 (decimal 210)
   defining Unicode char U+00D3 (decimal 211)
   defining Unicode char U+00D4 (decimal 212)
   defining Unicode char U+00D5 (decimal 213)
   defining Unicode char U+00D6 (decimal 214)
   defining Unicode char U+00D8 (decimal 216)
   defining Unicode char U+00D9 (decimal 217)
   defining Unicode char U+00DA (decimal 218)
   defining Unicode char U+00DB (decimal 219)
   defining Unicode char U+00DC (decimal 220)
   defining Unicode char U+00DD (decimal 221)
   defining Unicode char U+00DE (decimal 222)
   defining Unicode char U+00DF (decimal 223)
   defining Unicode char U+00E0 (decimal 224)
   defining Unicode char U+00E1 (decimal 225)
   defining Unicode char U+00E2 (decimal 226)
   defining Unicode char U+00E3 (decimal 227)
   defining Unicode char U+00E4 (decimal 228)
   defining Unicode char U+00E5 (decimal 229)
   defining Unicode char U+00E6 (decimal 230)
   defining Unicode char U+00E7 (decimal 231)
   defining Unicode char U+00E8 (decimal 232)
   defining Unicode char U+00E9 (decimal 233)
   defining Unicode char U+00EA (decimal 234)
   defining Unicode char U+00EB (decimal 235)
   defining Unicode char U+00EC (decimal 236)
   defining Unicode char U+00ED (decimal 237)
   defining Unicode char U+00EE (decimal 238)
   defining Unicode char U+00EF (decimal 239)
   defining Unicode char U+00F0 (decimal 240)
   defining Unicode char U+00F1 (decimal 241)
   defining Unicode char U+00F2 (decimal 242)
   defining Unicode char U+00F3 (decimal 243)
   defining Unicode char U+00F4 (decimal 244)
   defining Unicode char U+00F5 (decimal 245)
   defining Unicode char U+00F6 (decimal 246)
   defining Unicode char U+00F8 (decimal 248)
   defining Unicode char U+00F9 (decimal 249)
   defining Unicode char U+00FA (decimal 250)
   defining Unicode char U+00FB (decimal 251)
   defining Unicode char U+00FC (decimal 252)
   defining Unicode char U+00FD (decimal 253)
   defining Unicode char U+00FE (decimal 254)
   defining Unicode char U+00FF (decimal 255)
   defining Unicode char U+0102 (decimal 258)
   defining Unicode char U+0103 (decimal 259)
   defining Unicode char U+0104 (decimal 260)
   defining Unicode char U+0105 (decimal 261)
   defining Unicode char U+0106 (decimal 262)
   defining Unicode char U+0107 (decimal 263)
   defining Unicode char U+010C (decimal 268)
   defining Unicode char U+010D (decimal 269)
   defining Unicode char U+010E (decimal 270)
   defining Unicode char U+010F (decimal 271)
   defining Unicode char U+0110 (decimal 272)
   defining Unicode char U+0111 (decimal 273)
   defining Unicode char U+0118 (decimal 280)
   defining Unicode char U+0119 (decimal 281)
   defining Unicode char U+011A (decimal 282)
   defining Unicode char U+011B (decimal 283)
   defining Unicode char U+011E (decimal 286)
   defining Unicode char U+011F (decimal 287)
   defining Unicode char U+0130 (decimal 304)
   defining Unicode char U+0131 (decimal 305)
   defining Unicode char U+0132 (decimal 306)
   defining Unicode char U+0133 (decimal 307)
   defining Unicode char U+0139 (decimal 313)
   defining Unicode char U+013A (decimal 314)
   defining Unicode char U+013D (decimal 317)
   defining Unicode char U+013E (decimal 318)
   defining Unicode char U+0141 (decimal 321)
   defining Unicode char U+0142 (decimal 322)
   defining Unicode char U+0143 (decimal 323)
   defining Unicode char U+0144 (decimal 324)
   defining Unicode char U+0147 (decimal 327)
   defining Unicode char U+0148 (decimal 328)
   defining Unicode char U+014A (decimal 330)
   defining Unicode char U+014B (decimal 331)
   defining Unicode char U+0150 (decimal 336)
   defining Unicode char U+0151 (decimal 337)
   defining Unicode char U+0152 (decimal 338)
   defining Unicode char U+0153 (decimal 339)
   defining Unicode char U+0154 (decimal 340)
   defining Unicode char U+0155 (decimal 341)
   defining Unicode char U+0158 (decimal 344)
   defining Unicode char U+0159 (decimal 345)
   defining Unicode char U+015A (decimal 346)
   defining Unicode char U+015B (decimal 347)
   defining Unicode char U+015E (decimal 350)
   defining Unicode char U+015F (decimal 351)
   defining Unicode char U+0160 (decimal 352)
   defining Unicode char U+0161 (decimal 353)
   defining Unicode char U+0162 (decimal 354)
   defining Unicode char U+0163 (decimal 355)
   defining Unicode char U+0164 (decimal 356)
   defining Unicode char U+0165 (decimal 357)
   defining Unicode char U+016E (decimal 366)
   defining Unicode char U+016F (decimal 367)
   defining Unicode char U+0170 (decimal 368)
   defining Unicode char U+0171 (decimal 369)
   defining Unicode char U+0178 (decimal 376)
   defining Unicode char U+0179 (decimal 377)
   defining Unicode char U+017A (decimal 378)
   defining Unicode char U+017B (decimal 379)
   defining Unicode char U+017C (decimal 380)
   defining Unicode char U+017D (decimal 381)
   defining Unicode char U+017E (decimal 382)
   defining Unicode char U+200C (decimal 8204)
   defining Unicode char U+2013 (decimal 8211)
   defining Unicode char U+2014 (decimal 8212)
   defining Unicode char U+2018 (decimal 8216)
   defining Unicode char U+2019 (decimal 8217)
   defining Unicode char U+201A (decimal 8218)
   defining Unicode char U+201C (decimal 8220)
   defining Unicode char U+201D (decimal 8221)
   defining Unicode char U+201E (decimal 8222)
   defining Unicode char U+2030 (decimal 8240)
   defining Unicode char U+2031 (decimal 8241)
   defining Unicode char U+2039 (decimal 8249)
   defining Unicode char U+203A (decimal 8250)
   defining Unicode char U+2423 (decimal 9251)
)
Now handling font encoding OT1 ...
... processing UTF-8 mapping file for font encoding OT1

(/usr/share/texlive/texmf-dist/tex/latex/base/ot1enc.dfu
File: ot1enc.dfu 2008/04/05 v1.1m UTF-8 support for inputenc
   defining Unicode char U+00A1 (decimal 161)
   defining Unicode char U+00A3 (decimal 163)
   defining Unicode char U+00B8 (decimal 184)
   defining Unicode char U+00BF (decimal 191)
   defining Unicode char U+00C5 (decimal 197)
   defining Unicode char U+00C6 (decimal 198)
   defining Unicode char U+00D8 (decimal 216)
   defining Unicode char U+00DF (decimal 223)
   defining Unicode char U+00E6 (decimal 230)
   defining Unicode char U+00EC (decimal 236)
   defining Unicode char U+00ED (decimal 237)
   defining Unicode char U+00EE (decimal 238)
   defining Unicode char U+00EF (decimal 239)
   defining Unicode char U+00F8 (decimal 248)
   defining Unicode char U+0131 (decimal 305)
   defining Unicode char U+0141 (decimal 321)
   defining Unicode char U+0142 (decimal 322)
   defining Unicode char U+0152 (decimal 338)
   defining Unicode char U+0153 (decimal 339)
   defining Unicode char U+2013 (decimal 8211)
   defining Unicode char U+2014 (decimal 8212)
   defining Unicode char U+2018 (decimal 8216)
   defining Unicode char U+2019 (decimal 8217)
   defining Unicode char U+201C (decimal 8220)
   defining Unicode char U+201D (decimal 8221)
)
Now handling font encoding OMS ...
... processing UTF-8 mapping file for font encoding OMS

(/usr/share/texlive/texmf-dist/tex/latex/base/omsenc.dfu
File: omsenc.dfu 2008/04/05 v1.1m UTF-8 support for inputenc
   defining Unicode char U+00A7 (decimal 167)
   defining Unicode char U+00B6 (decimal 182)
   defining Unicode char U+00B7 (decimal 183)
   defining Unicode char U+2020 (decimal 8224)
   defining Unicode char U+2021 (decimal 8225)
   defining Unicode char U+2022 (decimal 8226)
)
Now handling font encoding OMX ...
... no UTF-8 mapping file for font encoding OMX
Now handling font encoding U ...
... no UTF-8 mapping file for font encoding U
   defining Unicode char U+00A9 (decimal 169)
   defining Unicode char U+00AA (decimal 170)
   defining Unicode char U+00AE (decimal 174)
   defining Unicode char U+00BA (decimal 186)
   defining Unicode char U+02C6 (decimal 710)
   defining Unicode char U+02DC (decimal 732)
   defining Unicode char U+200C (decimal 8204)
   defining Unicode char U+2026 (decimal 8230)
   defining Unicode char U+2122 (decimal 8482)
   defining Unicode char U+2423 (decimal 9251)
))
(/usr/share/texlive/texmf-dist/tex/latex/base/fontenc.sty
Package: fontenc 2005/09/27 v1.99g Standard LaTeX package

(/usr/share/texlive/texmf-dist/tex/latex/base/t1enc.def
File: t1enc.def 2005/09/27 v1.99g Standard LaTeX file
LaTeX Font Info:    Redeclaring font encoding T1 on input line 43.
))
(/var/lib/texmf/tex/generic/babel/babel.sty
Package: babel 2008/07/08 v3.8m The Babel package

(/usr/share/texlive/texmf-dist/tex/generic/babel/ngermanb.ldf
Language: ngermanb 2008/07/06 v2.6n new German support from the babel system

(/usr/share/texlive/texmf-dist/tex/generic/babel/babel.def
File: babel.def 2008/07/08 v3.8m Babel common definitions
\babel@savecnt=\count92
\U@D=\dimen111
)
\l@naustrian = a dialect from \language\l@ngerman 
Package babel Info: Making " an active character on input line 92.
))
(/usr/share/texmf/tex/latex/lm/lmodern.sty
Package: lmodern 2009/10/30 v1.6 Latin Modern Fonts
LaTeX Font Info:    Overwriting symbol font `operators' in version `normal'
(Font)                  OT1/cmr/m/n --> OT1/lmr/m/n on input line 22.
LaTeX Font Info:    Overwriting symbol font `letters' in version `normal'
(Font)                  OML/cmm/m/it --> OML/lmm/m/it on input line 23.
LaTeX Font Info:    Overwriting symbol font `symbols' in version `normal'
(Font)                  OMS/cmsy/m/n --> OMS/lmsy/m/n on input line 24.
LaTeX Font Info:    Overwriting symbol font `largesymbols' in version `normal'
(Font)                  OMX/cmex/m/n --> OMX/lmex/m/n on input line 25.
LaTeX Font Info:    Overwriting symbol font `operators' in version `bold'
(Font)                  OT1/cmr/bx/n --> OT1/lmr/bx/n on input line 26.
LaTeX Font Info:    Overwriting symbol font `letters' in version `bold'
(Font)                  OML/cmm/b/it --> OML/lmm/b/it on input line 27.
LaTeX Font Info:    Overwriting symbol font `symbols' in version `bold'
(Font)                  OMS/cmsy/b/n --> OMS/lmsy/b/n on input line 28.
LaTeX Font Info:    Overwriting symbol font `largesymbols' in version `bold'
(Font)                  OMX/cmex/m/n --> OMX/lmex/m/n on input line 29.
LaTeX Font Info:    Overwriting math alphabet `\mathbf' in version `normal'
(Font)                  OT1/cmr/bx/n --> OT1/lmr/bx/n on input line 31.
LaTeX Font Info:    Overwriting math alphabet `\mathsf' in version `normal'
(Font)                  OT1/cmss/m/n --> OT1/lmss/m/n on input line 32.
LaTeX Font Info:    Overwriting math alphabet `\mathit' in version `normal'
(Font)                  OT1/cmr/m/it --> OT1/lmr/m/it on input line 33.
LaTeX Font Info:    Overwriting math alphabet `\mathtt' in version `normal'
(Font)                  OT1/cmtt/m/n --> OT1/lmtt/m/n on input line 34.
LaTeX Font Info:    Overwriting math alphabet `\mathbf' in version `bold'
(Font)                  OT1/cmr/bx/n --> OT1/lmr/bx/n on input line 35.
LaTeX Font Info:    Overwriting math alphabet `\mathsf' in version `bold'
(Font)                  OT1/cmss/bx/n --> OT1/lmss/bx/n on input line 36.
LaTeX Font Info:    Overwriting math alphabet `\mathit' in version `bold'
(Font)                  OT1/cmr/bx/it --> OT1/lmr/bx/it on input line 37.
LaTeX Font Info:    Overwriting math alphabet `\mathtt' in version `bold'
(Font)                  OT1/cmtt/m/n --> OT1/lmtt/m/n on input line 38.
)
(/usr/share/texlive/texmf-dist/tex/latex/amsmath/amsmath.sty
Package: amsmath 2000/07/18 v2.13 AMS math features
\@mathmargin=\skip43

For additional information on amsmath, use the `?' option.
(/usr/share/texlive/texmf-dist/tex/latex/amsmath/amstext.sty
Package: amstext 2000/06/29 v2.01

(/usr/share/texlive/texmf-dist/tex/latex/amsmath/amsgen.sty
File: amsgen.sty 1999/11/30 v2.0
\@emptytoks=\toks18
\ex@=\dimen112
))
(/usr/share/texlive/texmf-dist/tex/latex/amsmath/amsbsy.sty
Package: amsbsy 1999/11/29 v1.2d
\pmbraise@=\dimen113
)
(/usr/share/texlive/texmf-dist/tex/latex/amsmath/amsopn.sty
Package: amsopn 1999/12/14 v2.01 operator names
)
\inf@bad=\count93
LaTeX Info: Redefining \frac on input line 211.
\uproot@=\count94
\leftroot@=\count95
LaTeX Info: Redefining \overline on input line 307.
\classnum@=\count96
\DOTSCASE@=\count97
LaTeX Info: Redefining \ldots on input line 379.
LaTeX Info: Redefining \dots on input line 382.
LaTeX Info: Redefining \cdots on input line 467.
\Mathstrutbox@=\box26
\strutbox@=\box27
\big@size=\dimen114
LaTeX Font Info:    Redeclaring font encoding OML on input line 567.
LaTeX Font Info:    Redeclaring font encoding OMS on input line 568.
\macc@depth=\count98
\c@MaxMatrixCols=\count99
\dotsspace@=\muskip10
\c@parentequation=\count100
\dspbrk@lvl=\count101
\tag@help=\toks19
\row@=\count102
\column@=\count103
\maxfields@=\count104
\andhelp@=\toks20
\eqnshift@=\dimen115
\alignsep@=\dimen116
\tagshift@=\dimen117
\tagwidth@=\dimen118
\totwidth@=\dimen119
\lineht@=\dimen120
\@envbody=\toks21
\multlinegap=\skip44
\multlinetaggap=\skip45
\mathdisplay@stack=\toks22
LaTeX Info: Redefining \[ on input line 2666.
LaTeX Info: Redefining \] on input line 2667.
)
(/usr/share/texlive/texmf-dist/tex/latex/amsfonts/amssymb.sty
Package: amssymb 2009/06/22 v3.00

(/usr/share/texlive/texmf-dist/tex/latex/amsfonts/amsfonts.sty
Package: amsfonts 2009/06/22 v3.00 Basic AMSFonts support
\symAMSa=\mathgroup4
\symAMSb=\mathgroup5
LaTeX Font Info:    Overwriting math alphabet `\mathfrak' in version `bold'
(Font)                  U/euf/m/n --> U/euf/b/n on input line 96.
))
(/usr/share/texlive/texmf-dist/tex/latex/bbm-macros/bbm.sty
Package: bbm 1999/03/15 V 1.2 provides fonts for set symbols - TH
LaTeX Font Info:    Overwriting math alphabet `\mathbbm' in version `bold'
(Font)                  U/bbm/m/n --> U/bbm/bx/n on input line 33.
LaTeX Font Info:    Overwriting math alphabet `\mathbbmss' in version `bold'
(Font)                  U/bbmss/m/n --> U/bbmss/bx/n on input line 35.
)
(/usr/share/texlive/texmf-dist/tex/latex/jknapltx/mathrsfs.sty
Package: mathrsfs 1996/01/01 Math RSFS package v1.0 (jk)
\symrsfs=\mathgroup6
)
(/usr/share/texlive/texmf-dist/tex/latex/stmaryrd/stmaryrd.sty
Package: stmaryrd 1994/03/03 St Mary's Road symbol package
\symstmry=\mathgroup7
LaTeX Font Info:    Overwriting symbol font `stmry' in version `bold'
(Font)                  U/stmry/m/n --> U/stmry/b/n on input line 89.
)
(/usr/share/texlive/texmf-dist/tex/latex/graphics/graphicx.sty
Package: graphicx 1999/02/16 v1.0f Enhanced LaTeX Graphics (DPC,SPQR)

(/usr/share/texlive/texmf-dist/tex/latex/graphics/graphics.sty
Package: graphics 2009/02/05 v1.0o Standard LaTeX Graphics (DPC,SPQR)

(/usr/share/texlive/texmf-dist/tex/latex/graphics/trig.sty
Package: trig 1999/03/16 v1.09 sin cos tan (DPC)
)
(/usr/share/texlive/texmf-dist/tex/latex/latexconfig/graphics.cfg
File: graphics.cfg 2010/04/23 v1.9 graphics configuration of TeX Live
)
Package graphics Info: Driver file: pdftex.def on input line 91.

(/usr/share/texlive/texmf-dist/tex/latex/pdftex-def/pdftex.def
File: pdftex.def 2011/05/27 v0.06d Graphics/color for pdfTeX

(/usr/share/texlive/texmf-dist/tex/generic/oberdiek/infwarerr.sty
Package: infwarerr 2010/04/08 v1.3 Providing info/warning/error messages (HO)
)
(/usr/share/texlive/texmf-dist/tex/generic/oberdiek/ltxcmds.sty
Package: ltxcmds 2011/11/09 v1.22 LaTeX kernel commands for general use (HO)
)
\Gread@gobject=\count105
))
\Gin@req@height=\dimen121
\Gin@req@width=\dimen122
)
(/usr/share/texlive/texmf-dist/tex/latex/float/float.sty
Package: float 2001/11/08 v1.3d Float enhancements (AL)
\c@float@type=\count106
\float@exts=\toks23
\float@box=\box28
\@float@everytoks=\toks24
\@floatcapt=\box29
)
(/usr/share/texmf/tex/latex/xcolor/xcolor.sty
Package: xcolor 2007/01/21 v2.11 LaTeX color extensions (UK)

(/usr/share/texlive/texmf-dist/tex/latex/latexconfig/color.cfg
File: color.cfg 2007/01/18 v1.5 color configuration of teTeX/TeXLive
)
Package xcolor Info: Driver file: pdftex.def on input line 225.
Package xcolor Info: Model `cmy' substituted by `cmy0' on input line 1337.
Package xcolor Info: Model `hsb' substituted by `rgb' on input line 1341.
Package xcolor Info: Model `RGB' extended on input line 1353.
Package xcolor Info: Model `HTML' substituted by `rgb' on input line 1355.
Package xcolor Info: Model `Hsb' substituted by `hsb' on input line 1356.
Package xcolor Info: Model `tHsb' substituted by `hsb' on input line 1357.
Package xcolor Info: Model `HSB' substituted by `hsb' on input line 1358.
Package xcolor Info: Model `Gray' substituted by `gray' on input line 1359.
Package xcolor Info: Model `wave' substituted by `hsb' on input line 1360.

(/usr/share/texlive/texmf-dist/tex/latex/graphics/dvipsnam.def
File: dvipsnam.def 1999/02/16 v3.0i Driver-dependant file (DPC,SPQR)
))
(/usr/share/texlive/texmf-dist/tex/latex/caption/caption.sty
Package: caption 2012/02/19 v3.2f Customizing captions (AR)

(/usr/share/texlive/texmf-dist/tex/latex/caption/caption3.sty
Package: caption3 2012/01/12 v1.4b caption3 kernel (AR)
\captionmargin=\dimen123
\captionmargin@=\dimen124
\captionwidth=\dimen125
\caption@indent=\dimen126
\caption@parindent=\dimen127
\caption@hangindent=\dimen128
)
\c@ContinuedFloat=\count107
Package caption Info: float package is loaded.
)
(/usr/share/texlive/texmf-dist/tex/latex/enumitem/enumitem.sty
Package: enumitem 2011/09/28 v3.5.2 Customized lists
\labelindent=\skip46
\enit@outerparindent=\dimen129
\enit@toks=\toks25
\enit@inbox=\box30
\enitdp@description=\count108
)
(/usr/share/texlive/texmf-dist/tex/latex/tools/calc.sty
Package: calc 2007/08/22 v4.3 Infix arithmetic (KKT,FJ)
\calc@Acount=\count109
\calc@Bcount=\count110
\calc@Adimen=\dimen130
\calc@Bdimen=\dimen131
\calc@Askip=\skip47
\calc@Bskip=\skip48
LaTeX Info: Redefining \setlength on input line 76.
LaTeX Info: Redefining \addtolength on input line 77.
\calc@Ccount=\count111
\calc@Cskip=\skip49
)
(/usr/share/texlive/texmf-dist/tex/latex/framed/framed.sty
Package: framed 2011/10/22 v 0.96: framed or shaded text with page breaks
\OuterFrameSep=\skip50
\fb@frw=\dimen132
\fb@frh=\dimen133
\FrameRule=\dimen134
\FrameSep=\dimen135
)
(/usr/share/texlive/texmf-dist/tex/latex/tocloft/tocloft.sty
Package: tocloft 2010/10/13 v2.3e parameterised ToC, etc., typesetting
Package tocloft Info: The document has section divisions on input line 43.
\cftparskip=\skip51
\cftbeforetoctitleskip=\skip52
\cftaftertoctitleskip=\skip53
\cftbeforepartskip=\skip54
\cftpartnumwidth=\skip55
\cftpartindent=\skip56
\cftbeforesecskip=\skip57
\cftsecindent=\skip58
\cftsecnumwidth=\skip59
\cftbeforesubsecskip=\skip60
\cftsubsecindent=\skip61
\cftsubsecnumwidth=\skip62
\cftbeforesubsubsecskip=\skip63
\cftsubsubsecindent=\skip64
\cftsubsubsecnumwidth=\skip65
\cftbeforeparaskip=\skip66
\cftparaindent=\skip67
\cftparanumwidth=\skip68
\cftbeforesubparaskip=\skip69
\cftsubparaindent=\skip70
\cftsubparanumwidth=\skip71
\cftbeforeloftitleskip=\skip72
\cftafterloftitleskip=\skip73
\cftbeforefigskip=\skip74
\cftfigindent=\skip75
\cftfignumwidth=\skip76
\c@lofdepth=\count112
\c@lotdepth=\count113
\cftbeforelottitleskip=\skip77
\cftafterlottitleskip=\skip78
\cftbeforetabskip=\skip79
\cfttabindent=\skip80
\cfttabnumwidth=\skip81
)
\c@math=\count114
\cftbeforemathskip=\skip82
\cftmathindent=\skip83
\cftmathnumwidth=\skip84
\c@mathlistdepth=\count115
\cftbeforemathlisttitleskip=\skip85
\cftaftermathlisttitleskip=\skip86
\c@mathdefc=\count116
\c@maththeoremc=\count117

(/usr/share/texlive/texmf-dist/tex/latex/listings/listings.sty
\lst@mode=\count118
\lst@gtempboxa=\box31
\lst@token=\toks26
\lst@length=\count119
\lst@currlwidth=\dimen136
\lst@column=\count120
\lst@pos=\count121
\lst@lostspace=\dimen137
\lst@width=\dimen138
\lst@newlines=\count122
\lst@lineno=\count123
\lst@maxwidth=\dimen139

(/usr/share/texlive/texmf-dist/tex/latex/listings/lstmisc.sty
File: lstmisc.sty 2007/02/22 1.4 (Carsten Heinz)
\c@lstnumber=\count124
\lst@skipnumbers=\count125
\lst@framebox=\box32
)
(/usr/share/texlive/texmf-dist/tex/latex/listings/listings.cfg
File: listings.cfg 2007/02/22 1.4 listings configuration
))
Package: listings 2007/02/22 1.4 (Carsten Heinz)
\listingframemargin=\skip87
\listingmargin=\skip88
\c@listings=\count126
\cftbeforelistingsskip=\skip89
\cftlistingsindent=\skip90
\cftlistingsnumwidth=\skip91
\c@listinglistdepth=\count127
\cftbeforelistinglisttitleskip=\skip92
\cftafterlistinglisttitleskip=\skip93
\c@listingc=\count128

(/usr/share/texlive/texmf-dist/tex/latex/datatool/datatool.sty
Package: datatool 2009/11/15 v2.03 (NLCT)

(/usr/share/texlive/texmf-dist/tex/latex/xkeyval/xkeyval.sty
Package: xkeyval 2008/08/13 v2.6a package option processing (HA)

(/usr/share/texlive/texmf-dist/tex/generic/xkeyval/xkeyval.tex
\XKV@toks=\toks27
\XKV@tempa@toks=\toks28
\XKV@depth=\count129
File: xkeyval.tex 2008/08/13 v2.6a key=value parser (HA)
))
(/usr/share/texlive/texmf-dist/tex/latex/base/ifthen.sty
Package: ifthen 2001/05/26 v1.1c Standard LaTeX ifthen package (DPC)
)
(/usr/share/texlive/texmf-dist/tex/latex/xfor/xfor.sty
Package: xfor 2009/02/05 v1.05 (NLCT)
)
(/usr/share/texlive/texmf-dist/tex/latex/fp/fp.sty
Package: fp 1995/04/02

`Fixed Point Package', Version 0.8, April 2, 1995 (C) Michael Mehlich
(/usr/share/texlive/texmf-dist/tex/latex/fp/defpattern.sty
Package: defpattern 1994/10/12
\actioncount=\count130
)
(/usr/share/texlive/texmf-dist/tex/latex/fp/fp-basic.sty
Package: fp-basic 1996/05/13
\FP@xs=\count131
\FP@xia=\count132
\FP@xib=\count133
\FP@xfa=\count134
\FP@xfb=\count135
\FP@rega=\count136
\FP@regb=\count137
\FP@regs=\count138
\FP@times=\count139
)
(/usr/share/texlive/texmf-dist/tex/latex/fp/fp-addons.sty
Package: fp-addons 1995/03/15
)
(/usr/share/texlive/texmf-dist/tex/latex/fp/fp-snap.sty
Package: fp-snap 1995/04/05
)
(/usr/share/texlive/texmf-dist/tex/latex/fp/fp-exp.sty
Package: fp-exp 1995/04/03
)
(/usr/share/texlive/texmf-dist/tex/latex/fp/fp-trigo.sty
Package: fp-trigo 1995/04/14
)
(/usr/share/texlive/texmf-dist/tex/latex/fp/fp-pas.sty
Package: fp-pas 1994/08/29
)
(/usr/share/texlive/texmf-dist/tex/latex/fp/fp-random.sty
Package: fp-random 1995/02/23
\FPseed=\count140
)
(/usr/share/texlive/texmf-dist/tex/latex/fp/fp-eqn.sty
Package: fp-eqn 1995/04/03
)
(/usr/share/texlive/texmf-dist/tex/latex/fp/fp-upn.sty
Package: fp-upn 1996/10/21
)
(/usr/share/texlive/texmf-dist/tex/latex/fp/fp-eval.sty
Package: fp-eval 1995/04/03
))
(/usr/share/texlive/texmf-dist/tex/latex/substr/substr.sty
Package: substr 2009/10/20 v1.2 Handle substrings
\c@su@anzahl=\count141
)
(/usr/share/texlive/texmf-dist/tex/latex/etex-pkg/etex.sty
Package: etex 1998/03/26 v2.0 eTeX basic definition package (PEB)
\et@xins=\count142
)
\@dtl@datatype=\count143
\@dtl@tmpcount=\count144
\dtl@tmplength=\skip94
\@dtl@numgrpsepcount=\count145
\dtl@codeA=\count146
\dtl@codeB=\count147
\dtlcolumnnum=\count148
\dtlrownum=\count149
\@dtl@before=\toks29
\@dtl@after=\toks30
\@dtl@colhead=\toks31
\dtlcurrentrow=\toks32
\dtlbeforerow=\toks33
\dtlafterrow=\toks34
\@dtl@foreach@level=\count150
\dtlforeachlevel=\count151
\c@DTLrowi=\count152
\c@DTLrowii=\count153
\c@DTLrowiii=\count154
\c@DTLrow=\count155
\dtl@rowi=\count156
\dtl@rowii=\count157
\dtl@rowiii=\count158
\@dtl@curi=\toks35
\@dtl@previ=\toks36
\@dtl@nexti=\toks37
\@dtl@curii=\toks38
\@dtl@previi=\toks39
\@dtl@nextii=\toks40
\@dtl@curiii=\toks41
\@dtl@previii=\toks42
\@dtl@nextiii=\toks43
\@dtl@elements=\count159
\@dtl@list=\toks44
\@dtl@rowa=\toks45
\@dtl@rowb=\toks46
\@dtl@toksA=\toks47
\@dtl@toksB=\toks48
\@dtl@toks=\toks49
\@dtl@write=\write3
\@dtl@read=\read1
\dtl@entrycr=\count160
\dtl@sortresult=\count161
)
(/usr/share/texlive/texmf-dist/tex/latex/oberdiek/epstopdf.sty
Package: epstopdf 2010/02/09 v2.5 Conversion with epstopdf on the fly (HO)

(/usr/share/texlive/texmf-dist/tex/latex/oberdiek/epstopdf-base.sty
Package: epstopdf-base 2010/02/09 v2.5 Base part for package epstopdf

(/usr/share/texlive/texmf-dist/tex/latex/oberdiek/grfext.sty
Package: grfext 2010/08/19 v1.1 Manage graphics extensions (HO)

(/usr/share/texlive/texmf-dist/tex/generic/oberdiek/kvdefinekeys.sty
Package: kvdefinekeys 2011/04/07 v1.3 Define keys (HO)
))
(/usr/share/texlive/texmf-dist/tex/latex/oberdiek/kvoptions.sty
Package: kvoptions 2011/06/30 v3.11 Key value format for package options (HO)

(/usr/share/texlive/texmf-dist/tex/generic/oberdiek/kvsetkeys.sty
Package: kvsetkeys 2012/04/25 v1.16 Key value parser (HO)

(/usr/share/texlive/texmf-dist/tex/generic/oberdiek/etexcmds.sty
Package: etexcmds 2011/02/16 v1.5 Avoid name clashes with e-TeX commands (HO)

(/usr/share/texlive/texmf-dist/tex/generic/oberdiek/ifluatex.sty
Package: ifluatex 2010/03/01 v1.3 Provides the ifluatex switch (HO)
Package ifluatex Info: LuaTeX not detected.
)
Package etexcmds Info: Could not find \expanded.
(etexcmds)             That can mean that you are not using pdfTeX 1.50 or
(etexcmds)             that some package has redefined \expanded.
(etexcmds)             In the latter case, load this package earlier.
)))
(/usr/share/texlive/texmf-dist/tex/generic/oberdiek/pdftexcmds.sty
Package: pdftexcmds 2011/11/29 v0.20 Utility functions of pdfTeX for LuaTeX (HO
)
Package pdftexcmds Info: LuaTeX not detected.
Package pdftexcmds Info: \pdf@primitive is available.
Package pdftexcmds Info: \pdf@ifprimitive is available.
Package pdftexcmds Info: \pdfdraftmode found.
)
Package grfext Info: Graphics extension search list:
(grfext)             [.png,.pdf,.jpg,.mps,.jpeg,.jbig2,.jb2,.PNG,.PDF,.JPG,.JPE
G,.JBIG2,.JB2,.eps]
(grfext)             \AppendGraphicsExtensions on input line 452.

(/usr/share/texlive/texmf-dist/tex/latex/latexconfig/epstopdf-sys.cfg
File: epstopdf-sys.cfg 2010/07/13 v1.3 Configuration of (r)epstopdf for TeX Liv
e
)))
Package epstopdf-base Info: Redefining graphics rule for `.eps' on input line 2
79.

(/usr/share/texlive/texmf-dist/tex/latex/lastpage/lastpage.sty
Package: lastpage 2011/09/01 v1.2k Refers to last page's name (HMM; JPG)
)
(/usr/share/texlive/texmf-dist/tex/latex/koma-script/scrpage2.sty
Package: scrpage2 2010/04/22 v2.5 LaTeX2e KOMA-Script package
)
(/usr/local/share/texmf/tex/latex/tcolorbox/tcolorbox.sty
Package: tcolorbox 2015/11/27 version 3.80 text color boxes

(/usr/share/texmf/tex/latex/pgf/basiclayer/pgf.sty
(/usr/share/texmf/tex/latex/pgf/utilities/pgfrcs.sty
(/usr/share/texmf/tex/generic/pgf/utilities/pgfutil-common.tex
\pgfutil@everybye=\toks50
)
(/usr/share/texmf/tex/generic/pgf/utilities/pgfutil-latex.def
\pgfutil@abb=\box33

(/usr/share/texlive/texmf-dist/tex/latex/ms/everyshi.sty
Package: everyshi 2001/05/15 v3.00 EveryShipout Package (MS)
))
(/usr/share/texmf/tex/generic/pgf/utilities/pgfrcs.code.tex
Package: pgfrcs 2010/10/25 v2.10 (rcs-revision 1.24)
))
Package: pgf 2008/01/15 v2.10 (rcs-revision 1.12)

(/usr/share/texmf/tex/latex/pgf/basiclayer/pgfcore.sty
(/usr/share/texmf/tex/latex/pgf/systemlayer/pgfsys.sty
(/usr/share/texmf/tex/generic/pgf/systemlayer/pgfsys.code.tex
Package: pgfsys 2010/06/30 v2.10 (rcs-revision 1.37)

(/usr/share/texmf/tex/generic/pgf/utilities/pgfkeys.code.tex
\pgfkeys@pathtoks=\toks51
\pgfkeys@temptoks=\toks52

(/usr/share/texmf/tex/generic/pgf/utilities/pgfkeysfiltered.code.tex
\pgfkeys@tmptoks=\toks53
))
\pgf@x=\dimen140
\pgf@y=\dimen141
\pgf@xa=\dimen142
\pgf@ya=\dimen143
\pgf@xb=\dimen144
\pgf@yb=\dimen145
\pgf@xc=\dimen146
\pgf@yc=\dimen147
\w@pgf@writea=\write4
\r@pgf@reada=\read2
\c@pgf@counta=\count162
\c@pgf@countb=\count163
\c@pgf@countc=\count164
\c@pgf@countd=\count165

(/usr/share/texmf/tex/generic/pgf/systemlayer/pgf.cfg
File: pgf.cfg 2008/05/14  (rcs-revision 1.7)
)
Package pgfsys Info: Driver file for pgf: pgfsys-pdftex.def on input line 900.

(/usr/share/texmf/tex/generic/pgf/systemlayer/pgfsys-pdftex.def
File: pgfsys-pdftex.def 2009/05/22  (rcs-revision 1.26)

(/usr/share/texmf/tex/generic/pgf/systemlayer/pgfsys-common-pdf.def
File: pgfsys-common-pdf.def 2008/05/19  (rcs-revision 1.10)
)))
(/usr/share/texmf/tex/generic/pgf/systemlayer/pgfsyssoftpath.code.tex
File: pgfsyssoftpath.code.tex 2008/07/18  (rcs-revision 1.7)
\pgfsyssoftpath@smallbuffer@items=\count166
\pgfsyssoftpath@bigbuffer@items=\count167
)
(/usr/share/texmf/tex/generic/pgf/systemlayer/pgfsysprotocol.code.tex
File: pgfsysprotocol.code.tex 2006/10/16  (rcs-revision 1.4)
))
(/usr/share/texmf/tex/generic/pgf/basiclayer/pgfcore.code.tex
Package: pgfcore 2010/04/11 v2.10 (rcs-revision 1.7)

(/usr/share/texmf/tex/generic/pgf/math/pgfmath.code.tex
(/usr/share/texmf/tex/generic/pgf/math/pgfmathcalc.code.tex
(/usr/share/texmf/tex/generic/pgf/math/pgfmathutil.code.tex)
(/usr/share/texmf/tex/generic/pgf/math/pgfmathparser.code.tex
\pgfmath@dimen=\dimen148
\pgfmath@count=\count168
\pgfmath@box=\box34
\pgfmath@toks=\toks54
\pgfmath@stack@operand=\toks55
\pgfmath@stack@operation=\toks56
)
(/usr/share/texmf/tex/generic/pgf/math/pgfmathfunctions.code.tex
(/usr/share/texmf/tex/generic/pgf/math/pgfmathfunctions.basic.code.tex)
(/usr/share/texmf/tex/generic/pgf/math/pgfmathfunctions.trigonometric.code.tex)
(/usr/share/texmf/tex/generic/pgf/math/pgfmathfunctions.random.code.tex)
(/usr/share/texmf/tex/generic/pgf/math/pgfmathfunctions.comparison.code.tex)
(/usr/share/texmf/tex/generic/pgf/math/pgfmathfunctions.base.code.tex)
(/usr/share/texmf/tex/generic/pgf/math/pgfmathfunctions.round.code.tex)
(/usr/share/texmf/tex/generic/pgf/math/pgfmathfunctions.misc.code.tex)))
(/usr/share/texmf/tex/generic/pgf/math/pgfmathfloat.code.tex
\c@pgfmathroundto@lastzeros=\count169
))
(/usr/share/texmf/tex/generic/pgf/basiclayer/pgfcorepoints.code.tex
File: pgfcorepoints.code.tex 2010/04/09  (rcs-revision 1.20)
\pgf@picminx=\dimen149
\pgf@picmaxx=\dimen150
\pgf@picminy=\dimen151
\pgf@picmaxy=\dimen152
\pgf@pathminx=\dimen153
\pgf@pathmaxx=\dimen154
\pgf@pathminy=\dimen155
\pgf@pathmaxy=\dimen156
\pgf@xx=\dimen157
\pgf@xy=\dimen158
\pgf@yx=\dimen159
\pgf@yy=\dimen160
\pgf@zx=\dimen161
\pgf@zy=\dimen162
)
(/usr/share/texmf/tex/generic/pgf/basiclayer/pgfcorepathconstruct.code.tex
File: pgfcorepathconstruct.code.tex 2010/08/03  (rcs-revision 1.24)
\pgf@path@lastx=\dimen163
\pgf@path@lasty=\dimen164
)
(/usr/share/texmf/tex/generic/pgf/basiclayer/pgfcorepathusage.code.tex
File: pgfcorepathusage.code.tex 2008/04/22  (rcs-revision 1.12)
\pgf@shorten@end@additional=\dimen165
\pgf@shorten@start@additional=\dimen166
)
(/usr/share/texmf/tex/generic/pgf/basiclayer/pgfcorescopes.code.tex
File: pgfcorescopes.code.tex 2010/09/08  (rcs-revision 1.34)
\pgfpic=\box35
\pgf@hbox=\box36
\pgf@layerbox@main=\box37
\pgf@picture@serial@count=\count170
)
(/usr/share/texmf/tex/generic/pgf/basiclayer/pgfcoregraphicstate.code.tex
File: pgfcoregraphicstate.code.tex 2008/04/22  (rcs-revision 1.9)
\pgflinewidth=\dimen167
)
(/usr/share/texmf/tex/generic/pgf/basiclayer/pgfcoretransformations.code.tex
File: pgfcoretransformations.code.tex 2009/06/10  (rcs-revision 1.11)
\pgf@pt@x=\dimen168
\pgf@pt@y=\dimen169
\pgf@pt@temp=\dimen170
)
(/usr/share/texmf/tex/generic/pgf/basiclayer/pgfcorequick.code.tex
File: pgfcorequick.code.tex 2008/10/09  (rcs-revision 1.3)
)
(/usr/share/texmf/tex/generic/pgf/basiclayer/pgfcoreobjects.code.tex
File: pgfcoreobjects.code.tex 2006/10/11  (rcs-revision 1.2)
)
(/usr/share/texmf/tex/generic/pgf/basiclayer/pgfcorepathprocessing.code.tex
File: pgfcorepathprocessing.code.tex 2008/10/09  (rcs-revision 1.8)
)
(/usr/share/texmf/tex/generic/pgf/basiclayer/pgfcorearrows.code.tex
File: pgfcorearrows.code.tex 2008/04/23  (rcs-revision 1.11)
)
(/usr/share/texmf/tex/generic/pgf/basiclayer/pgfcoreshade.code.tex
File: pgfcoreshade.code.tex 2008/11/23  (rcs-revision 1.13)
\pgf@max=\dimen171
\pgf@sys@shading@range@num=\count171
)
(/usr/share/texmf/tex/generic/pgf/basiclayer/pgfcoreimage.code.tex
File: pgfcoreimage.code.tex 2010/03/25  (rcs-revision 1.16)

(/usr/share/texmf/tex/generic/pgf/basiclayer/pgfcoreexternal.code.tex
File: pgfcoreexternal.code.tex 2010/09/01  (rcs-revision 1.17)
\pgfexternal@startupbox=\box38
))
(/usr/share/texmf/tex/generic/pgf/basiclayer/pgfcorelayers.code.tex
File: pgfcorelayers.code.tex 2010/08/27  (rcs-revision 1.2)
)
(/usr/share/texmf/tex/generic/pgf/basiclayer/pgfcoretransparency.code.tex
File: pgfcoretransparency.code.tex 2008/01/17  (rcs-revision 1.2)
)
(/usr/share/texmf/tex/generic/pgf/basiclayer/pgfcorepatterns.code.tex
File: pgfcorepatterns.code.tex 2009/07/02  (rcs-revision 1.3)
)))
(/usr/share/texmf/tex/generic/pgf/modules/pgfmoduleshapes.code.tex
File: pgfmoduleshapes.code.tex 2010/09/09  (rcs-revision 1.13)
\pgfnodeparttextbox=\box39
)
(/usr/share/texmf/tex/generic/pgf/modules/pgfmoduleplot.code.tex
File: pgfmoduleplot.code.tex 2010/10/22  (rcs-revision 1.8)
)
(/usr/share/texmf/tex/latex/pgf/compatibility/pgfcomp-version-0-65.sty
Package: pgfcomp-version-0-65 2007/07/03 v2.10 (rcs-revision 1.7)
\pgf@nodesepstart=\dimen172
\pgf@nodesepend=\dimen173
)
(/usr/share/texmf/tex/latex/pgf/compatibility/pgfcomp-version-1-18.sty
Package: pgfcomp-version-1-18 2007/07/23 v2.10 (rcs-revision 1.1)
))
(/usr/share/texlive/texmf-dist/tex/latex/tools/verbatim.sty
Package: verbatim 2003/08/22 v1.5q LaTeX2e package for verbatim enhancements
\every@verbatim=\toks57
\verbatim@line=\toks58
\verbatim@in@stream=\read3
)
(/usr/share/texlive/texmf-dist/tex/latex/environ/environ.sty
Package: environ 2008/06/18 v0.2 A new way to define environments
)

LaTeX Warning: You have requested, on input line 26, version
               `2013/04/01' of package environ,
               but only version
               `2008/06/18 v0.2 A new way to define environments'
               is available.

(/usr/share/texlive/texmf-dist/tex/latex/etoolbox/etoolbox.sty
Package: etoolbox 2011/01/03 v2.1 e-TeX tools for LaTeX
\etb@tempcnta=\count172
)
\tcb@titlebox=\box40
\tcb@upperbox=\box41
\tcb@lowerbox=\box42
\tcb@phantombox=\box43
\c@tcbbreakpart=\count173
\c@tcblayer=\count174
\tcolorbox@number=\count175
\tcb@temp=\box44
\tcb@temp=\box45
\tcb@temp=\box46
\tcb@temp=\box47
\tcb@out=\write5
\tcb@record@out=\write6
)
(/usr/local/share/texmf/tex/latex/tcolorbox/tcbraster.code.tex
Library (tcolorbox): 'tcbraster.code.tex' version '3.80'
\c@tcbrastercolumn=\count176
\c@tcbrasterrow=\count177
\c@tcbraster=\count178
) (/usr/local/share/texmf/tex/latex/tcolorbox/tcbskins.code.tex
Library (tcolorbox): 'tcbskins.code.tex' version '3.80'
(/usr/share/texmf/tex/latex/pgf/frontendlayer/tikz.sty
(/usr/share/texmf/tex/latex/pgf/utilities/pgffor.sty
(/usr/share/texmf/tex/latex/pgf/utilities/pgfkeys.sty
(/usr/share/texmf/tex/generic/pgf/utilities/pgfkeys.code.tex))
(/usr/share/texmf/tex/generic/pgf/utilities/pgffor.code.tex
Package: pgffor 2010/03/23 v2.10 (rcs-revision 1.18)
\pgffor@iter=\dimen174
\pgffor@skip=\dimen175
\pgffor@stack=\toks59
\pgffor@toks=\toks60
))
(/usr/share/texmf/tex/generic/pgf/frontendlayer/tikz/tikz.code.tex
Package: tikz 2010/10/13 v2.10 (rcs-revision 1.76)

(/usr/share/texmf/tex/generic/pgf/libraries/pgflibraryplothandlers.code.tex
File: pgflibraryplothandlers.code.tex 2010/05/31 v2.10 (rcs-revision 1.15)
\pgf@plot@mark@count=\count179
\pgfplotmarksize=\dimen176
)
\tikz@lastx=\dimen177
\tikz@lasty=\dimen178
\tikz@lastxsaved=\dimen179
\tikz@lastysaved=\dimen180
\tikzleveldistance=\dimen181
\tikzsiblingdistance=\dimen182
\tikz@figbox=\box48
\tikz@tempbox=\box49
\tikztreelevel=\count180
\tikznumberofchildren=\count181
\tikznumberofcurrentchild=\count182
\tikz@fig@count=\count183

(/usr/share/texmf/tex/generic/pgf/modules/pgfmodulematrix.code.tex
File: pgfmodulematrix.code.tex 2010/08/24  (rcs-revision 1.4)
\pgfmatrixcurrentrow=\count184
\pgfmatrixcurrentcolumn=\count185
\pgf@matrix@numberofcolumns=\count186
)
\tikz@expandcount=\count187

(/usr/share/texmf/tex/generic/pgf/frontendlayer/tikz/libraries/tikzlibrarytopat
hs.code.tex
File: tikzlibrarytopaths.code.tex 2008/06/17 v2.10 (rcs-revision 1.2)
)))
\tcb@waterbox=\box50

(/usr/local/share/texmf/tex/latex/tcolorbox/tcbskinsjigsaw.code.tex
Library (tcolorbox): 'tcbskinsjigsaw.code.tex' version '3.80'
)) (/usr/local/share/texmf/tex/latex/tcolorbox/tcbbreakable.code.tex
Library (tcolorbox): 'tcbbreakable.code.tex' version '3.80'
\tcb@testbox=\box51
\tcb@totalupperbox=\box52
\tcb@totallowerbox=\box53
) (/usr/local/share/texmf/tex/latex/tcolorbox/tcbhooks.code.tex
Library (tcolorbox): 'tcbhooks.code.tex' version '3.80'
) (/usr/local/share/texmf/tex/latex/tcolorbox/tcbtheorems.code.tex
Library (tcolorbox): 'tcbtheorems.code.tex' version '3.80'
) (/usr/local/share/texmf/tex/latex/tcolorbox/tcbfitting.code.tex
Library (tcolorbox): 'tcbfitting.code.tex' version '3.80'
\tcbfitdim=\dimen183
\tcb@lowerfitdim=\dimen184
\tcb@upperfitdim=\dimen185
\tcb@cur@hbadness=\count188
) (/usr/local/share/texmf/tex/latex/tcolorbox/tcbxparse.code.tex
Library (tcolorbox): 'tcbxparse.code.tex' version '3.80'
(/usr/share/texlive/texmf-dist/tex/latex/l3packages/xparse/xparse.sty
(/usr/share/texlive/texmf-dist/tex/latex/l3kernel/expl3.sty
(/usr/share/texlive/texmf-dist/tex/latex/l3kernel/l3names.sty
(/usr/share/texlive/texmf-dist/tex/latex/l3kernel/l3bootstrap.sty
Package: l3bootstrap 2011/12/29 v3110 L3 Experimental bootstrap code
)
Package: l3names 2012/03/04 v3494 L3 Experimental namespace for primitives
)
Package: expl3 2012/04/23 v3570 L3 Experimental code bundle wrapper

(/usr/share/texlive/texmf-dist/tex/latex/l3kernel/l3basics.sty
Package: l3basics 2012/03/04 v3491 L3 Experimental basic definitions
)
(/usr/share/texlive/texmf-dist/tex/latex/l3kernel/l3expan.sty
Package: l3expan 2012/02/26 v3460 L3 Experimental argument expansion
)
(/usr/share/texlive/texmf-dist/tex/latex/l3kernel/l3tl.sty
Package: l3tl 2012/03/04 v3490 L3 Experimental token lists
)
(/usr/share/texlive/texmf-dist/tex/latex/l3kernel/l3seq.sty
Package: l3seq 2012/03/04 v3490 L3 Experimental sequences and stacks
)
(/usr/share/texlive/texmf-dist/tex/latex/l3kernel/l3int.sty
Package: l3int 2012/03/04 v3490 L3 Experimental integers
\c_max_int=\count189
\l_tmpa_int=\count190
\l_tmpb_int=\count191
\l_tmpc_int=\count192
\g_tmpa_int=\count193
\g_tmpb_int=\count194
)
(/usr/share/texlive/texmf-dist/tex/latex/l3kernel/l3quark.sty
Package: l3quark 2012/02/12 v3384 L3 Experimental quarks
)
(/usr/share/texlive/texmf-dist/tex/latex/l3kernel/l3prg.sty
Package: l3prg 2012/03/04 v3490 L3 Experimental control structures
\g_prg_map_int=\count195
)
(/usr/share/texlive/texmf-dist/tex/latex/l3kernel/l3clist.sty
Package: l3clist 2012/03/04 v3490 L3 Experimental comma separated lists
)
(/usr/share/texlive/texmf-dist/tex/latex/l3kernel/l3token.sty
Package: l3token 2012/03/04 v3491 L3 Experimental token manipulation
)
(/usr/share/texlive/texmf-dist/tex/latex/l3kernel/l3prop.sty
Package: l3prop 2012/03/04 v3490 L3 Experimental property lists
)
(/usr/share/texlive/texmf-dist/tex/latex/l3kernel/l3msg.sty
Package: l3msg 2012/04/23 v3568 L3 Experimental messages
)
(/usr/share/texlive/texmf-dist/tex/latex/l3kernel/l3file.sty
Package: l3file 2012/03/09 v3520 L3 Experimental file and I/O operations
\l_iow_stream_int=\count196
\l_iow_line_length_int=\count197
\l_iow_target_length_int=\count198
\l_iow_current_line_int=\count199
\l_iow_current_word_int=\count200
\l_iow_current_indentation_int=\count201
)
(/usr/share/texlive/texmf-dist/tex/latex/l3kernel/l3skip.sty
Package: l3skip 2012/03/05 v3499 L3 Experimental dimensions and skips
\l_tmpa_dim=\dimen186
\l_tmpb_dim=\dimen187
\l_tmpc_dim=\dimen188
\g_tmpa_dim=\dimen189
\g_tmpb_dim=\dimen190
\l_tmpa_skip=\skip95
\l_tmpb_skip=\skip96
\l_tmpc_skip=\skip97
\g_tmpa_skip=\skip98
\g_tmpb_skip=\skip99
)
(/usr/share/texlive/texmf-dist/tex/latex/l3kernel/l3keys.sty
Package: l3keys 2012/03/03 v3487 L3 Experimental key-value interfaces
Normal \count register pool exhausted, switching to extended pool.
\g_keyval_level_int=\count277
\l_keys_choice_int=\count278
)
(/usr/share/texlive/texmf-dist/tex/latex/l3kernel/l3fp.sty
Package: l3fp 2012/03/04 v3490 L3 Experimental floating-point operations
\c_one_million=\count279
\c_one_hundred_million=\count280
\c_five_hundred_million=\count281
\c_one_thousand_million=\count282
\c_fp_pi_by_four_decimal_int=\count283
\c_fp_pi_by_four_extended_int=\count284
\c_fp_pi_decimal_int=\count285
\c_fp_pi_extended_int=\count286
\c_fp_two_pi_decimal_int=\count287
\c_fp_two_pi_extended_int=\count288
\l_fp_count_int=\count289
\l_fp_div_offset_int=\count290
\l_fp_exp_integer_int=\count291
\l_fp_exp_decimal_int=\count292
\l_fp_exp_extended_int=\count293
\l_fp_exp_exponent_int=\count294
\l_fp_input_a_sign_int=\count295
\l_fp_input_a_integer_int=\count296
\l_fp_input_a_decimal_int=\count297
\l_fp_input_a_exponent_int=\count298
\l_fp_input_b_sign_int=\count299
\l_fp_input_b_integer_int=\count300
\l_fp_input_b_decimal_int=\count301
\l_fp_input_b_exponent_int=\count302
\l_fp_input_a_extended_int=\count303
\l_fp_input_b_extended_int=\count304
\l_fp_mul_a_i_int=\count305
\l_fp_mul_a_ii_int=\count306
\l_fp_mul_a_iii_int=\count307
\l_fp_mul_a_iv_int=\count308
\l_fp_mul_a_v_int=\count309
\l_fp_mul_a_vi_int=\count310
\l_fp_mul_b_i_int=\count311
\l_fp_mul_b_ii_int=\count312
\l_fp_mul_b_iii_int=\count313
\l_fp_mul_b_iv_int=\count314
\l_fp_mul_b_v_int=\count315
\l_fp_mul_b_vi_int=\count316
\l_fp_mul_output_int=\count317
\l_fp_output_sign_int=\count318
\l_fp_output_integer_int=\count319
\l_fp_output_decimal_int=\count320
\l_fp_output_exponent_int=\count321
\l_fp_output_extended_int=\count322
\l_fp_round_position_int=\count323
\l_fp_round_target_int=\count324
\l_fp_split_sign_int=\count325
\l_fp_internal_int=\count326
\l_fp_trig_octant_int=\count327
\l_fp_trig_sign_int=\count328
\l_fp_trig_decimal_int=\count329
\l_fp_trig_extended_int=\count330
\l_fp_internal_dim=\dimen191
\l_fp_internal_skip=\skip100
)
(/usr/share/texlive/texmf-dist/tex/latex/l3kernel/l3box.sty
Package: l3box 2012/03/04 v3490 L3 Experimental boxes
\l_tmpb_box=\box54
\l_box_top_dim=\dimen192
\l_box_bottom_dim=\dimen193
\l_box_left_dim=\dimen194
\l_box_right_dim=\dimen195
\l_box_top_new_dim=\dimen196
\l_box_bottom_new_dim=\dimen197
\l_box_left_new_dim=\dimen198
\l_box_right_new_dim=\dimen199
\l_box_internal_box=\box55
)
(/usr/share/texlive/texmf-dist/tex/latex/l3kernel/l3coffins.sty
Package: l3coffins 2012/03/03 v3482 L3 Experimental coffin code layer
\l_coffin_internal_box=\box56
\l_coffin_internal_dim=\dimen200
\l_coffin_offset_x_dim=\dimen201
Normal \dimen register pool exhausted, switching to extended pool.
\l_coffin_offset_y_dim=\dimen256
\l_coffin_x_dim=\dimen257
\l_coffin_y_dim=\dimen258
\l_coffin_x_prime_dim=\dimen259
\l_coffin_y_prime_dim=\dimen260
\l_coffin_Depth_dim=\dimen261
\l_coffin_Height_dim=\dimen262
\l_coffin_TotalHeight_dim=\dimen263
\l_coffin_Width_dim=\dimen264
\c_empty_coffin=\box57
\l_coffin_aligned_coffin=\box58
\l_coffin_aligned_internal_coffin=\box59
\l_coffin_bounding_shift_dim=\dimen265
\l_coffin_left_corner_dim=\dimen266
\l_coffin_right_corner_dim=\dimen267
\l_coffin_bottom_corner_dim=\dimen268
\l_coffin_top_corner_dim=\dimen269
\l_coffin_scaled_total_height_dim=\dimen270
\l_coffin_scaled_width_dim=\dimen271
\l_coffin_display_coffin=\box60
\l_coffin_display_coord_coffin=\box61
\l_coffin_display_pole_coffin=\box62
\l_coffin_display_offset_dim=\dimen272
\l_coffin_display_x_dim=\dimen273
\l_coffin_display_y_dim=\dimen274
)
(/usr/share/texlive/texmf-dist/tex/latex/l3kernel/l3color.sty
Package: l3color 2011/09/07 v2776 L3 Experimental colour support
)
(/usr/share/texlive/texmf-dist/tex/latex/l3kernel/l3luatex.sty
Package: l3luatex 2012/02/09 v3355 L3 Experimental LuaTeX-specific functions
\g_cctab_allocate_int=\count331
\g_cctab_stack_int=\count332
))
Package: xparse 2012/04/23 v3570 L3 Experimental document command parser
\l_xparse_current_arg_int=\count333
\l_xparse_m_args_int=\count334
\l_xparse_mandatory_args_int=\count335
\l_xparse_processor_int=\count336
\l_xparse_v_nesting_int=\count337
)

LaTeX Warning: You have requested, on input line 23, version
               `2013/12/31' of package xparse,
               but only version
               `2012/04/23 v3570 L3 Experimental document command parser'
               is available.

.................................................
. LaTeX info: "xparse/define-command"
. 
. Defining document command \tcboxverb with arg. spec. ' O{} v ' on line 128.
.................................................
.................................................
. LaTeX info: "xparse/define-command"
. 
. Defining document command \tcbsidebyside with arg. spec. ' +O{} +m +m ' on
. line 280.
.................................................
) (/usr/share/texlive/texmf-dist/tex/latex/url/url.sty
\Urlmuskip=\muskip11
Package: url 2006/04/12  ver 3.3  Verb mode for urls, etc.
)
(/usr/share/texlive/texmf-dist/tex/latex/natbib/natbib.sty
Package: natbib 2010/09/13 8.31b (PWD, AO)
\bibhang=\skip101
\bibsep=\skip102
LaTeX Info: Redefining \cite on input line 694.
\c@NAT@ctr=\count338
))
(/usr/share/texlive/texmf-dist/tex/latex/placeins/placeins.sty
Package: placeins 2005/04/18  v 2.2
)
(/usr/share/texlive/texmf-dist/tex/latex/caption/subcaption.sty
Package: subcaption 2012/01/12 v1.1d Sub-captions (AR)
\c@subfigure=\count339
\c@subtable=\count340
) (./main.aux)
\openout1 = `main.aux'.

LaTeX Font Info:    Checking defaults for OML/cmm/m/it on input line 12.
LaTeX Font Info:    ... okay on input line 12.
LaTeX Font Info:    Checking defaults for T1/cmr/m/n on input line 12.
LaTeX Font Info:    ... okay on input line 12.
LaTeX Font Info:    Checking defaults for OT1/cmr/m/n on input line 12.
LaTeX Font Info:    ... okay on input line 12.
LaTeX Font Info:    Checking defaults for OMS/cmsy/m/n on input line 12.
LaTeX Font Info:    ... okay on input line 12.
LaTeX Font Info:    Checking defaults for OMX/cmex/m/n on input line 12.
LaTeX Font Info:    ... okay on input line 12.
LaTeX Font Info:    Checking defaults for U/cmr/m/n on input line 12.
LaTeX Font Info:    ... okay on input line 12.
LaTeX Font Info:    Try loading font information for T1+lmr on input line 12.

(/usr/share/texmf/tex/latex/lm/t1lmr.fd
File: t1lmr.fd 2009/10/30 v1.6 Font defs for Latin Modern
)
*geometry* driver: auto-detecting
*geometry* detected driver: pdftex
*geometry* verbose mode - [ preamble ] result:
* driver: pdftex
* paper: a4paper
* layout: <same size as paper>
* layoutoffset:(h,v)=(0.0pt,0.0pt)
* modes: twoside 
* h-part:(L,W,R)=(113.81102pt, 355.65945pt, 128.0374pt)
* v-part:(T,H,B)=(113.81102pt, 603.19843pt, 128.0374pt)
* \paperwidth=597.50787pt
* \paperheight=845.04684pt
* \textwidth=355.65945pt
* \textheight=603.19843pt
* \oddsidemargin=41.54103pt
* \evensidemargin=55.76741pt
* \topmargin=4.54103pt
* \headheight=12.0pt
* \headsep=25.0pt
* \topskip=11.0pt
* \footskip=30.0pt
* \marginparwidth=103.0pt
* \marginparsep=10.0pt
* \columnsep=10.0pt
* \skip\footins=10.0pt plus 4.0pt minus 2.0pt
* \hoffset=0.0pt
* \voffset=0.0pt
* \mag=1000
* \@twocolumnfalse
* \@twosidetrue
* \@mparswitchtrue
* \@reversemarginfalse
* (1in=72.27pt=25.4mm, 1cm=28.453pt)

(/usr/share/texlive/texmf-dist/tex/context/base/supp-pdf.mkii
[Loading MPS to PDF converter (version 2006.09.02).]
\scratchcounter=\count341
\scratchdimen=\dimen275
\scratchbox=\box63
\nofMPsegments=\count342
\nofMParguments=\count343
\everyMPshowfont=\toks61
\MPscratchCnt=\count344
\MPscratchDim=\dimen276
\MPnumerator=\count345
\makeMPintoPDFobject=\count346
\everyMPtoPDFconversion=\toks62
)
Package caption Info: Begin \AtBeginDocument code.
Package caption Info: listings package is loaded.
Package caption Info: End \AtBeginDocument code.
\c@lstlisting=\count347
Package lastpage Info: Please have a look at the pageslts package at
(lastpage)             http://www.ctan.org/tex-archive/ 
(lastpage)             macros/latex/contrib/pageslts/ 
(lastpage)             or
(lastpage)             http://www.ctan.org/tex-archive/ 
(lastpage)             install/macros/latex/contrib/pageslts.tds.zip
(lastpage)             ! on input line 12.


Package scrpage2 Warning: seems you are using a constant headheight.
(scrpage2)                If you get overfull \vbox warnings at almost every
(scrpage2)                page, you should increase headheight e.g. writing
(scrpage2)                 \setlength{\headheight}{1.1\baselineskip}
(scrpage2)                into the preamble of your document.
(scrpage2)                A better solution would be to use typearea package.

ABD: EveryShipout initializing macros
LaTeX Font Info:    Try loading font information for OT1+lmr on input line 14.
 (/usr/share/texmf/tex/latex/lm/ot1lmr.fd
File: ot1lmr.fd 2009/10/30 v1.6 Font defs for Latin Modern
)
LaTeX Font Info:    Try loading font information for OML+lmm on input line 14.
(/usr/share/texmf/tex/latex/lm/omllmm.fd
File: omllmm.fd 2009/10/30 v1.6 Font defs for Latin Modern
)
LaTeX Font Info:    Try loading font information for OMS+lmsy on input line 14.


(/usr/share/texmf/tex/latex/lm/omslmsy.fd
File: omslmsy.fd 2009/10/30 v1.6 Font defs for Latin Modern
)
LaTeX Font Info:    Try loading font information for OMX+lmex on input line 14.


(/usr/share/texmf/tex/latex/lm/omxlmex.fd
File: omxlmex.fd 2009/10/30 v1.6 Font defs for Latin Modern
)
LaTeX Font Info:    External font `lmex10' loaded for size
(Font)              <12> on input line 14.
LaTeX Font Info:    External font `lmex10' loaded for size
(Font)              <8> on input line 14.
LaTeX Font Info:    External font `lmex10' loaded for size
(Font)              <6> on input line 14.
LaTeX Font Info:    Try loading font information for U+msa on input line 14.

(/usr/share/texlive/texmf-dist/tex/latex/amsfonts/umsa.fd
File: umsa.fd 2009/06/22 v3.00 AMS symbols A
)
LaTeX Font Info:    Try loading font information for U+msb on input line 14.

(/usr/share/texlive/texmf-dist/tex/latex/amsfonts/umsb.fd
File: umsb.fd 2009/06/22 v3.00 AMS symbols B
)
LaTeX Font Info:    Try loading font information for U+rsfs on input line 14.

(/usr/share/texlive/texmf-dist/tex/latex/jknapltx/ursfs.fd
File: ursfs.fd 1998/03/24 rsfs font definition file (jk)
)
LaTeX Font Info:    Try loading font information for U+stmry on input line 14.

(/usr/share/texlive/texmf-dist/tex/latex/stmaryrd/Ustmry.fd) (./main.toc
LaTeX Font Info:    External font `lmex10' loaded for size
(Font)              <10.95> on input line 2.
)
\tf@toc=\write7
\openout7 = `main.toc'.


Overfull \vbox (1.61752pt too high) has occurred while \output is active []


[1

{/var/lib/texmf/fonts/map/pdftex/updmap/pdftex.map}] [2] (./aufgaben.tex
LaTeX Font Info:    Try loading font information for OMS+lmr on input line 11.

(/usr/share/texmf/tex/latex/lm/omslmr.fd
File: omslmr.fd 2009/10/30 v1.6 Font defs for Latin Modern
)
LaTeX Font Info:    Font shape `OMS/lmr/m/n' in size <10.95> not available
(Font)              Font shape `OMS/lmsy/m/n' tried instead on input line 11.
)
Overfull \vbox (15.2pt too high) has occurred while \output is active []

 [1]
(./grundlagen.tex
Overfull \vbox (15.2pt too high) has occurred while \output is active []

 [2])
Overfull \vbox (15.2pt too high) has occurred while \output is active []

 [3]
(./aufbau.tex
LaTeX Font Info:    Try loading font information for U+bbm on input line 7.
 (/usr/share/texlive/texmf-dist/tex/latex/bbm-macros/ubbm.fd
File: ubbm.fd 1999/03/15 V 1.2 Font definition for bbm font - TH
)
<VerschGitter.JPG, id=33, 588.69937pt x 384.6872pt>
File: VerschGitter.JPG Graphic file (type jpg)
 <use VerschGitter.JPG>
Package pdftex.def Info: VerschGitter.JPG used on input line 17.
(pdftex.def)             Requested size: 294.34895pt x 192.34312pt.
LaTeX Font Info:    External font `lmex10' loaded for size
(Font)              <9> on input line 18.
LaTeX Font Info:    External font `lmex10' loaded for size
(Font)              <5> on input line 18.

<Randzellen.JPG, id=34, 487.06969pt x 407.27156pt>
File: Randzellen.JPG Graphic file (type jpg)
 <use Randzellen.JPG>
Package pdftex.def Info: Randzellen.JPG used on input line 27.
(pdftex.def)             Requested size: 243.53424pt x 203.63527pt.


LaTeX Warning: `h' float specifier changed to `ht'.


Overfull \hbox (7.42291pt too wide) in paragraph at lines 38--39
\T1/lmr/m/n/10.95 schwin-dig-keits-kom-po-nen-ten wer-den mit Hil-fe ei-nes ein
-fa-chen Euler-Vorwrts-
 []


Overfull \vbox (15.2pt too high) has occurred while \output is active []

 [4 <./VerschGitter.JPG>]
Overfull \vbox (15.2pt too high) has occurred while \output is active []

 [5 <./Randzellen.JPG>]
Overfull \hbox (31.90282pt too wide) in paragraph at lines 100--100
[] 
 []


Overfull \vbox (15.2pt too high) has occurred while \output is active []

 [6]
Overfull \hbox (36.34062pt too wide) detected at line 129
\OML/lmm/m/it/10.95 p[] \OT1/lmr/m/n/10.95 = (1 \OMS/lmsy/m/n/10.95 ^^@ \OML/lm
m/m/it/10.95 !\OT1/lmr/m/n/10.95 )\OML/lmm/m/it/10.95 p[] \OT1/lmr/m/n/10.95 + 
[] []
 []

)
Overfull \vbox (15.2pt too high) has occurred while \output is active []

 [7]
(./messwerte.tex <screenshots/example-01.png, id=52, 602.25pt x 602.25pt>
File: screenshots/example-01.png Graphic file (type png)

<use screenshots/example-01.png>
Package pdftex.def Info: screenshots/example-01.png used on input line 17.
(pdftex.def)             Requested size: 210.79065pt x 210.79065pt.

<screenshots/example-02.png, id=53, 602.25pt x 602.25pt>
File: screenshots/example-02.png Graphic file (type png)

<use screenshots/example-02.png>
Package pdftex.def Info: screenshots/example-02.png used on input line 29.
(pdftex.def)             Requested size: 210.79065pt x 210.79065pt.

Overfull \vbox (15.2pt too high) has occurred while \output is active []

 [8 <./screenshots/example-01.png>]
<screenshots/time-0030.png, id=58, 602.25pt x 602.25pt>
File: screenshots/time-0030.png Graphic file (type png)

<use screenshots/time-0030.png>
Package pdftex.def Info: screenshots/time-0030.png used on input line 51.
(pdftex.def)             Requested size: 168.62885pt x 168.62885pt.

<screenshots/time-0060.png, id=59, 602.25pt x 602.25pt>
File: screenshots/time-0060.png Graphic file (type png)

<use screenshots/time-0060.png>
Package pdftex.def Info: screenshots/time-0060.png used on input line 57.
(pdftex.def)             Requested size: 168.62885pt x 168.62885pt.

<screenshots/time-0200.png, id=60, 602.25pt x 602.25pt>
File: screenshots/time-0200.png Graphic file (type png)

<use screenshots/time-0200.png>
Package pdftex.def Info: screenshots/time-0200.png used on input line 63.
(pdftex.def)             Requested size: 168.62885pt x 168.62885pt.

<screenshots/time-3800.png, id=61, 602.25pt x 602.25pt>
File: screenshots/time-3800.png Graphic file (type png)

<use screenshots/time-3800.png>
Package pdftex.def Info: screenshots/time-3800.png used on input line 69.
(pdftex.def)             Requested size: 168.62885pt x 168.62885pt.

Overfull \hbox (2.43333pt too wide) in paragraph at lines 49--73
[][] []
 []


Overfull \hbox (2.43333pt too wide) in paragraph at lines 49--73
[] [] 
 []


Overfull \vbox (15.2pt too high) has occurred while \output is active []

 [9 <./screenshots/example-02.png>]
Overfull \vbox (15.2pt too high) has occurred while \output is active []

 [10 <./screenshots/time-0030.png> <./screenshots/time-0060.png> <./screenshots
/time-0200.png> <./screenshots/time-3800.png>]
<screenshots/re-1.png, id=70, 602.25pt x 602.25pt>
File: screenshots/re-1.png Graphic file (type png)
 <use screenshots/re-1.png>
Package pdftex.def Info: screenshots/re-1.png used on input line 114.
(pdftex.def)             Requested size: 168.62885pt x 168.62885pt.

<screenshots/re-10.png, id=71, 602.25pt x 602.25pt>
File: screenshots/re-10.png Graphic file (type png)

<use screenshots/re-10.png>
Package pdftex.def Info: screenshots/re-10.png used on input line 120.
(pdftex.def)             Requested size: 168.62885pt x 168.62885pt.

Overfull \hbox (2.43333pt too wide) in paragraph at lines 112--124
[][] [] 
 []

File: screenshots/time-3800.png Graphic file (type png)
<use screenshots/time-3800.png>
Package pdftex.def Info: screenshots/time-3800.png used on input line 127.
(pdftex.def)             Requested size: 168.62885pt x 168.62885pt.

<screenshots/re-1000-64.png, id=72, 602.25pt x 602.25pt>
File: screenshots/re-1000-64.png Graphic file (type png)

<use screenshots/re-1000-64.png>
Package pdftex.def Info: screenshots/re-1000-64.png used on input line 133.
(pdftex.def)             Requested size: 168.62885pt x 168.62885pt.

Overfull \hbox (2.43333pt too wide) in paragraph at lines 125--137
[][] [] 
 []


Overfull \vbox (15.2pt too high) has occurred while \output is active []

 [11 <./screenshots/re-1.png> <./screenshots/re-10.png> <./screenshots/re-1000-
64.png>]
<screenshots/re-1000-512-00520.png, id=77, 602.25pt x 602.25pt>
File: screenshots/re-1000-512-00520.png Graphic file (type png)

<use screenshots/re-1000-512-00520.png>
Package pdftex.def Info: screenshots/re-1000-512-00520.png used on input line 1
56.
(pdftex.def)             Requested size: 168.62885pt x 168.62885pt.

<screenshots/re-1000-512-01069.png, id=78, 602.25pt x 602.25pt>
File: screenshots/re-1000-512-01069.png Graphic file (type png)

<use screenshots/re-1000-512-01069.png>
Package pdftex.def Info: screenshots/re-1000-512-01069.png used on input line 1
60.
(pdftex.def)             Requested size: 168.62885pt x 168.62885pt.

<screenshots/re-1000-512-01555.png, id=79, 602.25pt x 602.25pt>
File: screenshots/re-1000-512-01555.png Graphic file (type png)

<use screenshots/re-1000-512-01555.png>
Package pdftex.def Info: screenshots/re-1000-512-01555.png used on input line 1
65.
(pdftex.def)             Requested size: 168.62885pt x 168.62885pt.

<screenshots/re-1000-512-02170.png, id=80, 602.25pt x 602.25pt>
File: screenshots/re-1000-512-02170.png Graphic file (type png)

<use screenshots/re-1000-512-02170.png>
Package pdftex.def Info: screenshots/re-1000-512-02170.png used on input line 1
69.
(pdftex.def)             Requested size: 168.62885pt x 168.62885pt.

<screenshots/re-1000-512-02405.png, id=81, 602.25pt x 602.25pt>
File: screenshots/re-1000-512-02405.png Graphic file (type png)

<use screenshots/re-1000-512-02405.png>
Package pdftex.def Info: screenshots/re-1000-512-02405.png used on input line 1
74.
(pdftex.def)             Requested size: 168.62885pt x 168.62885pt.

<screenshots/re-1000-512-04758.png, id=82, 602.25pt x 602.25pt>
File: screenshots/re-1000-512-04758.png Graphic file (type png)

<use screenshots/re-1000-512-04758.png>
Package pdftex.def Info: screenshots/re-1000-512-04758.png used on input line 1
78.
(pdftex.def)             Requested size: 168.62885pt x 168.62885pt.

<screenshots/re-1000-512-06482.png, id=83, 602.25pt x 602.25pt>
File: screenshots/re-1000-512-06482.png Graphic file (type png)

<use screenshots/re-1000-512-06482.png>
Package pdftex.def Info: screenshots/re-1000-512-06482.png used on input line 1
88.
(pdftex.def)             Requested size: 168.62885pt x 168.62885pt.

<screenshots/re-1000-512-07612.png, id=84, 602.25pt x 602.25pt>
File: screenshots/re-1000-512-07612.png Graphic file (type png)

<use screenshots/re-1000-512-07612.png>
Package pdftex.def Info: screenshots/re-1000-512-07612.png used on input line 1
92.
(pdftex.def)             Requested size: 168.62885pt x 168.62885pt.

<screenshots/re-1000-512-08419.png, id=85, 602.25pt x 602.25pt>
File: screenshots/re-1000-512-08419.png Graphic file (type png)

<use screenshots/re-1000-512-08419.png>
Package pdftex.def Info: screenshots/re-1000-512-08419.png used on input line 1
97.
(pdftex.def)             Requested size: 168.62885pt x 168.62885pt.

<screenshots/re-1000-512-10164.png, id=86, 602.25pt x 602.25pt>
File: screenshots/re-1000-512-10164.png Graphic file (type png)

<use screenshots/re-1000-512-10164.png>
Package pdftex.def Info: screenshots/re-1000-512-10164.png used on input line 2
01.
(pdftex.def)             Requested size: 168.62885pt x 168.62885pt.

<screenshots/re-1000-512-11408.png, id=87, 602.25pt x 602.25pt>
File: screenshots/re-1000-512-11408.png Graphic file (type png)

<use screenshots/re-1000-512-11408.png>
Package pdftex.def Info: screenshots/re-1000-512-11408.png used on input line 2
06.
(pdftex.def)             Requested size: 168.62885pt x 168.62885pt.

<screenshots/re-1000-512-12475.png, id=88, 602.25pt x 602.25pt>
File: screenshots/re-1000-512-12475.png Graphic file (type png)

<use screenshots/re-1000-512-12475.png>
Package pdftex.def Info: screenshots/re-1000-512-12475.png used on input line 2
10.
(pdftex.def)             Requested size: 168.62885pt x 168.62885pt.

<screenshots/box-05-10.png, id=89, 301.125pt x 602.25pt>
File: screenshots/box-05-10.png Graphic file (type png)

<use screenshots/box-05-10.png>
Package pdftex.def Info: screenshots/box-05-10.png used on input line 235.
(pdftex.def)             Requested size: 90.33818pt x 180.67639pt.

<screenshots/box-05-15.png, id=90, 301.125pt x 903.375pt>
File: screenshots/box-05-15.png Graphic file (type png)

<use screenshots/box-05-15.png>
Package pdftex.def Info: screenshots/box-05-15.png used on input line 240.
(pdftex.def)             Requested size: 90.33818pt x 271.01459pt.

<screenshots/box-10-05.png, id=91, 602.25pt x 301.125pt>
File: screenshots/box-10-05.png Graphic file (type png)

<use screenshots/box-10-05.png>
Package pdftex.def Info: screenshots/box-10-05.png used on input line 255.
(pdftex.def)             Requested size: 192.72392pt x 96.36195pt.

Overfull \hbox (14.8942pt too wide) in paragraph at lines 255--256
 [] 
 []

<screenshots/box-15-05.png, id=92, 903.375pt x 301.125pt>
File: screenshots/box-15-05.png Graphic file (type png)

<use screenshots/box-15-05.png>
Package pdftex.def Info: screenshots/box-15-05.png used on input line 261.
(pdftex.def)             Requested size: 289.0859pt x 96.36195pt.

Overfull \hbox (111.25618pt too wide) in paragraph at lines 261--262
 [] 
 []

<screenshots/periodic-00063.png, id=93, 602.25pt x 602.25pt>
File: screenshots/periodic-00063.png Graphic file (type png)

<use screenshots/periodic-00063.png>
Package pdftex.def Info: screenshots/periodic-00063.png used on input line 282.

(pdftex.def)             Requested size: 168.62885pt x 168.62885pt.

<screenshots/periodic-00286.png, id=94, 602.25pt x 602.25pt>
File: screenshots/periodic-00286.png Graphic file (type png)

<use screenshots/periodic-00286.png>
Package pdftex.def Info: screenshots/periodic-00286.png used on input line 286.

(pdftex.def)             Requested size: 168.62885pt x 168.62885pt.

<screenshots/periodic-00507.png, id=95, 602.25pt x 602.25pt>
File: screenshots/periodic-00507.png Graphic file (type png)

<use screenshots/periodic-00507.png>
Package pdftex.def Info: screenshots/periodic-00507.png used on input line 291.

(pdftex.def)             Requested size: 168.62885pt x 168.62885pt.

<screenshots/periodic-00702.png, id=96, 602.25pt x 602.25pt>
File: screenshots/periodic-00702.png Graphic file (type png)

<use screenshots/periodic-00702.png>
Package pdftex.def Info: screenshots/periodic-00702.png used on input line 295.

(pdftex.def)             Requested size: 168.62885pt x 168.62885pt.

<screenshots/periodic-00944.png, id=97, 602.25pt x 602.25pt>
File: screenshots/periodic-00944.png Graphic file (type png)

<use screenshots/periodic-00944.png>
Package pdftex.def Info: screenshots/periodic-00944.png used on input line 300.

(pdftex.def)             Requested size: 168.62885pt x 168.62885pt.

<screenshots/periodic-01162.png, id=98, 602.25pt x 602.25pt>
File: screenshots/periodic-01162.png Graphic file (type png)

<use screenshots/periodic-01162.png>
Package pdftex.def Info: screenshots/periodic-01162.png used on input line 304.

(pdftex.def)             Requested size: 168.62885pt x 168.62885pt.

<screenshots/periodic-01442.png, id=99, 602.25pt x 602.25pt>
File: screenshots/periodic-01442.png Graphic file (type png)

<use screenshots/periodic-01442.png>
Package pdftex.def Info: screenshots/periodic-01442.png used on input line 314.

(pdftex.def)             Requested size: 168.62885pt x 168.62885pt.

<screenshots/periodic-01606.png, id=100, 602.25pt x 602.25pt>
File: screenshots/periodic-01606.png Graphic file (type png)

<use screenshots/periodic-01606.png>
Package pdftex.def Info: screenshots/periodic-01606.png used on input line 318.

(pdftex.def)             Requested size: 168.62885pt x 168.62885pt.

<screenshots/periodic-01735.png, id=101, 602.25pt x 602.25pt>
File: screenshots/periodic-01735.png Graphic file (type png)

<use screenshots/periodic-01735.png>
Package pdftex.def Info: screenshots/periodic-01735.png used on input line 323.

(pdftex.def)             Requested size: 168.62885pt x 168.62885pt.

<screenshots/periodic-01921.png, id=102, 602.25pt x 602.25pt>
File: screenshots/periodic-01921.png Graphic file (type png)

<use screenshots/periodic-01921.png>
Package pdftex.def Info: screenshots/periodic-01921.png used on input line 327.

(pdftex.def)             Requested size: 168.62885pt x 168.62885pt.

<screenshots/periodic-02299.png, id=103, 602.25pt x 602.25pt>
File: screenshots/periodic-02299.png Graphic file (type png)

<use screenshots/periodic-02299.png>
Package pdftex.def Info: screenshots/periodic-02299.png used on input line 332.

(pdftex.def)             Requested size: 168.62885pt x 168.62885pt.

<screenshots/periodic-02573.png, id=104, 602.25pt x 602.25pt>
File: screenshots/periodic-02573.png Graphic file (type png)

<use screenshots/periodic-02573.png>
Package pdftex.def Info: screenshots/periodic-02573.png used on input line 336.

(pdftex.def)             Requested size: 168.62885pt x 168.62885pt.
)
Overfull \vbox (15.2pt too high) has occurred while \output is active []

 [12]
Overfull \vbox (15.2pt too high) has occurred while \output is active []

 [13 <./screenshots/re-1000-512-00520.png> <./screenshots/re-1000-512-01069.png
> <./screenshots/re-1000-512-01555.png> <./screenshots/re-1000-512-02170.png> <
./screenshots/re-1000-512-02405.png> <./screenshots/re-1000-512-04758.png>]
Overfull \vbox (15.2pt too high) has occurred while \output is active []

 [14 <./screenshots/re-1000-512-06482.png> <./screenshots/re-1000-512-07612.png
> <./screenshots/re-1000-512-08419.png> <./screenshots/re-1000-512-10164.png> <
./screenshots/re-1000-512-11408.png> <./screenshots/re-1000-512-12475.png>]
Overfull \vbox (15.2pt too high) has occurred while \output is active []

 [15 <./screenshots/box-05-10.png> <./screenshots/box-05-15.png> <./screenshots
/box-10-05.png> <./screenshots/box-15-05.png>]
Overfull \vbox (15.2pt too high) has occurred while \output is active []

 [16 <./screenshots/periodic-00063.png> <./screenshots/periodic-00286.png> <./s
creenshots/periodic-00507.png> <./screenshots/periodic-00702.png> <./screenshot
s/periodic-00944.png> <./screenshots/periodic-01162.png>]
Overfull \vbox (15.2pt too high) has occurred while \output is active []

 [17 <./screenshots/periodic-01442.png> <./screenshots/periodic-01606.png> <./s
creenshots/periodic-01735.png> <./screenshots/periodic-01921.png> <./screenshot
s/periodic-02299.png> <./screenshots/periodic-02573.png>] (./zusammenfassung.te
x)
Overfull \vbox (15.2pt too high) has occurred while \output is active []

 [18

]
(./main.bbl)
Overfull \vbox (15.2pt too high) has occurred while \output is active []

 [19]
(./code.tex (/usr/share/texlive/texmf-dist/tex/latex/listings/lstlang1.sty
File: lstlang1.sty 2004/09/05 1.3 listings language file
)
(/usr/share/texlive/texmf-dist/tex/latex/listings/lstlang1.sty
File: lstlang1.sty 2004/09/05 1.3 listings language file
)
(/usr/share/texlive/texmf-dist/tex/latex/listings/lstmisc.sty
File: lstmisc.sty 2007/02/22 1.4 (Carsten Heinz)
)
LaTeX Font Info:    Try loading font information for T1+pcr on input line 10.

(/usr/share/texlive/texmf-dist/tex/latex/psnfss/t1pcr.fd
File: t1pcr.fd 2001/06/04 font definitions for T1/pcr.
)
LaTeX Font Info:    Font shape `T1/pcr/bx/n' in size <9> not available
(Font)              Font shape `T1/pcr/b/n' tried instead on input line 10.
 (../code/src/vec.h
LaTeX Font Info:    Font shape `T1/pcr/bx/it' in size <9> not available
(Font)              Font shape `T1/pcr/b/it' tried instead on input line 17.
LaTeX Font Info:    Font shape `T1/pcr/b/it' in size <9> not available
(Font)              Font shape `T1/pcr/b/sl' tried instead on input line 17.
LaTeX Font Info:    Try loading font information for OMS+pcr on input line 34.

(/usr/share/texlive/texmf-dist/tex/latex/psnfss/omspcr.fd
File: omspcr.fd 
)

LaTeX Font Warning: Font shape `OMS/pcr/bx/n' undefined
(Font)              using `OMS/pcr/m/n' instead
(Font)              for symbol `textasteriskcentered' on input line 34.

LaTeX Font Info:    Font shape `OMS/pcr/m/n' in size <9> not available
(Font)              Font shape `OMS/cmsy/m/n' tried instead on input line 34.
LaTeX Font Info:    Font shape `OMS/pcr/bx/n' in size <9> not available
(Font)              Font shape `OMS/cmsy/m/n' tried instead on input line 34.
)
Underfull \vbox (badness 10000) has occurred while \output is active []


Overfull \vbox (15.2pt too high) has occurred while \output is active []

 [20]
Overfull \vbox (15.2pt too high) has occurred while \output is active []

 [21]
Overfull \vbox (15.2pt too high) has occurred while \output is active []

 [22]
(../code/src/grid.h)
Overfull \vbox (15.2pt too high) has occurred while \output is active []

 [23]
Overfull \vbox (15.2pt too high) has occurred while \output is active []

 [24]
(../code/src/scalar-field.h)
Overfull \vbox (15.2pt too high) has occurred while \output is active []

 [25]
Overfull \vbox (15.2pt too high) has occurred while \output is active []

 [26]
(../code/src/vec-field.h)
Underfull \vbox (badness 10000) has occurred while \output is active []


Overfull \vbox (15.2pt too high) has occurred while \output is active []

 [27]
Underfull \vbox (badness 10000) has occurred while \output is active []


Overfull \vbox (15.2pt too high) has occurred while \output is active []

 [28]
Overfull \vbox (15.2pt too high) has occurred while \output is active []

 [29]
(../code/src/nsg.h)
Overfull \vbox (15.2pt too high) has occurred while \output is active []

 [30]
Overfull \vbox (15.2pt too high) has occurred while \output is active []

 [31]
Overfull \vbox (15.2pt too high) has occurred while \output is active []

 [32]
(../code/src/render-w.h)
Overfull \vbox (15.2pt too high) has occurred while \output is active []

 [33]
Underfull \vbox (badness 10000) has occurred while \output is active []


Overfull \vbox (15.2pt too high) has occurred while \output is active []

 [34]
Overfull \vbox (15.2pt too high) has occurred while \output is active []

 [35]
Overfull \vbox (15.2pt too high) has occurred while \output is active []

 [36]
(../code/src/main.cpp

LaTeX Font Warning: Font shape `OMS/pcr/bx/it' undefined
(Font)              using `OMS/pcr/bx/n' instead
(Font)              for symbol `textasteriskcentered' on input line 30.

LaTeX Font Info:    Font shape `OMS/pcr/bx/it' in size <9> not available
(Font)              Font shape `OMS/cmsy/m/n' tried instead on input line 30.
)
Underfull \vbox (badness 7486) has occurred while \output is active []


Overfull \vbox (15.2pt too high) has occurred while \output is active []

 [37]
Underfull \vbox (badness 10000) has occurred while \output is active []


Overfull \vbox (15.2pt too high) has occurred while \output is active []

 [38]
(../code/pro-files/linux/config.pro)
Overfull \vbox (15.2pt too high) has occurred while \output is active []

 [39])
Overfull \vbox (15.2pt too high) has occurred while \output is active []

 [40]
(./literatur.tex
<screenshots/literatur-re-01.png, id=200, 626.34pt x 969.6225pt>
File: screenshots/literatur-re-01.png Graphic file (type png)

<use screenshots/literatur-re-01.png>
Package pdftex.def Info: screenshots/literatur-re-01.png used on input line 6.
(pdftex.def)             Requested size: 313.16922pt x 484.81006pt.

Underfull \hbox (badness 3407) in paragraph at lines 7--7
[][]|\T1/lmr/m/n/9 Si-mu-la-ti-on des sta-tio-nren Ge-schwin-dig-keits-fel-des
 fr ver-schie-de-ne
 []

<screenshots/literatur-time-01.png, id=201, 619.31375pt x 939.51pt>
File: screenshots/literatur-time-01.png Graphic file (type png)

<use screenshots/literatur-time-01.png>
Package pdftex.def Info: screenshots/literatur-time-01.png used on input line 2
0.
(pdftex.def)             Requested size: 309.65611pt x 469.75385pt.

Underfull \vbox (badness 10000) has occurred while \output is active []


Overfull \vbox (15.2pt too high) has occurred while \output is active []

 [41 <./screenshots/literatur-re-01.png>]
<screenshots/literatur-time-02.png, id=206, 604.2575pt x 951.555pt>
File: screenshots/literatur-time-02.png Graphic file (type png)

<use screenshots/literatur-time-02.png>
Package pdftex.def Info: screenshots/literatur-time-02.png used on input line 2
7.
(pdftex.def)             Requested size: 302.128pt x 475.77634pt.

Underfull \vbox (badness 10000) has occurred while \output is active []


Overfull \vbox (15.2pt too high) has occurred while \output is active []

 [42 <./screenshots/literatur-time-01.png>]) 
AED: lastpage setting LastPage

Overfull \vbox (15.2pt too high) has occurred while \output is active []

 [43 <./screenshots/literatur-time-02.png>] (./main.aux)

LaTeX Font Warning: Some font shapes were not available, defaults substituted.

 ) 
Here is how much of TeX's memory you used:
 26984 strings out of 493493
 472807 string characters out of 3143798
 1221582 words of memory out of 3000000
 29592 multiletter control sequences out of 15000+200000
 71392 words of font info for 83 fonts, out of 3000000 for 9000
 957 hyphenation exceptions out of 8191
 57i,11n,100p,835b,1871s stack positions out of 5000i,500n,10000p,200000b,50000s
{/usr/share/texlive/texmf-dist/fonts/enc/dvips/base/8r.enc}{/usr/share/texmf/
fonts/enc/dvips/lm/lm-mathsy.enc}{/usr/share/texmf/fonts/enc/dvips/lm/lm-rm.enc
}{/usr/share/texmf/fonts/enc/dvips/lm/lm-mathit.enc}{/usr/share/texmf/fonts/enc
/dvips/lm/lm-ec.enc} </home/lyrahgames/.texmf-var/fonts/pk/ljfour/public/bbm/bb
m10.657pk>{/usr/share/texmf/fonts/enc/dvips/lm/lm-mathex.enc}</usr/share/texliv
e/texmf-dist/fonts/type1/public/amsfonts/cm/cmsy9.pfb></usr/share/texmf/fonts/t
ype1/public/lm/lmbx10.pfb></usr/share/texmf/fonts/type1/public/lm/lmbx12.pfb></
usr/share/texmf/fonts/type1/public/lm/lmex10.pfb></usr/share/texmf/fonts/type1/
public/lm/lmmi10.pfb></usr/share/texmf/fonts/type1/public/lm/lmmi6.pfb></usr/sh
are/texmf/fonts/type1/public/lm/lmmi8.pfb></usr/share/texmf/fonts/type1/public/
lm/lmmi9.pfb></usr/share/texmf/fonts/type1/public/lm/lmr10.pfb></usr/share/texm
f/fonts/type1/public/lm/lmr12.pfb></usr/share/texmf/fonts/type1/public/lm/lmr17
.pfb></usr/share/texmf/fonts/type1/public/lm/lmr8.pfb></usr/share/texmf/fonts/t
ype1/public/lm/lmr9.pfb></usr/share/texmf/fonts/type1/public/lm/lmri10.pfb></us
r/share/texmf/fonts/type1/public/lm/lmro10.pfb></usr/share/texmf/fonts/type1/pu
blic/lm/lmsy10.pfb></usr/share/texmf/fonts/type1/public/lm/lmsy8.pfb></usr/shar
e/texmf/fonts/type1/public/lm/lmsy9.pfb></usr/share/texlive/texmf-dist/fonts/ty
pe1/urw/courier/ucrb8a.pfb></usr/share/texlive/texmf-dist/fonts/type1/urw/couri
er/ucrbo8a.pfb>
Output written on main.pdf (45 pages, 5435089 bytes).
PDF statistics:
 291 PDF objects out of 1000 (max. 8388607)
 179 compressed objects within 2 object streams
 0 named destinations out of 1000 (max. 500000)
 223 words of extra memory for PDF output out of 10000 (max. 10000000)

