This is pdfTeX, Version 3.1415926-1.40.10 (TeX Live 2009/Debian) (format=pdflatex 2015.5.1)  10 NOV 2015 03:52
entering extended mode
 \write18 enabled.
 %&-line parsing enabled.
**main.tex
(./main.tex
LaTeX2e <2009/09/24>
Babel <v3.8l> and hyphenation patterns for english, usenglishmax, dumylang, noh
yphenation, farsi, arabic, croatian, bulgarian, ukrainian, russian, czech, slov
ak, danish, dutch, finnish, french, basque, ngerman, german, german-x-2009-06-1
9, ngerman-x-2009-06-19, ibycus, monogreek, greek, ancientgreek, hungarian, san
skrit, italian, latin, latvian, lithuanian, mongolian2a, mongolian, bokmal, nyn
orsk, romanian, irish, coptic, serbian, turkish, welsh, esperanto, uppersorbian
, estonian, indonesian, interlingua, icelandic, kurmanji, slovenian, polish, po
rtuguese, spanish, galician, catalan, swedish, ukenglish, pinyin, loaded.
(/usr/share/texmf-texlive/tex/latex/base/article.cls
Document Class: article 2007/10/19 v1.4h Standard LaTeX document class
(/usr/share/texmf-texlive/tex/latex/base/size12.clo
File: size12.clo 2007/10/19 v1.4h Standard LaTeX file (size option)
)
\c@part=\count79
\c@section=\count80
\c@subsection=\count81
\c@subsubsection=\count82
\c@paragraph=\count83
\c@subparagraph=\count84
\c@figure=\count85
\c@table=\count86
\abovecaptionskip=\skip41
\belowcaptionskip=\skip42
\bibindent=\dimen102
)
(/usr/share/texmf-texlive/tex/latex/geometry/geometry.sty
Package: geometry 2008/12/21 v4.2 Page Geometry

(/usr/share/texmf-texlive/tex/latex/graphics/keyval.sty
Package: keyval 1999/03/16 v1.13 key=value parser (DPC)
\KV@toks@=\toks14
)
(/usr/share/texmf-texlive/tex/generic/oberdiek/ifpdf.sty
Package: ifpdf 2009/04/10 v2.0 Provides the ifpdf switch (HO)
Package ifpdf Info: pdfTeX in pdf mode detected.
)
(/usr/share/texmf-texlive/tex/generic/oberdiek/ifvtex.sty
Package: ifvtex 2008/11/04 v1.4 Switches for detecting VTeX and its modes (HO)
Package ifvtex Info: VTeX not detected.
)
\Gm@cnth=\count87
\Gm@cntv=\count88
\c@Gm@tempcnt=\count89
\Gm@bindingoffset=\dimen103
\Gm@wd@mp=\dimen104
\Gm@odd@mp=\dimen105
\Gm@even@mp=\dimen106
\Gm@dimlist=\toks15

(/usr/share/texmf-texlive/tex/xelatex/xetexconfig/geometry.cfg))
(/usr/share/texmf-texlive/tex/latex/base/inputenc.sty
Package: inputenc 2008/03/30 v1.1d Input encoding file
\inpenc@prehook=\toks16
\inpenc@posthook=\toks17

(/usr/share/texmf-texlive/tex/latex/base/utf8.def
File: utf8.def 2008/04/05 v1.1m UTF-8 support for inputenc
Now handling font encoding OML ...
... no UTF-8 mapping file for font encoding OML
Now handling font encoding T1 ...
... processing UTF-8 mapping file for font encoding T1

(/usr/share/texmf-texlive/tex/latex/base/t1enc.dfu
File: t1enc.dfu 2008/04/05 v1.1m UTF-8 support for inputenc
   defining Unicode char U+00A1 (decimal 161)
   defining Unicode char U+00A3 (decimal 163)
   defining Unicode char U+00AB (decimal 171)
   defining Unicode char U+00BB (decimal 187)
   defining Unicode char U+00BF (decimal 191)
   defining Unicode char U+00C0 (decimal 192)
   defining Unicode char U+00C1 (decimal 193)
   defining Unicode char U+00C2 (decimal 194)
   defining Unicode char U+00C3 (decimal 195)
   defining Unicode char U+00C4 (decimal 196)
   defining Unicode char U+00C5 (decimal 197)
   defining Unicode char U+00C6 (decimal 198)
   defining Unicode char U+00C7 (decimal 199)
   defining Unicode char U+00C8 (decimal 200)
   defining Unicode char U+00C9 (decimal 201)
   defining Unicode char U+00CA (decimal 202)
   defining Unicode char U+00CB (decimal 203)
   defining Unicode char U+00CC (decimal 204)
   defining Unicode char U+00CD (decimal 205)
   defining Unicode char U+00CE (decimal 206)
   defining Unicode char U+00CF (decimal 207)
   defining Unicode char U+00D0 (decimal 208)
   defining Unicode char U+00D1 (decimal 209)
   defining Unicode char U+00D2 (decimal 210)
   defining Unicode char U+00D3 (decimal 211)
   defining Unicode char U+00D4 (decimal 212)
   defining Unicode char U+00D5 (decimal 213)
   defining Unicode char U+00D6 (decimal 214)
   defining Unicode char U+00D8 (decimal 216)
   defining Unicode char U+00D9 (decimal 217)
   defining Unicode char U+00DA (decimal 218)
   defining Unicode char U+00DB (decimal 219)
   defining Unicode char U+00DC (decimal 220)
   defining Unicode char U+00DD (decimal 221)
   defining Unicode char U+00DE (decimal 222)
   defining Unicode char U+00DF (decimal 223)
   defining Unicode char U+00E0 (decimal 224)
   defining Unicode char U+00E1 (decimal 225)
   defining Unicode char U+00E2 (decimal 226)
   defining Unicode char U+00E3 (decimal 227)
   defining Unicode char U+00E4 (decimal 228)
   defining Unicode char U+00E5 (decimal 229)
   defining Unicode char U+00E6 (decimal 230)
   defining Unicode char U+00E7 (decimal 231)
   defining Unicode char U+00E8 (decimal 232)
   defining Unicode char U+00E9 (decimal 233)
   defining Unicode char U+00EA (decimal 234)
   defining Unicode char U+00EB (decimal 235)
   defining Unicode char U+00EC (decimal 236)
   defining Unicode char U+00ED (decimal 237)
   defining Unicode char U+00EE (decimal 238)
   defining Unicode char U+00EF (decimal 239)
   defining Unicode char U+00F0 (decimal 240)
   defining Unicode char U+00F1 (decimal 241)
   defining Unicode char U+00F2 (decimal 242)
   defining Unicode char U+00F3 (decimal 243)
   defining Unicode char U+00F4 (decimal 244)
   defining Unicode char U+00F5 (decimal 245)
   defining Unicode char U+00F6 (decimal 246)
   defining Unicode char U+00F8 (decimal 248)
   defining Unicode char U+00F9 (decimal 249)
   defining Unicode char U+00FA (decimal 250)
   defining Unicode char U+00FB (decimal 251)
   defining Unicode char U+00FC (decimal 252)
   defining Unicode char U+00FD (decimal 253)
   defining Unicode char U+00FE (decimal 254)
   defining Unicode char U+00FF (decimal 255)
   defining Unicode char U+0102 (decimal 258)
   defining Unicode char U+0103 (decimal 259)
   defining Unicode char U+0104 (decimal 260)
   defining Unicode char U+0105 (decimal 261)
   defining Unicode char U+0106 (decimal 262)
   defining Unicode char U+0107 (decimal 263)
   defining Unicode char U+010C (decimal 268)
   defining Unicode char U+010D (decimal 269)
   defining Unicode char U+010E (decimal 270)
   defining Unicode char U+010F (decimal 271)
   defining Unicode char U+0110 (decimal 272)
   defining Unicode char U+0111 (decimal 273)
   defining Unicode char U+0118 (decimal 280)
   defining Unicode char U+0119 (decimal 281)
   defining Unicode char U+011A (decimal 282)
   defining Unicode char U+011B (decimal 283)
   defining Unicode char U+011E (decimal 286)
   defining Unicode char U+011F (decimal 287)
   defining Unicode char U+0130 (decimal 304)
   defining Unicode char U+0131 (decimal 305)
   defining Unicode char U+0132 (decimal 306)
   defining Unicode char U+0133 (decimal 307)
   defining Unicode char U+0139 (decimal 313)
   defining Unicode char U+013A (decimal 314)
   defining Unicode char U+013D (decimal 317)
   defining Unicode char U+013E (decimal 318)
   defining Unicode char U+0141 (decimal 321)
   defining Unicode char U+0142 (decimal 322)
   defining Unicode char U+0143 (decimal 323)
   defining Unicode char U+0144 (decimal 324)
   defining Unicode char U+0147 (decimal 327)
   defining Unicode char U+0148 (decimal 328)
   defining Unicode char U+014A (decimal 330)
   defining Unicode char U+014B (decimal 331)
   defining Unicode char U+0150 (decimal 336)
   defining Unicode char U+0151 (decimal 337)
   defining Unicode char U+0152 (decimal 338)
   defining Unicode char U+0153 (decimal 339)
   defining Unicode char U+0154 (decimal 340)
   defining Unicode char U+0155 (decimal 341)
   defining Unicode char U+0158 (decimal 344)
   defining Unicode char U+0159 (decimal 345)
   defining Unicode char U+015A (decimal 346)
   defining Unicode char U+015B (decimal 347)
   defining Unicode char U+015E (decimal 350)
   defining Unicode char U+015F (decimal 351)
   defining Unicode char U+0160 (decimal 352)
   defining Unicode char U+0161 (decimal 353)
   defining Unicode char U+0162 (decimal 354)
   defining Unicode char U+0163 (decimal 355)
   defining Unicode char U+0164 (decimal 356)
   defining Unicode char U+0165 (decimal 357)
   defining Unicode char U+016E (decimal 366)
   defining Unicode char U+016F (decimal 367)
   defining Unicode char U+0170 (decimal 368)
   defining Unicode char U+0171 (decimal 369)
   defining Unicode char U+0178 (decimal 376)
   defining Unicode char U+0179 (decimal 377)
   defining Unicode char U+017A (decimal 378)
   defining Unicode char U+017B (decimal 379)
   defining Unicode char U+017C (decimal 380)
   defining Unicode char U+017D (decimal 381)
   defining Unicode char U+017E (decimal 382)
   defining Unicode char U+200C (decimal 8204)
   defining Unicode char U+2013 (decimal 8211)
   defining Unicode char U+2014 (decimal 8212)
   defining Unicode char U+2018 (decimal 8216)
   defining Unicode char U+2019 (decimal 8217)
   defining Unicode char U+201A (decimal 8218)
   defining Unicode char U+201C (decimal 8220)
   defining Unicode char U+201D (decimal 8221)
   defining Unicode char U+201E (decimal 8222)
   defining Unicode char U+2030 (decimal 8240)
   defining Unicode char U+2031 (decimal 8241)
   defining Unicode char U+2039 (decimal 8249)
   defining Unicode char U+203A (decimal 8250)
   defining Unicode char U+2423 (decimal 9251)
)
Now handling font encoding OT1 ...
... processing UTF-8 mapping file for font encoding OT1

(/usr/share/texmf-texlive/tex/latex/base/ot1enc.dfu
File: ot1enc.dfu 2008/04/05 v1.1m UTF-8 support for inputenc
   defining Unicode char U+00A1 (decimal 161)
   defining Unicode char U+00A3 (decimal 163)
   defining Unicode char U+00B8 (decimal 184)
   defining Unicode char U+00BF (decimal 191)
   defining Unicode char U+00C5 (decimal 197)
   defining Unicode char U+00C6 (decimal 198)
   defining Unicode char U+00D8 (decimal 216)
   defining Unicode char U+00DF (decimal 223)
   defining Unicode char U+00E6 (decimal 230)
   defining Unicode char U+00EC (decimal 236)
   defining Unicode char U+00ED (decimal 237)
   defining Unicode char U+00EE (decimal 238)
   defining Unicode char U+00EF (decimal 239)
   defining Unicode char U+00F8 (decimal 248)
   defining Unicode char U+0131 (decimal 305)
   defining Unicode char U+0141 (decimal 321)
   defining Unicode char U+0142 (decimal 322)
   defining Unicode char U+0152 (decimal 338)
   defining Unicode char U+0153 (decimal 339)
   defining Unicode char U+2013 (decimal 8211)
   defining Unicode char U+2014 (decimal 8212)
   defining Unicode char U+2018 (decimal 8216)
   defining Unicode char U+2019 (decimal 8217)
   defining Unicode char U+201C (decimal 8220)
   defining Unicode char U+201D (decimal 8221)
)
Now handling font encoding OMS ...
... processing UTF-8 mapping file for font encoding OMS

(/usr/share/texmf-texlive/tex/latex/base/omsenc.dfu
File: omsenc.dfu 2008/04/05 v1.1m UTF-8 support for inputenc
   defining Unicode char U+00A7 (decimal 167)
   defining Unicode char U+00B6 (decimal 182)
   defining Unicode char U+00B7 (decimal 183)
   defining Unicode char U+2020 (decimal 8224)
   defining Unicode char U+2021 (decimal 8225)
   defining Unicode char U+2022 (decimal 8226)
)
Now handling font encoding OMX ...
... no UTF-8 mapping file for font encoding OMX
Now handling font encoding U ...
... no UTF-8 mapping file for font encoding U
   defining Unicode char U+00A9 (decimal 169)
   defining Unicode char U+00AA (decimal 170)
   defining Unicode char U+00AE (decimal 174)
   defining Unicode char U+00BA (decimal 186)
   defining Unicode char U+02C6 (decimal 710)
   defining Unicode char U+02DC (decimal 732)
   defining Unicode char U+200C (decimal 8204)
   defining Unicode char U+2026 (decimal 8230)
   defining Unicode char U+2122 (decimal 8482)
   defining Unicode char U+2423 (decimal 9251)
))
(/var/lib/texmf/tex/generic/babel/babel.sty
Package: babel 2008/07/06 v3.8l The Babel package

(/usr/share/texmf-texlive/tex/generic/babel/germanb.ldf
Language: germanb 2008/06/01 v2.6m German support from the babel system

(/usr/share/texmf-texlive/tex/generic/babel/babel.def
File: babel.def 2008/07/06 v3.8l Babel common definitions
\babel@savecnt=\count90
\U@D=\dimen107
)
\l@austrian = a dialect from \language\l@german 
Package babel Info: Making " an active character on input line 102.
))
(/usr/share/texmf-texlive/tex/latex/amsmath/amsmath.sty
Package: amsmath 2000/07/18 v2.13 AMS math features
\@mathmargin=\skip43

For additional information on amsmath, use the `?' option.
(/usr/share/texmf-texlive/tex/latex/amsmath/amstext.sty
Package: amstext 2000/06/29 v2.01

(/usr/share/texmf-texlive/tex/latex/amsmath/amsgen.sty
File: amsgen.sty 1999/11/30 v2.0
\@emptytoks=\toks18
\ex@=\dimen108
))
(/usr/share/texmf-texlive/tex/latex/amsmath/amsbsy.sty
Package: amsbsy 1999/11/29 v1.2d
\pmbraise@=\dimen109
)
(/usr/share/texmf-texlive/tex/latex/amsmath/amsopn.sty
Package: amsopn 1999/12/14 v2.01 operator names
)
\inf@bad=\count91
LaTeX Info: Redefining \frac on input line 211.
\uproot@=\count92
\leftroot@=\count93
LaTeX Info: Redefining \overline on input line 307.
\classnum@=\count94
\DOTSCASE@=\count95
LaTeX Info: Redefining \ldots on input line 379.
LaTeX Info: Redefining \dots on input line 382.
LaTeX Info: Redefining \cdots on input line 467.
\Mathstrutbox@=\box26
\strutbox@=\box27
\big@size=\dimen110
LaTeX Font Info:    Redeclaring font encoding OML on input line 567.
LaTeX Font Info:    Redeclaring font encoding OMS on input line 568.
\macc@depth=\count96
\c@MaxMatrixCols=\count97
\dotsspace@=\muskip10
\c@parentequation=\count98
\dspbrk@lvl=\count99
\tag@help=\toks19
\row@=\count100
\column@=\count101
\maxfields@=\count102
\andhelp@=\toks20
\eqnshift@=\dimen111
\alignsep@=\dimen112
\tagshift@=\dimen113
\tagwidth@=\dimen114
\totwidth@=\dimen115
\lineht@=\dimen116
\@envbody=\toks21
\multlinegap=\skip44
\multlinetaggap=\skip45
\mathdisplay@stack=\toks22
LaTeX Info: Redefining \[ on input line 2666.
LaTeX Info: Redefining \] on input line 2667.
)
(/usr/share/texmf-texlive/tex/latex/amsfonts/amssymb.sty
Package: amssymb 2009/06/22 v3.00

(/usr/share/texmf-texlive/tex/latex/amsfonts/amsfonts.sty
Package: amsfonts 2009/06/22 v3.00 Basic AMSFonts support
\symAMSa=\mathgroup4
\symAMSb=\mathgroup5
LaTeX Font Info:    Overwriting math alphabet `\mathfrak' in version `bold'
(Font)                  U/euf/m/n --> U/euf/b/n on input line 96.
))
(/usr/share/texmf-texlive/tex/latex/graphics/graphicx.sty
Package: graphicx 1999/02/16 v1.0f Enhanced LaTeX Graphics (DPC,SPQR)

(/usr/share/texmf-texlive/tex/latex/graphics/graphics.sty
Package: graphics 2009/02/05 v1.0o Standard LaTeX Graphics (DPC,SPQR)

(/usr/share/texmf-texlive/tex/latex/graphics/trig.sty
Package: trig 1999/03/16 v1.09 sin cos tan (DPC)
)
(/etc/texmf/tex/latex/config/graphics.cfg
File: graphics.cfg 2009/08/28 v1.8 graphics configuration of TeX Live
)
Package graphics Info: Driver file: pdftex.def on input line 91.

(/usr/share/texmf-texlive/tex/latex/pdftex-def/pdftex.def
File: pdftex.def 2010/03/12 v0.04p Graphics/color for pdfTeX
\Gread@gobject=\count103
))
\Gin@req@height=\dimen117
\Gin@req@width=\dimen118
)
(/usr/share/texmf-texlive/tex/latex/txfonts/txfonts.sty
Package: txfonts 2008/01/22 v3.2.1
LaTeX Font Info:    Redeclaring symbol font `operators' on input line 21.
LaTeX Font Info:    Overwriting symbol font `operators' in version `normal'
(Font)                  OT1/cmr/m/n --> OT1/txr/m/n on input line 21.
LaTeX Font Info:    Overwriting symbol font `operators' in version `bold'
(Font)                  OT1/cmr/bx/n --> OT1/txr/m/n on input line 21.
LaTeX Font Info:    Overwriting symbol font `operators' in version `bold'
(Font)                  OT1/txr/m/n --> OT1/txr/bx/n on input line 22.
\symitalic=\mathgroup6
LaTeX Font Info:    Overwriting symbol font `italic' in version `bold'
(Font)                  OT1/txr/m/it --> OT1/txr/bx/it on input line 26.
LaTeX Font Info:    Redeclaring math alphabet \mathbf on input line 29.
LaTeX Font Info:    Overwriting math alphabet `\mathbf' in version `normal'
(Font)                  OT1/cmr/bx/n --> OT1/txr/bx/n on input line 29.
LaTeX Font Info:    Overwriting math alphabet `\mathbf' in version `bold'
(Font)                  OT1/cmr/bx/n --> OT1/txr/bx/n on input line 29.
LaTeX Font Info:    Redeclaring math alphabet \mathit on input line 30.
LaTeX Font Info:    Overwriting math alphabet `\mathit' in version `normal'
(Font)                  OT1/cmr/m/it --> OT1/txr/m/it on input line 30.
LaTeX Font Info:    Overwriting math alphabet `\mathit' in version `bold'
(Font)                  OT1/cmr/bx/it --> OT1/txr/m/it on input line 30.
LaTeX Font Info:    Overwriting math alphabet `\mathit' in version `bold'
(Font)                  OT1/txr/m/it --> OT1/txr/bx/it on input line 31.
LaTeX Font Info:    Redeclaring math alphabet \mathsf on input line 40.
LaTeX Font Info:    Overwriting math alphabet `\mathsf' in version `normal'
(Font)                  OT1/cmss/m/n --> OT1/txss/m/n on input line 40.
LaTeX Font Info:    Overwriting math alphabet `\mathsf' in version `bold'
(Font)                  OT1/cmss/bx/n --> OT1/txss/m/n on input line 40.
LaTeX Font Info:    Overwriting math alphabet `\mathsf' in version `bold'
(Font)                  OT1/txss/m/n --> OT1/txss/b/n on input line 41.
LaTeX Font Info:    Redeclaring math alphabet \mathtt on input line 50.
LaTeX Font Info:    Overwriting math alphabet `\mathtt' in version `normal'
(Font)                  OT1/cmtt/m/n --> OT1/txtt/m/n on input line 50.
LaTeX Font Info:    Overwriting math alphabet `\mathtt' in version `bold'
(Font)                  OT1/cmtt/m/n --> OT1/txtt/m/n on input line 50.
LaTeX Font Info:    Overwriting math alphabet `\mathtt' in version `bold'
(Font)                  OT1/txtt/m/n --> OT1/txtt/b/n on input line 51.
LaTeX Font Info:    Redeclaring symbol font `letters' on input line 58.
LaTeX Font Info:    Overwriting symbol font `letters' in version `normal'
(Font)                  OML/cmm/m/it --> OML/txmi/m/it on input line 58.
LaTeX Font Info:    Overwriting symbol font `letters' in version `bold'
(Font)                  OML/cmm/b/it --> OML/txmi/m/it on input line 58.
LaTeX Font Info:    Overwriting symbol font `letters' in version `bold'
(Font)                  OML/txmi/m/it --> OML/txmi/bx/it on input line 59.
\symlettersA=\mathgroup7
LaTeX Font Info:    Overwriting symbol font `lettersA' in version `bold'
(Font)                  U/txmia/m/it --> U/txmia/bx/it on input line 67.
LaTeX Font Info:    Redeclaring math alphabet \mathfrak on input line 70.
LaTeX Font Info:    Redeclaring symbol font `symbols' on input line 77.
LaTeX Font Info:    Overwriting symbol font `symbols' in version `normal'
(Font)                  OMS/cmsy/m/n --> OMS/txsy/m/n on input line 77.
LaTeX Font Info:    Overwriting symbol font `symbols' in version `bold'
(Font)                  OMS/cmsy/b/n --> OMS/txsy/m/n on input line 77.
LaTeX Font Info:    Overwriting symbol font `symbols' in version `bold'
(Font)                  OMS/txsy/m/n --> OMS/txsy/bx/n on input line 78.
LaTeX Font Info:    Redeclaring symbol font `AMSa' on input line 93.
LaTeX Font Info:    Overwriting symbol font `AMSa' in version `normal'
(Font)                  U/msa/m/n --> U/txsya/m/n on input line 93.
LaTeX Font Info:    Overwriting symbol font `AMSa' in version `bold'
(Font)                  U/msa/m/n --> U/txsya/m/n on input line 93.
LaTeX Font Info:    Overwriting symbol font `AMSa' in version `bold'
(Font)                  U/txsya/m/n --> U/txsya/bx/n on input line 94.
LaTeX Font Info:    Redeclaring symbol font `AMSb' on input line 102.
LaTeX Font Info:    Overwriting symbol font `AMSb' in version `normal'
(Font)                  U/msb/m/n --> U/txsyb/m/n on input line 102.
LaTeX Font Info:    Overwriting symbol font `AMSb' in version `bold'
(Font)                  U/msb/m/n --> U/txsyb/m/n on input line 102.
LaTeX Font Info:    Overwriting symbol font `AMSb' in version `bold'
(Font)                  U/txsyb/m/n --> U/txsyb/bx/n on input line 103.
\symsymbolsC=\mathgroup8
LaTeX Font Info:    Overwriting symbol font `symbolsC' in version `bold'
(Font)                  U/txsyc/m/n --> U/txsyc/bx/n on input line 113.
LaTeX Font Info:    Redeclaring symbol font `largesymbols' on input line 120.
LaTeX Font Info:    Overwriting symbol font `largesymbols' in version `normal'
(Font)                  OMX/cmex/m/n --> OMX/txex/m/n on input line 120.
LaTeX Font Info:    Overwriting symbol font `largesymbols' in version `bold'
(Font)                  OMX/cmex/m/n --> OMX/txex/m/n on input line 120.
LaTeX Font Info:    Overwriting symbol font `largesymbols' in version `bold'
(Font)                  OMX/txex/m/n --> OMX/txex/bx/n on input line 121.
\symlargesymbolsA=\mathgroup9
LaTeX Font Info:    Overwriting symbol font `largesymbolsA' in version `bold'
(Font)                  U/txexa/m/n --> U/txexa/bx/n on input line 129.
LaTeX Info: Redefining \not on input line 1043.
)
(/usr/share/texmf-texlive/tex/latex/graphics/color.sty
Package: color 2005/11/14 v1.0j Standard LaTeX Color (DPC)

(/etc/texmf/tex/latex/config/color.cfg
File: color.cfg 2007/01/18 v1.5 color configuration of teTeX/TeXLive
)
Package color Info: Driver file: pdftex.def on input line 130.
)
(/usr/share/texmf-texlive/tex/latex/oberdiek/epstopdf.sty
Package: epstopdf 2009/10/17 v2.4 Conversion with epstopdf on the fly (HO)

(/usr/share/texmf-texlive/tex/latex/oberdiek/epstopdf-base.sty
Package: epstopdf-base 2009/10/17 v2.4 Base part for package epstopdf

(/usr/share/texmf-texlive/tex/generic/oberdiek/infwarerr.sty
Package: infwarerr 2007/09/09 v1.2 Providing info/warning/message (HO)
)
(/usr/share/texmf-texlive/tex/latex/oberdiek/grfext.sty
Package: grfext 2007/09/30 v1.0 Managing graphics extensions (HO)
)
(/usr/share/texmf-texlive/tex/latex/oberdiek/kvoptions.sty
Package: kvoptions 2009/08/13 v3.4 Keyval support for LaTeX options (HO)

(/usr/share/texmf-texlive/tex/generic/oberdiek/kvsetkeys.sty
Package: kvsetkeys 2009/07/30 v1.5 Key value parser with default handler suppor
t (HO)

(/usr/share/texmf-texlive/tex/generic/oberdiek/etexcmds.sty
Package: etexcmds 2007/12/12 v1.2 Prefix for e-TeX command names (HO)
Package etexcmds Info: Could not find \expanded.
(etexcmds)             That can mean that you are not using pdfTeX 1.50 or
(etexcmds)             that some package has redefined \expanded.
(etexcmds)             In the latter case, load this package earlier.
)))
(/usr/share/texmf-texlive/tex/generic/oberdiek/pdftexcmds.sty
Package: pdftexcmds 2009/09/23 v0.6 LuaTeX support for pdfTeX utility functions
 (HO)

(/usr/share/texmf-texlive/tex/generic/oberdiek/ifluatex.sty
Package: ifluatex 2009/04/17 v1.2 Provides the ifluatex switch (HO)
Package ifluatex Info: LuaTeX not detected.
)
(/usr/share/texmf-texlive/tex/generic/oberdiek/ltxcmds.sty
Package: ltxcmds 2009/08/05 v1.0 Some LaTeX kernel commands for general use (HO
)
)
Package pdftexcmds Info: LuaTeX not detected.
Package pdftexcmds Info: \pdf@primitive is available.
Package pdftexcmds Info: \pdf@ifprimitive is available.
)
Package grfext Info: Graphics extension search list:
(grfext)             [.png,.pdf,.jpg,.mps,.jpeg,.jbig2,.jb2,.PNG,.PDF,.JPG,.JPE
G,.JBIG2,.JB2,.eps]
(grfext)             \AppendGraphicsExtensions on input line 433.

(/usr/share/texmf-texlive/tex/latex/latexconfig/epstopdf-sys.cfg
File: epstopdf-sys.cfg 2009/10/26 v1.1 Configuration of epstopdf for TeX Live
)))
Package epstopdf-base Info: Redefining graphics rule for `.eps' on input line 4
0.

(/usr/share/texmf-texlive/tex/latex/lastpage/lastpage.sty
Package: lastpage 1994/06/25 v0.1b LaTeX2e package for refs to last page number
 (JPG)
)
(/usr/share/texmf-texlive/tex/latex/koma-script/scrpage2.sty
Package: scrpage2 2008/12/08 v2.3 LaTeX2e KOMA-Script package
)
(/usr/share/texmf-texlive/tex/latex/natbib/natbib.sty
Package: natbib 2009/07/16 8.31 (PWD, AO)
\bibhang=\skip46
\bibsep=\skip47
LaTeX Info: Redefining \cite on input line 694.
\c@NAT@ctr=\count104
)
(/usr/share/texmf-texlive/tex/latex/float/float.sty
Package: float 2001/11/08 v1.3d Float enhancements (AL)
\c@float@type=\count105
\float@exts=\toks23
\float@box=\box28
\@float@everytoks=\toks24
\@floatcapt=\box29
) (./main.aux

LaTeX Warning: Label `sub:aufgabe' multiply defined.


LaTeX Warning: Label `sub:aufgabe' multiply defined.


LaTeX Warning: Label `sub:aufgabe' multiply defined.


LaTeX Warning: Label `sub:aufgabe' multiply defined.


LaTeX Warning: Label `sub:aufgabe' multiply defined.

)
\openout1 = `main.aux'.

LaTeX Font Info:    Checking defaults for OML/txmi/m/it on input line 68.
LaTeX Font Info:    Try loading font information for OML+txmi on input line 68.

 (/usr/share/texmf-texlive/tex/latex/txfonts/omltxmi.fd
File: omltxmi.fd 2000/12/15 v3.1
)
LaTeX Font Info:    ... okay on input line 68.
LaTeX Font Info:    Checking defaults for T1/cmr/m/n on input line 68.
LaTeX Font Info:    ... okay on input line 68.
LaTeX Font Info:    Checking defaults for OT1/cmr/m/n on input line 68.
LaTeX Font Info:    ... okay on input line 68.
LaTeX Font Info:    Checking defaults for OMS/txsy/m/n on input line 68.
LaTeX Font Info:    Try loading font information for OMS+txsy on input line 68.


(/usr/share/texmf-texlive/tex/latex/txfonts/omstxsy.fd
File: omstxsy.fd 2000/12/15 v3.1
)
LaTeX Font Info:    ... okay on input line 68.
LaTeX Font Info:    Checking defaults for OMX/txex/m/n on input line 68.
LaTeX Font Info:    Try loading font information for OMX+txex on input line 68.


(/usr/share/texmf-texlive/tex/latex/txfonts/omxtxex.fd
File: omxtxex.fd 2000/12/15 v3.1
)
LaTeX Font Info:    ... okay on input line 68.
LaTeX Font Info:    Checking defaults for U/txexa/m/n on input line 68.
LaTeX Font Info:    Try loading font information for U+txexa on input line 68.

(/usr/share/texmf-texlive/tex/latex/txfonts/utxexa.fd
File: utxexa.fd 2000/12/15 v3.1
)
LaTeX Font Info:    ... okay on input line 68.
LaTeX Font Info:    Try loading font information for OT1+txr on input line 68.

(/usr/share/texmf-texlive/tex/latex/txfonts/ot1txr.fd
File: ot1txr.fd 2000/12/15 v3.1
)
*geometry auto-detecting driver*
*geometry detected driver: pdftex*
-------------------- Geometry parameters
paper: a4paper
landscape: --
twocolumn: --
twoside: --
asymmetric: --
h-parts: 56.9055pt, 483.69687pt, 56.9055pt
v-parts: 85.35826pt, 702.78308pt, 56.9055pt
hmarginratio: --
vmarginratio: --
lines: --
heightrounded: --
bindingoffset: 0.0pt
truedimen: --
includehead: --
includefoot: --
includemp: --
driver: pdftex
-------------------- Page layout dimensions and switches
\paperwidth  597.50787pt
\paperheight 845.04684pt
\textwidth  483.69687pt
\textheight 702.78308pt
\oddsidemargin  -15.36449pt
\evensidemargin -15.36449pt
\topmargin  -23.91173pt
\headheight 12.0pt
\headsep    25.0pt
\footskip   30.0pt
\marginparwidth 35.0pt
\marginparsep   10.0pt
\columnsep  10.0pt
\skip\footins  10.8pt plus 4.0pt minus 2.0pt
\hoffset 0.0pt
\voffset 0.0pt
\mag 1000

(1in=72.27pt, 1cm=28.45pt)
-----------------------
(/usr/share/texmf-texlive/tex/context/base/supp-pdf.mkii
[Loading MPS to PDF converter (version 2006.09.02).]
\scratchcounter=\count106
\scratchdimen=\dimen119
\scratchbox=\box30
\nofMPsegments=\count107
\nofMParguments=\count108
\everyMPshowfont=\toks25
\MPscratchCnt=\count109
\MPscratchDim=\dimen120
\MPnumerator=\count110
\everyMPtoPDFconversion=\toks26
)

Package scrpage2 Warning: seems you are using a constant headheight.
(scrpage2)                If you get overfull \vbox warnings at almost every
(scrpage2)                page, you should increase headheight e.g. writing
(scrpage2)                 \setlength{\headheight}{1.1\baselineskip}
(scrpage2)                into the preamble of your document.
(scrpage2)                A better solution would be to use typearea package.

LaTeX Font Info:    Try loading font information for U+txsya on input line 72.
(/usr/share/texmf-texlive/tex/latex/txfonts/utxsya.fd
File: utxsya.fd 2000/12/15 v3.1
)
LaTeX Font Info:    Try loading font information for U+txsyb on input line 72.

(/usr/share/texmf-texlive/tex/latex/txfonts/utxsyb.fd
File: utxsyb.fd 2000/12/15 v3.1
)
LaTeX Font Info:    Try loading font information for U+txmia on input line 72.

(/usr/share/texmf-texlive/tex/latex/txfonts/utxmia.fd
File: utxmia.fd 2000/12/15 v3.1
)
LaTeX Font Info:    Try loading font information for U+txsyc on input line 72.

(/usr/share/texmf-texlive/tex/latex/txfonts/utxsyc.fd
File: utxsyc.fd 2000/12/15 v3.1
)
Overfull \vbox (2.68404pt too high) has occurred while \output is active []


[1

{/var/lib/texmf/fonts/map/pdftex/updmap/pdftex.map}] (./aufgaben.tex
LaTeX Font Info:    Try loading font information for OMS+txr on input line 6.

(/usr/share/texmf-texlive/tex/latex/txfonts/omstxr.fd
File: omstxr.fd 2000/12/15 v3.1
)
LaTeX Font Info:    Font shape `OMS/txr/m/n' in size <12> not available
(Font)              Font shape `OMS/txsy/m/n' tried instead on input line 6.

Overfull \hbox (16.54585pt too wide) in paragraph at lines 23--25
\OT1/txr/m/n/12 du-la-ti-ons-span-nung von 2V so-wie ge-eig-ne-te Pa-ra-me-ter 
f[]ur die Ab-ta-stra-te, die Lock-In-Zeitkonstante
 []

)
Overfull \vbox (16.99998pt too high) has occurred while \output is active []


[2] (./grundlagen.tex
Overfull \hbox (21.01044pt too wide) in paragraph at lines 1--4
\OT1/txr/m/n/12 Bei der Auger-Elektronen-Spektroskopie (auch AES) han-delt es s
ich um ein Ober-fl[]achenanalyseverfahren.
 []


Underfull \hbox (badness 10000) in paragraph at lines 26--28

 []


Underfull \hbox (badness 10000) in paragraph at lines 33--34

 []


Underfull \hbox (badness 10000) in paragraph at lines 40--43

 []


Underfull \hbox (badness 10000) in paragraph at lines 44--47

 []


Overfull \vbox (16.99998pt too high) has occurred while \output is active []


[3]
Overfull \hbox (12.3522pt too wide) in paragraph at lines 60--66
\OT1/txr/m/n/12 De-tek-tors nach-ge-wie-sen. Folg-lich k[]onnen ela-stisch r[]u
ckgestreute Prim[]arelektronen, Se-kund[]arelektronen
 []

<Ag-Spektrum.png, id=19, 633.36626pt x 415.5525pt>
File: Ag-Spektrum.png Graphic file (type png)
 <use Ag-Spektrum.png>
<chem-shift.png, id=21, 444.66125pt x 692.5875pt>
File: chem-shift.png Graphic file (type png)
 <use chem-shift.png>

LaTeX Warning: `h' float specifier changed to `ht'.


Overfull \vbox (16.99998pt too high) has occurred while \output is active []


[4 <./Ag-Spektrum.png>]
Overfull \vbox (16.99998pt too high) has occurred while \output is active []


[5 <./chem-shift.png>])
Overfull \vbox (16.99998pt too high) has occurred while \output is active []


[6] (./aufbau.tex <Versuchsaufbau.png, id=34, 1367.1075pt x 782.925pt>
File: Versuchsaufbau.png Graphic file (type png)

<use Versuchsaufbau.png>
Overfull \hbox (63.13644pt too wide) in paragraph at lines 6--7
 [] 
 []


! Package inputenc Error: Unicode char \u8:Â° not set up for use with LaTeX.

See the inputenc package documentation for explanation.
Type  H <return>  for immediate help.
 ...                                              
                                                  
l.17 ...esamte Anlage mehrere Tage bei 150 - 400Â°
                                                  C ausgeheizt. \cite{descri...

Your command was ignored.
Type  I <command> <return>  to replace it with another command,
or  <return>  to continue without it.


Underfull \hbox (badness 10000) in paragraph at lines 15--18

 []

<cma.png, id=35, 1349.04pt x 765.86125pt>
File: cma.png Graphic file (type png)
 <use cma.png>
Overfull \vbox (16.99998pt too high) has occurred while \output is active []


[7 <./Versuchsaufbau.png (PNG copy)>]
<lockin.png, id=40, 708.6475pt x 274.02374pt>
File: lockin.png Graphic file (type png)
 <use lockin.png>)
Overfull \vbox (16.99998pt too high) has occurred while \output is active []


[8 <./cma.png> <./lockin.png>] (./messwerte.tex
<probe_photo_Bear.jpg, id=46, 963.6pt x 761.84625pt>
File: probe_photo_Bear.jpg Graphic file (type jpg)

<use probe_photo_Bear.jpg>
! Argument of \@tempf has an extra }.
<inserted text> 
                \par 
l.9 ...ben \\ (Aufnahme durch eine Digitalkamera)}
                                                  
I've run across a `}' that doesn't seem to match anything.
For example, `\def\a#1{...}' and `\a}' would produce
this error. If you simply proceed now, the `\par' that
I've just inserted will cause me to report a runaway
argument that might be the root of the problem. But if
your `}' was spurious, just type `2' and it will go away.

Runaway argument?
\@captype {\def \reserved@a *{\nobreak \@xcentercr }\reserved@a }\def \ETC.
! Paragraph ended before \@tempf was complete.
<to be read again> 
                   \par 
l.9 ...ben \\ (Aufnahme durch eine Digitalkamera)}
                                                  
I suspect you've forgotten a `}', causing me to apply this
control sequence to too much text. How can we recover?
My plan is to forget the whole thing and hope for the best.


! LaTeX Error: Something's wrong--perhaps a missing \item.

See the LaTeX manual or LaTeX Companion for explanation.
Type  H <return>  for immediate help.
 ...                                              
                                                  
l.9 ...ben \\ (Aufnahme durch eine Digitalkamera)}
                                                  
Try typing  <return>  to proceed.
If that doesn't work, type  X <return>  to quit.

<epic01.jpg, id=47, 412.54124pt x 380.17032pt>
File: epic01.jpg Graphic file (type jpg)
 <use epic01.jpg>
! Argument of \@tempf has an extra }.
<inserted text> 
                \par 
l.17 ...me mit 4keV und Probenstrom von ca. 43 nA}
                                                  
I've run across a `}' that doesn't seem to match anything.
For example, `\def\a#1{...}' and `\a}' would produce
this error. If you simply proceed now, the `\par' that
I've just inserted will cause me to report a runaway
argument that might be the root of the problem. But if
your `}' was spurious, just type `2' and it will go away.

Runaway argument?
\@captype {\def \reserved@a *{\nobreak \@xcentercr }\reserved@a }\def \ETC.
! Paragraph ended before \@tempf was complete.
<to be read again> 
                   \par 
l.17 ...me mit 4keV und Probenstrom von ca. 43 nA}
                                                  
I suspect you've forgotten a `}', causing me to apply this
control sequence to too much text. How can we recover?
My plan is to forget the whole thing and hope for the best.


! LaTeX Error: Something's wrong--perhaps a missing \item.

See the LaTeX manual or LaTeX Companion for explanation.
Type  H <return>  for immediate help.
 ...                                              
                                                  
l.17 ...me mit 4keV und Probenstrom von ca. 43 nA}
                                                  
Try typing  <return>  to proceed.
If that doesn't work, type  X <return>  to quit.

<epic02.jpg, id=48, 412.54124pt x 380.17032pt>
File: epic02.jpg Graphic file (type jpg)
 <use epic02.jpg>
! Argument of \@tempf has an extra }.
<inserted text> 
                \par 
l.23 ...e mit 4keV und Probenstrom von ca. 130 nA}
                                                  
I've run across a `}' that doesn't seem to match anything.
For example, `\def\a#1{...}' and `\a}' would produce
this error. If you simply proceed now, the `\par' that
I've just inserted will cause me to report a runaway
argument that might be the root of the problem. But if
your `}' was spurious, just type `2' and it will go away.

Runaway argument?
\@captype {\def \reserved@a *{\nobreak \@xcentercr }\reserved@a }\def \ETC.
! Paragraph ended before \@tempf was complete.
<to be read again> 
                   \par 
l.23 ...e mit 4keV und Probenstrom von ca. 130 nA}
                                                  
I suspect you've forgotten a `}', causing me to apply this
control sequence to too much text. How can we recover?
My plan is to forget the whole thing and hope for the best.


! LaTeX Error: Something's wrong--perhaps a missing \item.

See the LaTeX manual or LaTeX Companion for explanation.
Type  H <return>  for immediate help.
 ...                                              
                                                  
l.23 ...e mit 4keV und Probenstrom von ca. 130 nA}
                                                  
Try typing  <return>  to proceed.
If that doesn't work, type  X <return>  to quit.


Overfull \vbox (16.99998pt too high) has occurred while \output is active []


[9 <./probe_photo_Bear.jpg> <./epic01.jpg>]
<epicSchraube.jpg, id=52, 412.54124pt x 380.17032pt>
File: epicSchraube.jpg Graphic file (type jpg)
 <use epicSchraube.jpg>
! Argument of \@tempf has an extra }.
<inserted text> 
                \par 
l.29 ...e mit 4keV und Probenstrom von ca. 110 nA}
                                                  
I've run across a `}' that doesn't seem to match anything.
For example, `\def\a#1{...}' and `\a}' would produce
this error. If you simply proceed now, the `\par' that
I've just inserted will cause me to report a runaway
argument that might be the root of the problem. But if
your `}' was spurious, just type `2' and it will go away.

Runaway argument?
\@captype {\def \reserved@a *{\nobreak \@xcentercr }\reserved@a }\def \ETC.
! Paragraph ended before \@tempf was complete.
<to be read again> 
                   \par 
l.29 ...e mit 4keV und Probenstrom von ca. 110 nA}
                                                  
I suspect you've forgotten a `}', causing me to apply this
control sequence to too much text. How can we recover?
My plan is to forget the whole thing and hope for the best.


! LaTeX Error: Something's wrong--perhaps a missing \item.

See the LaTeX manual or LaTeX Companion for explanation.
Type  H <return>  for immediate help.
 ...                                              
                                                  
l.29 ...e mit 4keV und Probenstrom von ca. 110 nA}
                                                  
Try typing  <return>  to proceed.
If that doesn't work, type  X <return>  to quit.

(./ma03-16.tex
Package epstopdf Info: Source file: <ma03-16.eps>
(epstopdf)                    date: 2015-11-09 19:24:01
(epstopdf)                    size: 21371 bytes
(epstopdf)             Output file: <ma03-16-eps-converted-to.pdf>
(epstopdf)                    date: 2015-11-09 19:24:04
(epstopdf)                    size: 5632 bytes
(epstopdf)             Command: < ps2pdf -dEPSCrop ma03-16.eps ma03-16-eps-conv
erted-to.pdf>
(epstopdf)             \includegraphics on input line 103.
Package epstopdf Info: Output file is already uptodate.

<ma03-16-eps-converted-to.pdf, id=53, 468.75125pt x 255.95625pt>
File: ma03-16-eps-converted-to.pdf Graphic file (type pdf)

<use ma03-16-eps-converted-to.pdf>)
! Argument of \@tempf has an extra }.
<inserted text> 
                \par 
l.43 ... 1mV, Zeitkonstante 300ms, Phase 12^\circ}
                                                  
I've run across a `}' that doesn't seem to match anything.
For example, `\def\a#1{...}' and `\a}' would produce
this error. If you simply proceed now, the `\par' that
I've just inserted will cause me to report a runaway
argument that might be the root of the problem. But if
your `}' was spurious, just type `2' and it will go away.

Runaway argument?
\@captype {\def \reserved@a *{\nobreak \@xcentercr }\reserved@a }\def \ETC.
! Paragraph ended before \@tempf was complete.
<to be read again> 
                   \par 
l.43 ... 1mV, Zeitkonstante 300ms, Phase 12^\circ}
                                                  
I suspect you've forgotten a `}', causing me to apply this
control sequence to too much text. How can we recover?
My plan is to forget the whole thing and hope for the best.

! Missing $ inserted.
<inserted text> 
                $
l.43 ... 1mV, Zeitkonstante 300ms, Phase 12^\circ}
                                                  
I've inserted a begin-math/end-math symbol since I think
you left one out. Proceed, with fingers crossed.

! Missing $ inserted.
<inserted text> 
                $
l.43 ... 1mV, Zeitkonstante 300ms, Phase 12^\circ}
                                                  
I've inserted a begin-math/end-math symbol since I think
you left one out. Proceed, with fingers crossed.

! Missing $ inserted.
<inserted text> 
                $
l.43 ... 1mV, Zeitkonstante 300ms, Phase 12^\circ}
                                                  
I've inserted a begin-math/end-math symbol since I think
you left one out. Proceed, with fingers crossed.

! Missing $ inserted.
<inserted text> 
                $
l.43 ... 1mV, Zeitkonstante 300ms, Phase 12^\circ}
                                                  
I've inserted a begin-math/end-math symbol since I think
you left one out. Proceed, with fingers crossed.


Overfull \vbox (16.99998pt too high) has occurred while \output is active []


[10 <./epic02.jpg> <./epicSchraube.jpg>] (./ma03-15.tex
Package epstopdf Info: Source file: <ma03-15.eps>
(epstopdf)                    date: 2015-11-09 20:15:45
(epstopdf)                    size: 20445 bytes
(epstopdf)             Output file: <ma03-15-eps-converted-to.pdf>
(epstopdf)                    date: 2015-11-09 20:23:01
(epstopdf)                    size: 5151 bytes
(epstopdf)             Command: < ps2pdf -dEPSCrop ma03-15.eps ma03-15-eps-conv
erted-to.pdf>
(epstopdf)             \includegraphics on input line 105.
Package epstopdf Info: Output file is already uptodate.

<ma03-15-eps-converted-to.pdf, id=57, 468.75125pt x 255.95625pt>
File: ma03-15-eps-converted-to.pdf Graphic file (type pdf)

<use ma03-15-eps-converted-to.pdf>)
! Argument of \@tempf has an extra }.
<inserted text> 
                \par 
l.49 ... 1mV, Zeitkonstante 300ms, Phase 12^\circ}
                                                  
I've run across a `}' that doesn't seem to match anything.
For example, `\def\a#1{...}' and `\a}' would produce
this error. If you simply proceed now, the `\par' that
I've just inserted will cause me to report a runaway
argument that might be the root of the problem. But if
your `}' was spurious, just type `2' and it will go away.

Runaway argument?
\@captype {\def \reserved@a *{\nobreak \@xcentercr }\reserved@a }\def \ETC.
! Paragraph ended before \@tempf was complete.
<to be read again> 
                   \par 
l.49 ... 1mV, Zeitkonstante 300ms, Phase 12^\circ}
                                                  
I suspect you've forgotten a `}', causing me to apply this
control sequence to too much text. How can we recover?
My plan is to forget the whole thing and hope for the best.

! Missing $ inserted.
<inserted text> 
                $
l.49 ... 1mV, Zeitkonstante 300ms, Phase 12^\circ}
                                                  
I've inserted a begin-math/end-math symbol since I think
you left one out. Proceed, with fingers crossed.

! Missing $ inserted.
<inserted text> 
                $
l.49 ... 1mV, Zeitkonstante 300ms, Phase 12^\circ}
                                                  
I've inserted a begin-math/end-math symbol since I think
you left one out. Proceed, with fingers crossed.

! Missing $ inserted.
<inserted text> 
                $
l.49 ... 1mV, Zeitkonstante 300ms, Phase 12^\circ}
                                                  
I've inserted a begin-math/end-math symbol since I think
you left one out. Proceed, with fingers crossed.

! Missing $ inserted.
<inserted text> 
                $
l.49 ... 1mV, Zeitkonstante 300ms, Phase 12^\circ}
                                                  
I've inserted a begin-math/end-math symbol since I think
you left one out. Proceed, with fingers crossed.


Overfull \vbox (16.99998pt too high) has occurred while \output is active []


[11 <./ma03-16-eps-converted-to.pdf> <./ma03-15-eps-converted-to.pdf>]

LaTeX Warning: Command \= invalid in math mode on input line 73.

! Please use \mathaccent for accents in math mode.
\add@accent ...@spacefactor \spacefactor }\accent 
                                                  #1 #2\egroup \spacefactor ...
l.73 		\Rightarrow \={K}
                         = 1.624
I'm changing \accent to \mathaccent here; wish me luck.
(Accents are not the same in formulas as they are in text.)

! You can't use `\spacefactor' in display math mode.
\add@accent ...}\accent #1 #2\egroup \spacefactor 
                                                  \accent@spacefactor 
l.73 		\Rightarrow \={K}
                         = 1.624
Sorry, but I'm not programmed to handle this case;
I'll just pretend that you didn't ask for it.
If you're in the wrong mode, you might be able to
return to the right one by typing `I}' or `I$' or `I\par'.

Missing character: There is no ç in font txex!
(./ma03-01.tex
Package epstopdf Info: Source file: <ma03-01.eps>
(epstopdf)                    date: 2015-11-09 20:32:31
(epstopdf)                    size: 18338 bytes
(epstopdf)             Output file: <ma03-01-eps-converted-to.pdf>
(epstopdf)                    date: 2015-11-09 20:32:34
(epstopdf)                    size: 3674 bytes
(epstopdf)             Command: < ps2pdf -dEPSCrop ma03-01.eps ma03-01-eps-conv
erted-to.pdf>
(epstopdf)             \includegraphics on input line 103.
Package epstopdf Info: Output file is already uptodate.

<ma03-01-eps-converted-to.pdf, id=65, 468.75125pt x 255.95625pt>
File: ma03-01-eps-converted-to.pdf Graphic file (type pdf)

<use ma03-01-eps-converted-to.pdf>)
! Argument of \@tempf has an extra }.
<inserted text> 
                \par 
l.84 ...t 1mV, Zeitkonstante 100ms, Phase 0^\circ}
                                                  
I've run across a `}' that doesn't seem to match anything.
For example, `\def\a#1{...}' and `\a}' would produce
this error. If you simply proceed now, the `\par' that
I've just inserted will cause me to report a runaway
argument that might be the root of the problem. But if
your `}' was spurious, just type `2' and it will go away.

Runaway argument?
\@captype {\def \reserved@a *{\nobreak \@xcentercr }\reserved@a }\def \ETC.
! Paragraph ended before \@tempf was complete.
<to be read again> 
                   \par 
l.84 ...t 1mV, Zeitkonstante 100ms, Phase 0^\circ}
                                                  
I suspect you've forgotten a `}', causing me to apply this
control sequence to too much text. How can we recover?
My plan is to forget the whole thing and hope for the best.

! Missing $ inserted.
<inserted text> 
                $
l.84 ...t 1mV, Zeitkonstante 100ms, Phase 0^\circ}
                                                  
I've inserted a begin-math/end-math symbol since I think
you left one out. Proceed, with fingers crossed.

! Missing $ inserted.
<inserted text> 
                $
l.84 ...t 1mV, Zeitkonstante 100ms, Phase 0^\circ}
                                                  
I've inserted a begin-math/end-math symbol since I think
you left one out. Proceed, with fingers crossed.

(./ma03-02.tex
Package epstopdf Info: Source file: <ma03-02.eps>
(epstopdf)                    date: 2015-11-09 20:32:14
(epstopdf)                    size: 18332 bytes
(epstopdf)             Output file: <ma03-02-eps-converted-to.pdf>
(epstopdf)                    date: 2015-11-09 20:32:34
(epstopdf)                    size: 3666 bytes
(epstopdf)             Command: < ps2pdf -dEPSCrop ma03-02.eps ma03-02-eps-conv
erted-to.pdf>
(epstopdf)             \includegraphics on input line 103.
Package epstopdf Info: Output file is already uptodate.

<ma03-02-eps-converted-to.pdf, id=66, 468.75125pt x 255.95625pt>
File: ma03-02-eps-converted-to.pdf Graphic file (type pdf)

<use ma03-02-eps-converted-to.pdf>)
! Argument of \@tempf has an extra }.
<inserted text> 
                \par 
l.90 ...t 1mV, Zeitkonstante 100ms, Phase 0^\circ}
                                                  
I've run across a `}' that doesn't seem to match anything.
For example, `\def\a#1{...}' and `\a}' would produce
this error. If you simply proceed now, the `\par' that
I've just inserted will cause me to report a runaway
argument that might be the root of the problem. But if
your `}' was spurious, just type `2' and it will go away.

Runaway argument?
\@captype {\def \reserved@a *{\nobreak \@xcentercr }\reserved@a }\def \ETC.
! Paragraph ended before \@tempf was complete.
<to be read again> 
                   \par 
l.90 ...t 1mV, Zeitkonstante 100ms, Phase 0^\circ}
                                                  
I suspect you've forgotten a `}', causing me to apply this
control sequence to too much text. How can we recover?
My plan is to forget the whole thing and hope for the best.

! Missing $ inserted.
<inserted text> 
                $
l.90 ...t 1mV, Zeitkonstante 100ms, Phase 0^\circ}
                                                  
I've inserted a begin-math/end-math symbol since I think
you left one out. Proceed, with fingers crossed.

! Missing $ inserted.
<inserted text> 
                $
l.90 ...t 1mV, Zeitkonstante 100ms, Phase 0^\circ}
                                                  
I've inserted a begin-math/end-math symbol since I think
you left one out. Proceed, with fingers crossed.


Overfull \vbox (16.99998pt too high) has occurred while \output is active []


[12 <./ma03-01-eps-converted-to.pdf>] (./ma03-03.tex
Package epstopdf Info: Source file: <ma03-03.eps>
(epstopdf)                    date: 2015-11-09 20:32:01
(epstopdf)                    size: 18257 bytes
(epstopdf)             Output file: <ma03-03-eps-converted-to.pdf>
(epstopdf)                    date: 2015-11-09 20:32:34
(epstopdf)                    size: 3650 bytes
(epstopdf)             Command: < ps2pdf -dEPSCrop ma03-03.eps ma03-03-eps-conv
erted-to.pdf>
(epstopdf)             \includegraphics on input line 103.
Package epstopdf Info: Output file is already uptodate.

<ma03-03-eps-converted-to.pdf, id=72, 468.75125pt x 255.95625pt>
File: ma03-03-eps-converted-to.pdf Graphic file (type pdf)

<use ma03-03-eps-converted-to.pdf>)
! Argument of \@tempf has an extra }.
<inserted text> 
                \par 
l.96 ...t 1mV, Zeitkonstante 100ms, Phase 0^\circ}
                                                  
I've run across a `}' that doesn't seem to match anything.
For example, `\def\a#1{...}' and `\a}' would produce
this error. If you simply proceed now, the `\par' that
I've just inserted will cause me to report a runaway
argument that might be the root of the problem. But if
your `}' was spurious, just type `2' and it will go away.

Runaway argument?
\@captype {\def \reserved@a *{\nobreak \@xcentercr }\reserved@a }\def \ETC.
! Paragraph ended before \@tempf was complete.
<to be read again> 
                   \par 
l.96 ...t 1mV, Zeitkonstante 100ms, Phase 0^\circ}
                                                  
I suspect you've forgotten a `}', causing me to apply this
control sequence to too much text. How can we recover?
My plan is to forget the whole thing and hope for the best.

! Missing $ inserted.
<inserted text> 
                $
l.96 ...t 1mV, Zeitkonstante 100ms, Phase 0^\circ}
                                                  
I've inserted a begin-math/end-math symbol since I think
you left one out. Proceed, with fingers crossed.

! Missing $ inserted.
<inserted text> 
                $
l.96 ...t 1mV, Zeitkonstante 100ms, Phase 0^\circ}
                                                  
I've inserted a begin-math/end-math symbol since I think
you left one out. Proceed, with fingers crossed.


Overfull \vbox (16.99998pt too high) has occurred while \output is active []


[13 <./ma03-02-eps-converted-to.pdf> <./ma03-03-eps-converted-to.pdf>]
(./ma03-12.tex
Package epstopdf Info: Source file: <ma03-12.eps>
(epstopdf)                    date: 2015-11-09 20:40:33
(epstopdf)                    size: 17739 bytes
(epstopdf)             Output file: <ma03-12-eps-converted-to.pdf>
(epstopdf)                    date: 2015-11-09 20:40:37
(epstopdf)                    size: 3691 bytes
(epstopdf)             Command: < ps2pdf -dEPSCrop ma03-12.eps ma03-12-eps-conv
erted-to.pdf>
(epstopdf)             \includegraphics on input line 103.
Package epstopdf Info: Output file is already uptodate.

<ma03-12-eps-converted-to.pdf, id=81, 468.75125pt x 255.95625pt>
File: ma03-12-eps-converted-to.pdf Graphic file (type pdf)

<use ma03-12-eps-converted-to.pdf>)
! Argument of \@tempf has an extra }.
<inserted text> 
                \par 
l.117 ... 30s, Empfindlichkeit 1mV, Phase 0^\circ}
                                                  
I've run across a `}' that doesn't seem to match anything.
For example, `\def\a#1{...}' and `\a}' would produce
this error. If you simply proceed now, the `\par' that
I've just inserted will cause me to report a runaway
argument that might be the root of the problem. But if
your `}' was spurious, just type `2' and it will go away.

Runaway argument?
\@captype {\def \reserved@a *{\nobreak \@xcentercr }\reserved@a }\def \ETC.
! Paragraph ended before \@tempf was complete.
<to be read again> 
                   \par 
l.117 ... 30s, Empfindlichkeit 1mV, Phase 0^\circ}
                                                  
I suspect you've forgotten a `}', causing me to apply this
control sequence to too much text. How can we recover?
My plan is to forget the whole thing and hope for the best.

! Missing $ inserted.
<inserted text> 
                $
l.117 ... 30s, Empfindlichkeit 1mV, Phase 0^\circ}
                                                  
I've inserted a begin-math/end-math symbol since I think
you left one out. Proceed, with fingers crossed.

! Missing $ inserted.
<inserted text> 
                $
l.117 ... 30s, Empfindlichkeit 1mV, Phase 0^\circ}
                                                  
I've inserted a begin-math/end-math symbol since I think
you left one out. Proceed, with fingers crossed.

(./ma03-11.tex
Package epstopdf Info: Source file: <ma03-11.eps>
(epstopdf)                    date: 2015-11-09 20:43:31
(epstopdf)                    size: 17581 bytes
(epstopdf)             Output file: <ma03-11-eps-converted-to.pdf>
(epstopdf)                    date: 2015-11-09 20:43:38
(epstopdf)                    size: 3627 bytes
(epstopdf)             Command: < ps2pdf -dEPSCrop ma03-11.eps ma03-11-eps-conv
erted-to.pdf>
(epstopdf)             \includegraphics on input line 103.
Package epstopdf Info: Output file is already uptodate.

<ma03-11-eps-converted-to.pdf, id=82, 468.75125pt x 255.95625pt>
File: ma03-11-eps-converted-to.pdf Graphic file (type pdf)

<use ma03-11-eps-converted-to.pdf>)
! Argument of \@tempf has an extra }.
<inserted text> 
                \par 
l.123 ... 30s, Empfindlichkeit 1mV, Phase 0^\circ}
                                                  
I've run across a `}' that doesn't seem to match anything.
For example, `\def\a#1{...}' and `\a}' would produce
this error. If you simply proceed now, the `\par' that
I've just inserted will cause me to report a runaway
argument that might be the root of the problem. But if
your `}' was spurious, just type `2' and it will go away.

Runaway argument?
\@captype {\def \reserved@a *{\nobreak \@xcentercr }\reserved@a }\def \ETC.
! Paragraph ended before \@tempf was complete.
<to be read again> 
                   \par 
l.123 ... 30s, Empfindlichkeit 1mV, Phase 0^\circ}
                                                  
I suspect you've forgotten a `}', causing me to apply this
control sequence to too much text. How can we recover?
My plan is to forget the whole thing and hope for the best.

! Missing $ inserted.
<inserted text> 
                $
l.123 ... 30s, Empfindlichkeit 1mV, Phase 0^\circ}
                                                  
I've inserted a begin-math/end-math symbol since I think
you left one out. Proceed, with fingers crossed.

! Missing $ inserted.
<inserted text> 
                $
l.123 ... 30s, Empfindlichkeit 1mV, Phase 0^\circ}
                                                  
I've inserted a begin-math/end-math symbol since I think
you left one out. Proceed, with fingers crossed.

(./ma03-10.tex
Package epstopdf Info: Source file: <ma03-10.eps>
(epstopdf)                    date: 2015-11-09 20:44:07
(epstopdf)                    size: 17528 bytes
(epstopdf)             Output file: <ma03-10-eps-converted-to.pdf>
(epstopdf)                    date: 2015-11-09 20:44:10
(epstopdf)                    size: 3577 bytes
(epstopdf)             Command: < ps2pdf -dEPSCrop ma03-10.eps ma03-10-eps-conv
erted-to.pdf>
(epstopdf)             \includegraphics on input line 103.
Package epstopdf Info: Output file is already uptodate.

<ma03-10-eps-converted-to.pdf, id=83, 468.75125pt x 255.95625pt>
File: ma03-10-eps-converted-to.pdf Graphic file (type pdf)

<use ma03-10-eps-converted-to.pdf>)
! Argument of \@tempf has an extra }.
<inserted text> 
                \par 
l.129 ... 30s, Empfindlichkeit 1mV, Phase 0^\circ}
                                                  
I've run across a `}' that doesn't seem to match anything.
For example, `\def\a#1{...}' and `\a}' would produce
this error. If you simply proceed now, the `\par' that
I've just inserted will cause me to report a runaway
argument that might be the root of the problem. But if
your `}' was spurious, just type `2' and it will go away.

Runaway argument?
\@captype {\def \reserved@a *{\nobreak \@xcentercr }\reserved@a }\def \ETC.
! Paragraph ended before \@tempf was complete.
<to be read again> 
                   \par 
l.129 ... 30s, Empfindlichkeit 1mV, Phase 0^\circ}
                                                  
I suspect you've forgotten a `}', causing me to apply this
control sequence to too much text. How can we recover?
My plan is to forget the whole thing and hope for the best.

! Missing $ inserted.
<inserted text> 
                $
l.129 ... 30s, Empfindlichkeit 1mV, Phase 0^\circ}
                                                  
I've inserted a begin-math/end-math symbol since I think
you left one out. Proceed, with fingers crossed.

! Missing $ inserted.
<inserted text> 
                $
l.129 ... 30s, Empfindlichkeit 1mV, Phase 0^\circ}
                                                  
I've inserted a begin-math/end-math symbol since I think
you left one out. Proceed, with fingers crossed.


Overfull \vbox (16.99998pt too high) has occurred while \output is active []


[14 <./ma03-12-eps-converted-to.pdf> <./ma03-11-eps-converted-to.pdf>]
(./ma03-08.tex
Package epstopdf Info: Source file: <ma03-08.eps>
(epstopdf)                    date: 2015-11-09 22:19:30
(epstopdf)                    size: 17215 bytes
(epstopdf)             Output file: <ma03-08-eps-converted-to.pdf>
(epstopdf)                    date: 2015-11-09 22:19:36
(epstopdf)                    size: 3384 bytes
(epstopdf)             Command: < ps2pdf -dEPSCrop ma03-08.eps ma03-08-eps-conv
erted-to.pdf>
(epstopdf)             \includegraphics on input line 106.
Package epstopdf Info: Output file is already uptodate.

<ma03-08-eps-converted-to.pdf, id=91, 468.75125pt x 255.95625pt>
File: ma03-08-eps-converted-to.pdf Graphic file (type pdf)

<use ma03-08-eps-converted-to.pdf>)
! Argument of \@tempf has an extra }.
<inserted text> 
                \par 
l.162 ...Empfindlichkeit 1mV, Zeitkonstante 100ms}
                                                  
I've run across a `}' that doesn't seem to match anything.
For example, `\def\a#1{...}' and `\a}' would produce
this error. If you simply proceed now, the `\par' that
I've just inserted will cause me to report a runaway
argument that might be the root of the problem. But if
your `}' was spurious, just type `2' and it will go away.

Runaway argument?
\@captype {\def \reserved@a *{\nobreak \@xcentercr }\reserved@a }\def \ETC.
! Paragraph ended before \@tempf was complete.
<to be read again> 
                   \par 
l.162 ...Empfindlichkeit 1mV, Zeitkonstante 100ms}
                                                  
I suspect you've forgotten a `}', causing me to apply this
control sequence to too much text. How can we recover?
My plan is to forget the whole thing and hope for the best.


Overfull \vbox (16.99998pt too high) has occurred while \output is active []


[15 <./ma03-10-eps-converted-to.pdf>] (./ma03-07.tex
Package epstopdf Info: Source file: <ma03-07.eps>
(epstopdf)                    date: 2015-11-09 22:19:32
(epstopdf)                    size: 17213 bytes
(epstopdf)             Output file: <ma03-07-eps-converted-to.pdf>
(epstopdf)                    date: 2015-11-09 22:19:36
(epstopdf)                    size: 3376 bytes
(epstopdf)             Command: < ps2pdf -dEPSCrop ma03-07.eps ma03-07-eps-conv
erted-to.pdf>
(epstopdf)             \includegraphics on input line 106.
Package epstopdf Info: Output file is already uptodate.

<ma03-07-eps-converted-to.pdf, id=97, 468.75125pt x 255.95625pt>
File: ma03-07-eps-converted-to.pdf Graphic file (type pdf)

<use ma03-07-eps-converted-to.pdf>)
! Argument of \@tempf has an extra }.
<inserted text> 
                \par 
l.168 ...Empfindlichkeit 1mV, Zeitkonstante 100ms}
                                                  
I've run across a `}' that doesn't seem to match anything.
For example, `\def\a#1{...}' and `\a}' would produce
this error. If you simply proceed now, the `\par' that
I've just inserted will cause me to report a runaway
argument that might be the root of the problem. But if
your `}' was spurious, just type `2' and it will go away.

Runaway argument?
\@captype {\def \reserved@a *{\nobreak \@xcentercr }\reserved@a }\def \ETC.
! Paragraph ended before \@tempf was complete.
<to be read again> 
                   \par 
l.168 ...Empfindlichkeit 1mV, Zeitkonstante 100ms}
                                                  
I suspect you've forgotten a `}', causing me to apply this
control sequence to too much text. How can we recover?
My plan is to forget the whole thing and hope for the best.

(./ma03-14.tex
Package epstopdf Info: Source file: <ma03-14.eps>
(epstopdf)                    date: 2015-11-09 22:19:29
(epstopdf)                    size: 16909 bytes
(epstopdf)             Output file: <ma03-14-eps-converted-to.pdf>
(epstopdf)                    date: 2015-11-09 22:19:36
(epstopdf)                    size: 3172 bytes
(epstopdf)             Command: < ps2pdf -dEPSCrop ma03-14.eps ma03-14-eps-conv
erted-to.pdf>
(epstopdf)             \includegraphics on input line 106.
Package epstopdf Info: Output file is already uptodate.

<ma03-14-eps-converted-to.pdf, id=98, 468.75125pt x 255.95625pt>
File: ma03-14-eps-converted-to.pdf Graphic file (type pdf)

<use ma03-14-eps-converted-to.pdf>)
! Argument of \@tempf has an extra }.
<inserted text> 
                \par 
l.174 ...Empfindlichkeit 1mV, Zeitkonstante 300ms}
                                                  
I've run across a `}' that doesn't seem to match anything.
For example, `\def\a#1{...}' and `\a}' would produce
this error. If you simply proceed now, the `\par' that
I've just inserted will cause me to report a runaway
argument that might be the root of the problem. But if
your `}' was spurious, just type `2' and it will go away.

Runaway argument?
\@captype {\def \reserved@a *{\nobreak \@xcentercr }\reserved@a }\def \ETC.
! Paragraph ended before \@tempf was complete.
<to be read again> 
                   \par 
l.174 ...Empfindlichkeit 1mV, Zeitkonstante 300ms}
                                                  
I suspect you've forgotten a `}', causing me to apply this
control sequence to too much text. How can we recover?
My plan is to forget the whole thing and hope for the best.


Overfull \vbox (16.99998pt too high) has occurred while \output is active []


[16 <./ma03-08-eps-converted-to.pdf> <./ma03-07-eps-converted-to.pdf>]

LaTeX Warning: Command \textendash invalid in math mode on input line 179.

(./ph2.tex
Package epstopdf Info: Source file: <ph2.eps>
(epstopdf)                    date: 2015-11-10 03:30:41
(epstopdf)                    size: 28908 bytes
(epstopdf)             Output file: <ph2-eps-converted-to.pdf>
(epstopdf)                    date: 2015-11-10 03:30:44
(epstopdf)                    size: 10636 bytes
(epstopdf)             Command: < ps2pdf -dEPSCrop ph2.eps ph2-eps-converted-to
.pdf>
(epstopdf)             \includegraphics on input line 107.
Package epstopdf Info: Output file is already uptodate.
 <ph2-eps-converted-to.pdf, id=106, 468.75125pt x 284.06125pt>
File: ph2-eps-converted-to.pdf Graphic file (type pdf)

<use ph2-eps-converted-to.pdf>)
! Argument of \@tempf has an extra }.
<inserted text> 
                \par 
l.202 ... 0.1mV, Zeitkonstante 3s, Phase 12^\circ}
                                                  
I've run across a `}' that doesn't seem to match anything.
For example, `\def\a#1{...}' and `\a}' would produce
this error. If you simply proceed now, the `\par' that
I've just inserted will cause me to report a runaway
argument that might be the root of the problem. But if
your `}' was spurious, just type `2' and it will go away.

Runaway argument?
\@captype {\def \reserved@a *{\nobreak \@xcentercr }\reserved@a }\def \ETC.
! Paragraph ended before \@tempf was complete.
<to be read again> 
                   \par 
l.202 ... 0.1mV, Zeitkonstante 3s, Phase 12^\circ}
                                                  
I suspect you've forgotten a `}', causing me to apply this
control sequence to too much text. How can we recover?
My plan is to forget the whole thing and hope for the best.

! Missing $ inserted.
<inserted text> 
                $
l.202 ... 0.1mV, Zeitkonstante 3s, Phase 12^\circ}
                                                  
I've inserted a begin-math/end-math symbol since I think
you left one out. Proceed, with fingers crossed.

! Missing $ inserted.
<inserted text> 
                $
l.202 ... 0.1mV, Zeitkonstante 3s, Phase 12^\circ}
                                                  
I've inserted a begin-math/end-math symbol since I think
you left one out. Proceed, with fingers crossed.

! Missing $ inserted.
<inserted text> 
                $
l.202 ... 0.1mV, Zeitkonstante 3s, Phase 12^\circ}
                                                  
I've inserted a begin-math/end-math symbol since I think
you left one out. Proceed, with fingers crossed.

! Missing $ inserted.
<inserted text> 
                $
l.202 ... 0.1mV, Zeitkonstante 3s, Phase 12^\circ}
                                                  
I've inserted a begin-math/end-math symbol since I think
you left one out. Proceed, with fingers crossed.


Overfull \vbox (16.99998pt too high) has occurred while \output is active []


[17 <./ma03-14-eps-converted-to.pdf>] (./ph4.tex
Package epstopdf Info: Source file: <ph4.eps>
(epstopdf)                    date: 2015-11-10 00:01:37
(epstopdf)                    size: 17512 bytes
(epstopdf)             Output file: <ph4-eps-converted-to.pdf>
(epstopdf)                    date: 2015-11-10 00:01:40
(epstopdf)                    size: 3504 bytes
(epstopdf)             Command: < ps2pdf -dEPSCrop ph4.eps ph4-eps-converted-to
.pdf>
(epstopdf)             \includegraphics on input line 105.
Package epstopdf Info: Output file is already uptodate.

<ph4-eps-converted-to.pdf, id=112, 468.75125pt x 255.95625pt>
File: ph4-eps-converted-to.pdf Graphic file (type pdf)

<use ph4-eps-converted-to.pdf>)
! Argument of \@tempf has an extra }.
<inserted text> 
                \par 
l.208 ...3mV, Zeitkonstante 300ms, Phase 12^\circ}
                                                  
I've run across a `}' that doesn't seem to match anything.
For example, `\def\a#1{...}' and `\a}' would produce
this error. If you simply proceed now, the `\par' that
I've just inserted will cause me to report a runaway
argument that might be the root of the problem. But if
your `}' was spurious, just type `2' and it will go away.

Runaway argument?
\@captype {\def \reserved@a *{\nobreak \@xcentercr }\reserved@a }\def \ETC.
! Paragraph ended before \@tempf was complete.
<to be read again> 
                   \par 
l.208 ...3mV, Zeitkonstante 300ms, Phase 12^\circ}
                                                  
I suspect you've forgotten a `}', causing me to apply this
control sequence to too much text. How can we recover?
My plan is to forget the whole thing and hope for the best.

! Missing $ inserted.
<inserted text> 
                $
l.208 ...3mV, Zeitkonstante 300ms, Phase 12^\circ}
                                                  
I've inserted a begin-math/end-math symbol since I think
you left one out. Proceed, with fingers crossed.

! Missing $ inserted.
<inserted text> 
                $
l.208 ...3mV, Zeitkonstante 300ms, Phase 12^\circ}
                                                  
I've inserted a begin-math/end-math symbol since I think
you left one out. Proceed, with fingers crossed.

! Missing $ inserted.
<inserted text> 
                $
l.208 ...3mV, Zeitkonstante 300ms, Phase 12^\circ}
                                                  
I've inserted a begin-math/end-math symbol since I think
you left one out. Proceed, with fingers crossed.

! Missing $ inserted.
<inserted text> 
                $
l.208 ...3mV, Zeitkonstante 300ms, Phase 12^\circ}
                                                  
I've inserted a begin-math/end-math symbol since I think
you left one out. Proceed, with fingers crossed.


Overfull \vbox (16.99998pt too high) has occurred while \output is active []


[18 <./ph2-eps-converted-to.pdf> <./ph4-eps-converted-to.pdf>] (./ma05-03.tex
Package epstopdf Info: Source file: <ma05-03.eps>
(epstopdf)                    date: 2015-11-10 01:35:10
(epstopdf)                    size: 29045 bytes
(epstopdf)             Output file: <ma05-03-eps-converted-to.pdf>
(epstopdf)                    date: 2015-11-10 01:35:14
(epstopdf)                    size: 10752 bytes
(epstopdf)             Command: < ps2pdf -dEPSCrop ma05-03.eps ma05-03-eps-conv
erted-to.pdf>
(epstopdf)             \includegraphics on input line 112.
Package epstopdf Info: Output file is already uptodate.

<ma05-03-eps-converted-to.pdf, id=120, 468.75125pt x 341.275pt>
File: ma05-03-eps-converted-to.pdf Graphic file (type pdf)

<use ma05-03-eps-converted-to.pdf>)
! Argument of \@tempf has an extra }.
<inserted text> 
                \par 
l.259 ... 0.3mV, Zeitkonstante 3s, Phase 12^\circ}
                                                  
I've run across a `}' that doesn't seem to match anything.
For example, `\def\a#1{...}' and `\a}' would produce
this error. If you simply proceed now, the `\par' that
I've just inserted will cause me to report a runaway
argument that might be the root of the problem. But if
your `}' was spurious, just type `2' and it will go away.

Runaway argument?
\@captype {\def \reserved@a *{\nobreak \@xcentercr }\reserved@a }\def \ETC.
! Paragraph ended before \@tempf was complete.
<to be read again> 
                   \par 
l.259 ... 0.3mV, Zeitkonstante 3s, Phase 12^\circ}
                                                  
I suspect you've forgotten a `}', causing me to apply this
control sequence to too much text. How can we recover?
My plan is to forget the whole thing and hope for the best.

! Missing $ inserted.
<inserted text> 
                $
l.259 ... 0.3mV, Zeitkonstante 3s, Phase 12^\circ}
                                                  
I've inserted a begin-math/end-math symbol since I think
you left one out. Proceed, with fingers crossed.

! Missing $ inserted.
<inserted text> 
                $
l.259 ... 0.3mV, Zeitkonstante 3s, Phase 12^\circ}
                                                  
I've inserted a begin-math/end-math symbol since I think
you left one out. Proceed, with fingers crossed.

! Missing $ inserted.
<inserted text> 
                $
l.259 ... 0.3mV, Zeitkonstante 3s, Phase 12^\circ}
                                                  
I've inserted a begin-math/end-math symbol since I think
you left one out. Proceed, with fingers crossed.

! Missing $ inserted.
<inserted text> 
                $
l.259 ... 0.3mV, Zeitkonstante 3s, Phase 12^\circ}
                                                  
I've inserted a begin-math/end-math symbol since I think
you left one out. Proceed, with fingers crossed.


Overfull \vbox (16.99998pt too high) has occurred while \output is active []


[19] <voher.jpg, id=125, 550.055pt x 506.89375pt>
File: voher.jpg Graphic file (type jpg)
 <use voher.jpg>
Overfull \vbox (16.99998pt too high) has occurred while \output is active []


[20 <./ma05-03-eps-converted-to.pdf>]
<nachher.jpg, id=131, 550.055pt x 506.89375pt>
File: nachher.jpg Graphic file (type jpg)
 <use nachher.jpg>
Overfull \vbox (16.99998pt too high) has occurred while \output is active []


[21 <./voher.jpg> <./nachher.jpg>] (./ma03-16.tex
Package epstopdf Info: Source file: <ma03-16.eps>
(epstopdf)                    date: 2015-11-09 19:24:01
(epstopdf)                    size: 21371 bytes
(epstopdf)             Output file: <ma03-16-eps-converted-to.pdf>
(epstopdf)                    date: 2015-11-09 19:24:04
(epstopdf)                    size: 5632 bytes
(epstopdf)             Command: < ps2pdf -dEPSCrop ma03-16.eps ma03-16-eps-conv
erted-to.pdf>
(epstopdf)             \includegraphics on input line 103.
Package epstopdf Info: Output file is already uptodate.
File: ma03-16-eps-converted-to.pdf Graphic file (type pdf)

<use ma03-16-eps-converted-to.pdf>) (./agg.tex
Package epstopdf Info: Source file: <agg.eps>
(epstopdf)                    date: 2015-11-10 02:10:43
(epstopdf)                    size: 24514 bytes
(epstopdf)             Output file: <agg-eps-converted-to.pdf>
(epstopdf)                    date: 2015-11-10 02:10:46
(epstopdf)                    size: 7751 bytes
(epstopdf)             Command: < ps2pdf -dEPSCrop agg.eps agg-eps-converted-to
.pdf>
(epstopdf)             \includegraphics on input line 105.
Package epstopdf Info: Output file is already uptodate.

<agg-eps-converted-to.pdf, id=135, 468.75125pt x 255.95625pt>
File: agg-eps-converted-to.pdf Graphic file (type pdf)

<use agg-eps-converted-to.pdf>)
! Argument of \@tempf has an extra }.
<inserted text> 
                \par 
l.333 ...t 1mV, Zeitkonstante 1s, Phase 12^\circ }
                                                  
I've run across a `}' that doesn't seem to match anything.
For example, `\def\a#1{...}' and `\a}' would produce
this error. If you simply proceed now, the `\par' that
I've just inserted will cause me to report a runaway
argument that might be the root of the problem. But if
your `}' was spurious, just type `2' and it will go away.

Runaway argument?
\@captype {\def \reserved@a *{\nobreak \@xcentercr }\reserved@a }\def \ETC.
! Paragraph ended before \@tempf was complete.
<to be read again> 
                   \par 
l.333 ...t 1mV, Zeitkonstante 1s, Phase 12^\circ }
                                                  
I suspect you've forgotten a `}', causing me to apply this
control sequence to too much text. How can we recover?
My plan is to forget the whole thing and hope for the best.

! Missing $ inserted.
<inserted text> 
                $
l.333 ...t 1mV, Zeitkonstante 1s, Phase 12^\circ }
                                                  
I've inserted a begin-math/end-math symbol since I think
you left one out. Proceed, with fingers crossed.

! Missing $ inserted.
<inserted text> 
                $
l.333 ...t 1mV, Zeitkonstante 1s, Phase 12^\circ }
                                                  
I've inserted a begin-math/end-math symbol since I think
you left one out. Proceed, with fingers crossed.

! Missing $ inserted.
<inserted text> 
                $
l.333 ...t 1mV, Zeitkonstante 1s, Phase 12^\circ }
                                                  
I've inserted a begin-math/end-math symbol since I think
you left one out. Proceed, with fingers crossed.

! Missing $ inserted.
<inserted text> 
                $
l.333 ...t 1mV, Zeitkonstante 1s, Phase 12^\circ }
                                                  
I've inserted a begin-math/end-math symbol since I think
you left one out. Proceed, with fingers crossed.

)
Overfull \vbox (16.99998pt too high) has occurred while \output is active []


[22 <./agg-eps-converted-to.pdf>] (./zusammenfassung.tex)
Overfull \vbox (16.99998pt too high) has occurred while \output is active []


[23] (./main.bbl)
Overfull \vbox (16.99998pt too high) has occurred while \output is active []


[24] <al-spektrum.jpg, id=147, 2415.0225pt x 1788.6825pt>
File: al-spektrum.jpg Graphic file (type jpg)

<use al-spektrum.jpg> <o-spektrum.jpg, id=148, 2345.76375pt x 1803.73875pt>
File: o-spektrum.jpg Graphic file (type jpg)

<use o-spektrum.jpg> <c-spektrum.jpg, id=149, 2327.69624pt x 1779.64874pt>
File: c-spektrum.jpg Graphic file (type jpg)

<use c-spektrum.jpg>
Overfull \vbox (16.99998pt too high) has occurred while \output is active []


[25 <./al-spektrum.jpg> <./o-spektrum.jpg>]
<si-spektrum.jpg, id=154, 2442.12375pt x 1818.795pt>
File: si-spektrum.jpg Graphic file (type jpg)
 <use si-spektrum.jpg>
<ag-spektrum.jpg, id=155, 2294.5725pt x 1749.53625pt>
File: ag-spektrum.jpg Graphic file (type jpg)
 <use ag-spektrum.jpg>
Overfull \vbox (16.99998pt too high) has occurred while \output is active []


[26 <./c-spektrum.jpg> <./si-spektrum.jpg>] AED: lastpage setting LastPage
Overfull \vbox (16.99998pt too high) has occurred while \output is active []


[27 <./ag-spektrum.jpg>] (./main.aux)

LaTeX Warning: There were multiply-defined labels.

 ) 
Here is how much of TeX's memory you used:
 4600 strings out of 493848
 59951 string characters out of 1152824
 123147 words of memory out of 3000000
 7656 multiletter control sequences out of 15000+50000
 41038 words of font info for 102 fonts, out of 3000000 for 9000
 714 hyphenation exceptions out of 8191
 41i,12n,28p,477b,303s stack positions out of 5000i,500n,10000p,200000b,50000s
{/usr/share/texmf-texlive/fonts/enc/dvips/base/8r.enc}</usr/share/texmf-texli
ve/fonts/type1/public/txfonts/rtxb.pfb></usr/share/texmf-texlive/fonts/type1/pu
blic/txfonts/rtxmi.pfb></usr/share/texmf-texlive/fonts/type1/public/txfonts/rtx
r.pfb></usr/share/texmf-texlive/fonts/type1/public/txfonts/txex.pfb></usr/share
/texmf-texlive/fonts/type1/public/txfonts/txsy.pfb></usr/share/texmf-texlive/fo
nts/type1/urw/times/utmb8a.pfb></usr/share/texmf-texlive/fonts/type1/urw/times/
utmr8a.pfb></usr/share/texmf-texlive/fonts/type1/urw/times/utmr8a.pfb></usr/sha
re/texmf-texlive/fonts/type1/urw/times/utmri8a.pfb>
Output written on main.pdf (27 pages, 3835749 bytes).
PDF statistics:
 192 PDF objects out of 1000 (max. 8388607)
 0 named destinations out of 1000 (max. 500000)
 156 words of extra memory for PDF output out of 10000 (max. 10000000)

