This is pdfTeX, Version 3.1415926-2.4-1.40.13 (TeX Live 2012/Debian) (format=pdflatex 2016.2.3)  1 JUN 2016 14:06
entering extended mode
 restricted \write18 enabled.
 %&-line parsing enabled.
**main
(./main.tex
LaTeX2e <2011/06/27>
Babel <v3.8m> and hyphenation patterns for english, dumylang, nohyphenation, et
hiopic, farsi, arabic, pinyin, croatian, bulgarian, ukrainian, russian, slovak,
 czech, danish, dutch, usenglishmax, ukenglish, finnish, french, basque, ngerma
n, german, swissgerman, ngerman-x-2012-05-30, german-x-2012-05-30, monogreek, g
reek, ibycus, ancientgreek, hungarian, bengali, tamil, hindi, telugu, gujarati,
 sanskrit, malayalam, kannada, assamese, marathi, oriya, panjabi, italian, lati
n, latvian, lithuanian, mongolian, mongolianlmc, nynorsk, bokmal, indonesian, e
speranto, coptic, welsh, irish, interlingua, serbian, serbianc, slovenian, friu
lan, romansh, estonian, romanian, armenian, uppersorbian, turkish, afrikaans, i
celandic, kurmanji, polish, portuguese, galician, catalan, spanish, swedish, lo
aded.
(./pre.tex (/usr/share/texlive/texmf-dist/tex/latex/base/article.cls
Document Class: article 2007/10/19 v1.4h Standard LaTeX document class
(/usr/share/texlive/texmf-dist/tex/latex/base/fleqn.clo
File: fleqn.clo 1998/08/17 v1.1c Standard LaTeX option (flush left equations)
\mathindent=\dimen102
)
(/usr/share/texlive/texmf-dist/tex/latex/base/size12.clo
File: size12.clo 2007/10/19 v1.4h Standard LaTeX file (size option)
)
\c@part=\count79
\c@section=\count80
\c@subsection=\count81
\c@subsubsection=\count82
\c@paragraph=\count83
\c@subparagraph=\count84
\c@figure=\count85
\c@table=\count86
\abovecaptionskip=\skip41
\belowcaptionskip=\skip42
\bibindent=\dimen103
)
(/usr/share/texlive/texmf-dist/tex/latex/geometry/geometry.sty
Package: geometry 2010/09/12 v5.6 Page Geometry

(/usr/share/texlive/texmf-dist/tex/latex/graphics/keyval.sty
Package: keyval 1999/03/16 v1.13 key=value parser (DPC)
\KV@toks@=\toks14
)
(/usr/share/texlive/texmf-dist/tex/generic/oberdiek/ifpdf.sty
Package: ifpdf 2011/01/30 v2.3 Provides the ifpdf switch (HO)
Package ifpdf Info: pdfTeX in PDF mode is detected.
)
(/usr/share/texlive/texmf-dist/tex/generic/oberdiek/ifvtex.sty
Package: ifvtex 2010/03/01 v1.5 Detect VTeX and its facilities (HO)
Package ifvtex Info: VTeX not detected.
)
(/usr/share/texlive/texmf-dist/tex/generic/ifxetex/ifxetex.sty
Package: ifxetex 2010/09/12 v0.6 Provides ifxetex conditional
)
\Gm@cnth=\count87
\Gm@cntv=\count88
\c@Gm@tempcnt=\count89
\Gm@bindingoffset=\dimen104
\Gm@wd@mp=\dimen105
\Gm@odd@mp=\dimen106
\Gm@even@mp=\dimen107
\Gm@layoutwidth=\dimen108
\Gm@layoutheight=\dimen109
\Gm@layouthoffset=\dimen110
\Gm@layoutvoffset=\dimen111
\Gm@dimlist=\toks15
)
(/usr/share/texlive/texmf-dist/tex/latex/changepage/changepage.sty
Package: changepage 2009/10/20 v1.0c check page and change page layout
\c@cp@cntr=\count90
\cp@tempcnt=\count91
)
(/usr/share/texlive/texmf-dist/tex/latex/base/inputenc.sty
Package: inputenc 2008/03/30 v1.1d Input encoding file
\inpenc@prehook=\toks16
\inpenc@posthook=\toks17

(/usr/share/texlive/texmf-dist/tex/latex/base/utf8.def
File: utf8.def 2008/04/05 v1.1m UTF-8 support for inputenc
Now handling font encoding OML ...
... no UTF-8 mapping file for font encoding OML
Now handling font encoding T1 ...
... processing UTF-8 mapping file for font encoding T1

(/usr/share/texlive/texmf-dist/tex/latex/base/t1enc.dfu
File: t1enc.dfu 2008/04/05 v1.1m UTF-8 support for inputenc
   defining Unicode char U+00A1 (decimal 161)
   defining Unicode char U+00A3 (decimal 163)
   defining Unicode char U+00AB (decimal 171)
   defining Unicode char U+00BB (decimal 187)
   defining Unicode char U+00BF (decimal 191)
   defining Unicode char U+00C0 (decimal 192)
   defining Unicode char U+00C1 (decimal 193)
   defining Unicode char U+00C2 (decimal 194)
   defining Unicode char U+00C3 (decimal 195)
   defining Unicode char U+00C4 (decimal 196)
   defining Unicode char U+00C5 (decimal 197)
   defining Unicode char U+00C6 (decimal 198)
   defining Unicode char U+00C7 (decimal 199)
   defining Unicode char U+00C8 (decimal 200)
   defining Unicode char U+00C9 (decimal 201)
   defining Unicode char U+00CA (decimal 202)
   defining Unicode char U+00CB (decimal 203)
   defining Unicode char U+00CC (decimal 204)
   defining Unicode char U+00CD (decimal 205)
   defining Unicode char U+00CE (decimal 206)
   defining Unicode char U+00CF (decimal 207)
   defining Unicode char U+00D0 (decimal 208)
   defining Unicode char U+00D1 (decimal 209)
   defining Unicode char U+00D2 (decimal 210)
   defining Unicode char U+00D3 (decimal 211)
   defining Unicode char U+00D4 (decimal 212)
   defining Unicode char U+00D5 (decimal 213)
   defining Unicode char U+00D6 (decimal 214)
   defining Unicode char U+00D8 (decimal 216)
   defining Unicode char U+00D9 (decimal 217)
   defining Unicode char U+00DA (decimal 218)
   defining Unicode char U+00DB (decimal 219)
   defining Unicode char U+00DC (decimal 220)
   defining Unicode char U+00DD (decimal 221)
   defining Unicode char U+00DE (decimal 222)
   defining Unicode char U+00DF (decimal 223)
   defining Unicode char U+00E0 (decimal 224)
   defining Unicode char U+00E1 (decimal 225)
   defining Unicode char U+00E2 (decimal 226)
   defining Unicode char U+00E3 (decimal 227)
   defining Unicode char U+00E4 (decimal 228)
   defining Unicode char U+00E5 (decimal 229)
   defining Unicode char U+00E6 (decimal 230)
   defining Unicode char U+00E7 (decimal 231)
   defining Unicode char U+00E8 (decimal 232)
   defining Unicode char U+00E9 (decimal 233)
   defining Unicode char U+00EA (decimal 234)
   defining Unicode char U+00EB (decimal 235)
   defining Unicode char U+00EC (decimal 236)
   defining Unicode char U+00ED (decimal 237)
   defining Unicode char U+00EE (decimal 238)
   defining Unicode char U+00EF (decimal 239)
   defining Unicode char U+00F0 (decimal 240)
   defining Unicode char U+00F1 (decimal 241)
   defining Unicode char U+00F2 (decimal 242)
   defining Unicode char U+00F3 (decimal 243)
   defining Unicode char U+00F4 (decimal 244)
   defining Unicode char U+00F5 (decimal 245)
   defining Unicode char U+00F6 (decimal 246)
   defining Unicode char U+00F8 (decimal 248)
   defining Unicode char U+00F9 (decimal 249)
   defining Unicode char U+00FA (decimal 250)
   defining Unicode char U+00FB (decimal 251)
   defining Unicode char U+00FC (decimal 252)
   defining Unicode char U+00FD (decimal 253)
   defining Unicode char U+00FE (decimal 254)
   defining Unicode char U+00FF (decimal 255)
   defining Unicode char U+0102 (decimal 258)
   defining Unicode char U+0103 (decimal 259)
   defining Unicode char U+0104 (decimal 260)
   defining Unicode char U+0105 (decimal 261)
   defining Unicode char U+0106 (decimal 262)
   defining Unicode char U+0107 (decimal 263)
   defining Unicode char U+010C (decimal 268)
   defining Unicode char U+010D (decimal 269)
   defining Unicode char U+010E (decimal 270)
   defining Unicode char U+010F (decimal 271)
   defining Unicode char U+0110 (decimal 272)
   defining Unicode char U+0111 (decimal 273)
   defining Unicode char U+0118 (decimal 280)
   defining Unicode char U+0119 (decimal 281)
   defining Unicode char U+011A (decimal 282)
   defining Unicode char U+011B (decimal 283)
   defining Unicode char U+011E (decimal 286)
   defining Unicode char U+011F (decimal 287)
   defining Unicode char U+0130 (decimal 304)
   defining Unicode char U+0131 (decimal 305)
   defining Unicode char U+0132 (decimal 306)
   defining Unicode char U+0133 (decimal 307)
   defining Unicode char U+0139 (decimal 313)
   defining Unicode char U+013A (decimal 314)
   defining Unicode char U+013D (decimal 317)
   defining Unicode char U+013E (decimal 318)
   defining Unicode char U+0141 (decimal 321)
   defining Unicode char U+0142 (decimal 322)
   defining Unicode char U+0143 (decimal 323)
   defining Unicode char U+0144 (decimal 324)
   defining Unicode char U+0147 (decimal 327)
   defining Unicode char U+0148 (decimal 328)
   defining Unicode char U+014A (decimal 330)
   defining Unicode char U+014B (decimal 331)
   defining Unicode char U+0150 (decimal 336)
   defining Unicode char U+0151 (decimal 337)
   defining Unicode char U+0152 (decimal 338)
   defining Unicode char U+0153 (decimal 339)
   defining Unicode char U+0154 (decimal 340)
   defining Unicode char U+0155 (decimal 341)
   defining Unicode char U+0158 (decimal 344)
   defining Unicode char U+0159 (decimal 345)
   defining Unicode char U+015A (decimal 346)
   defining Unicode char U+015B (decimal 347)
   defining Unicode char U+015E (decimal 350)
   defining Unicode char U+015F (decimal 351)
   defining Unicode char U+0160 (decimal 352)
   defining Unicode char U+0161 (decimal 353)
   defining Unicode char U+0162 (decimal 354)
   defining Unicode char U+0163 (decimal 355)
   defining Unicode char U+0164 (decimal 356)
   defining Unicode char U+0165 (decimal 357)
   defining Unicode char U+016E (decimal 366)
   defining Unicode char U+016F (decimal 367)
   defining Unicode char U+0170 (decimal 368)
   defining Unicode char U+0171 (decimal 369)
   defining Unicode char U+0178 (decimal 376)
   defining Unicode char U+0179 (decimal 377)
   defining Unicode char U+017A (decimal 378)
   defining Unicode char U+017B (decimal 379)
   defining Unicode char U+017C (decimal 380)
   defining Unicode char U+017D (decimal 381)
   defining Unicode char U+017E (decimal 382)
   defining Unicode char U+200C (decimal 8204)
   defining Unicode char U+2013 (decimal 8211)
   defining Unicode char U+2014 (decimal 8212)
   defining Unicode char U+2018 (decimal 8216)
   defining Unicode char U+2019 (decimal 8217)
   defining Unicode char U+201A (decimal 8218)
   defining Unicode char U+201C (decimal 8220)
   defining Unicode char U+201D (decimal 8221)
   defining Unicode char U+201E (decimal 8222)
   defining Unicode char U+2030 (decimal 8240)
   defining Unicode char U+2031 (decimal 8241)
   defining Unicode char U+2039 (decimal 8249)
   defining Unicode char U+203A (decimal 8250)
   defining Unicode char U+2423 (decimal 9251)
)
Now handling font encoding OT1 ...
... processing UTF-8 mapping file for font encoding OT1

(/usr/share/texlive/texmf-dist/tex/latex/base/ot1enc.dfu
File: ot1enc.dfu 2008/04/05 v1.1m UTF-8 support for inputenc
   defining Unicode char U+00A1 (decimal 161)
   defining Unicode char U+00A3 (decimal 163)
   defining Unicode char U+00B8 (decimal 184)
   defining Unicode char U+00BF (decimal 191)
   defining Unicode char U+00C5 (decimal 197)
   defining Unicode char U+00C6 (decimal 198)
   defining Unicode char U+00D8 (decimal 216)
   defining Unicode char U+00DF (decimal 223)
   defining Unicode char U+00E6 (decimal 230)
   defining Unicode char U+00EC (decimal 236)
   defining Unicode char U+00ED (decimal 237)
   defining Unicode char U+00EE (decimal 238)
   defining Unicode char U+00EF (decimal 239)
   defining Unicode char U+00F8 (decimal 248)
   defining Unicode char U+0131 (decimal 305)
   defining Unicode char U+0141 (decimal 321)
   defining Unicode char U+0142 (decimal 322)
   defining Unicode char U+0152 (decimal 338)
   defining Unicode char U+0153 (decimal 339)
   defining Unicode char U+2013 (decimal 8211)
   defining Unicode char U+2014 (decimal 8212)
   defining Unicode char U+2018 (decimal 8216)
   defining Unicode char U+2019 (decimal 8217)
   defining Unicode char U+201C (decimal 8220)
   defining Unicode char U+201D (decimal 8221)
)
Now handling font encoding OMS ...
... processing UTF-8 mapping file for font encoding OMS

(/usr/share/texlive/texmf-dist/tex/latex/base/omsenc.dfu
File: omsenc.dfu 2008/04/05 v1.1m UTF-8 support for inputenc
   defining Unicode char U+00A7 (decimal 167)
   defining Unicode char U+00B6 (decimal 182)
   defining Unicode char U+00B7 (decimal 183)
   defining Unicode char U+2020 (decimal 8224)
   defining Unicode char U+2021 (decimal 8225)
   defining Unicode char U+2022 (decimal 8226)
)
Now handling font encoding OMX ...
... no UTF-8 mapping file for font encoding OMX
Now handling font encoding U ...
... no UTF-8 mapping file for font encoding U
   defining Unicode char U+00A9 (decimal 169)
   defining Unicode char U+00AA (decimal 170)
   defining Unicode char U+00AE (decimal 174)
   defining Unicode char U+00BA (decimal 186)
   defining Unicode char U+02C6 (decimal 710)
   defining Unicode char U+02DC (decimal 732)
   defining Unicode char U+200C (decimal 8204)
   defining Unicode char U+2026 (decimal 8230)
   defining Unicode char U+2122 (decimal 8482)
   defining Unicode char U+2423 (decimal 9251)
))
(/usr/share/texlive/texmf-dist/tex/latex/base/fontenc.sty
Package: fontenc 2005/09/27 v1.99g Standard LaTeX package

(/usr/share/texlive/texmf-dist/tex/latex/base/t1enc.def
File: t1enc.def 2005/09/27 v1.99g Standard LaTeX file
LaTeX Font Info:    Redeclaring font encoding T1 on input line 43.
))
(/var/lib/texmf/tex/generic/babel/babel.sty
Package: babel 2008/07/08 v3.8m The Babel package

(/usr/share/texlive/texmf-dist/tex/generic/babel/ngermanb.ldf
Language: ngermanb 2008/07/06 v2.6n new German support from the babel system

(/usr/share/texlive/texmf-dist/tex/generic/babel/babel.def
File: babel.def 2008/07/08 v3.8m Babel common definitions
\babel@savecnt=\count92
\U@D=\dimen112
)
\l@naustrian = a dialect from \language\l@ngerman 
Package babel Info: Making " an active character on input line 92.
))
(/usr/share/texmf/tex/latex/lm/lmodern.sty
Package: lmodern 2009/10/30 v1.6 Latin Modern Fonts
LaTeX Font Info:    Overwriting symbol font `operators' in version `normal'
(Font)                  OT1/cmr/m/n --> OT1/lmr/m/n on input line 22.
LaTeX Font Info:    Overwriting symbol font `letters' in version `normal'
(Font)                  OML/cmm/m/it --> OML/lmm/m/it on input line 23.
LaTeX Font Info:    Overwriting symbol font `symbols' in version `normal'
(Font)                  OMS/cmsy/m/n --> OMS/lmsy/m/n on input line 24.
LaTeX Font Info:    Overwriting symbol font `largesymbols' in version `normal'
(Font)                  OMX/cmex/m/n --> OMX/lmex/m/n on input line 25.
LaTeX Font Info:    Overwriting symbol font `operators' in version `bold'
(Font)                  OT1/cmr/bx/n --> OT1/lmr/bx/n on input line 26.
LaTeX Font Info:    Overwriting symbol font `letters' in version `bold'
(Font)                  OML/cmm/b/it --> OML/lmm/b/it on input line 27.
LaTeX Font Info:    Overwriting symbol font `symbols' in version `bold'
(Font)                  OMS/cmsy/b/n --> OMS/lmsy/b/n on input line 28.
LaTeX Font Info:    Overwriting symbol font `largesymbols' in version `bold'
(Font)                  OMX/cmex/m/n --> OMX/lmex/m/n on input line 29.
LaTeX Font Info:    Overwriting math alphabet `\mathbf' in version `normal'
(Font)                  OT1/cmr/bx/n --> OT1/lmr/bx/n on input line 31.
LaTeX Font Info:    Overwriting math alphabet `\mathsf' in version `normal'
(Font)                  OT1/cmss/m/n --> OT1/lmss/m/n on input line 32.
LaTeX Font Info:    Overwriting math alphabet `\mathit' in version `normal'
(Font)                  OT1/cmr/m/it --> OT1/lmr/m/it on input line 33.
LaTeX Font Info:    Overwriting math alphabet `\mathtt' in version `normal'
(Font)                  OT1/cmtt/m/n --> OT1/lmtt/m/n on input line 34.
LaTeX Font Info:    Overwriting math alphabet `\mathbf' in version `bold'
(Font)                  OT1/cmr/bx/n --> OT1/lmr/bx/n on input line 35.
LaTeX Font Info:    Overwriting math alphabet `\mathsf' in version `bold'
(Font)                  OT1/cmss/bx/n --> OT1/lmss/bx/n on input line 36.
LaTeX Font Info:    Overwriting math alphabet `\mathit' in version `bold'
(Font)                  OT1/cmr/bx/it --> OT1/lmr/bx/it on input line 37.
LaTeX Font Info:    Overwriting math alphabet `\mathtt' in version `bold'
(Font)                  OT1/cmtt/m/n --> OT1/lmtt/m/n on input line 38.
)
(/usr/share/texlive/texmf-dist/tex/latex/amsmath/amsmath.sty
Package: amsmath 2000/07/18 v2.13 AMS math features
\@mathmargin=\skip43

For additional information on amsmath, use the `?' option.
(/usr/share/texlive/texmf-dist/tex/latex/amsmath/amstext.sty
Package: amstext 2000/06/29 v2.01

(/usr/share/texlive/texmf-dist/tex/latex/amsmath/amsgen.sty
File: amsgen.sty 1999/11/30 v2.0
\@emptytoks=\toks18
\ex@=\dimen113
))
(/usr/share/texlive/texmf-dist/tex/latex/amsmath/amsbsy.sty
Package: amsbsy 1999/11/29 v1.2d
\pmbraise@=\dimen114
)
(/usr/share/texlive/texmf-dist/tex/latex/amsmath/amsopn.sty
Package: amsopn 1999/12/14 v2.01 operator names
)
\inf@bad=\count93
LaTeX Info: Redefining \frac on input line 211.
\uproot@=\count94
\leftroot@=\count95
LaTeX Info: Redefining \overline on input line 307.
\classnum@=\count96
\DOTSCASE@=\count97
LaTeX Info: Redefining \ldots on input line 379.
LaTeX Info: Redefining \dots on input line 382.
LaTeX Info: Redefining \cdots on input line 467.
\Mathstrutbox@=\box26
\strutbox@=\box27
\big@size=\dimen115
LaTeX Font Info:    Redeclaring font encoding OML on input line 567.
LaTeX Font Info:    Redeclaring font encoding OMS on input line 568.
\macc@depth=\count98
\c@MaxMatrixCols=\count99
\dotsspace@=\muskip10
\c@parentequation=\count100
\dspbrk@lvl=\count101
\tag@help=\toks19
\row@=\count102
\column@=\count103
\maxfields@=\count104
\andhelp@=\toks20
\eqnshift@=\dimen116
\alignsep@=\dimen117
\tagshift@=\dimen118
\tagwidth@=\dimen119
\totwidth@=\dimen120
\lineht@=\dimen121
\@envbody=\toks21
\multlinegap=\skip44
\multlinetaggap=\skip45
\mathdisplay@stack=\toks22
LaTeX Info: Redefining \[ on input line 2666.
LaTeX Info: Redefining \] on input line 2667.
)
(/usr/share/texlive/texmf-dist/tex/latex/mh/mathtools.sty
Package: mathtools 2012/04/24 v1.12 mathematical typesetting tools

(/usr/share/texlive/texmf-dist/tex/latex/tools/calc.sty
Package: calc 2007/08/22 v4.3 Infix arithmetic (KKT,FJ)
\calc@Acount=\count105
\calc@Bcount=\count106
\calc@Adimen=\dimen122
\calc@Bdimen=\dimen123
\calc@Askip=\skip46
\calc@Bskip=\skip47
LaTeX Info: Redefining \setlength on input line 76.
LaTeX Info: Redefining \addtolength on input line 77.
\calc@Ccount=\count107
\calc@Cskip=\skip48
)
(/usr/share/texlive/texmf-dist/tex/latex/mh/mhsetup.sty
Package: mhsetup 2010/01/21 v1.2a programming setup (MH)
)
\g_MT_multlinerow_int=\count108
\l_MT_multwidth_dim=\dimen124
\origjot=\skip49
\l_MT_shortvdotswithinadjustabove_dim=\dimen125
\l_MT_shortvdotswithinadjustbelow_dim=\dimen126
\l_MT_above_intertext_dim=\dimen127
\l_MT_below_intertext_dim=\dimen128
\l_MT_above_shortintertext_dim=\dimen129
\l_MT_below_shortintertext_dim=\dimen130
)
(/usr/share/texlive/texmf-dist/tex/latex/amsfonts/amssymb.sty
Package: amssymb 2009/06/22 v3.00

(/usr/share/texlive/texmf-dist/tex/latex/amsfonts/amsfonts.sty
Package: amsfonts 2009/06/22 v3.00 Basic AMSFonts support
\symAMSa=\mathgroup4
\symAMSb=\mathgroup5
LaTeX Font Info:    Overwriting math alphabet `\mathfrak' in version `bold'
(Font)                  U/euf/m/n --> U/euf/b/n on input line 96.
))
(/usr/share/texlive/texmf-dist/tex/latex/bbm-macros/bbm.sty
Package: bbm 1999/03/15 V 1.2 provides fonts for set symbols - TH
LaTeX Font Info:    Overwriting math alphabet `\mathbbm' in version `bold'
(Font)                  U/bbm/m/n --> U/bbm/bx/n on input line 33.
LaTeX Font Info:    Overwriting math alphabet `\mathbbmss' in version `bold'
(Font)                  U/bbmss/m/n --> U/bbmss/bx/n on input line 35.
)
(/usr/share/texlive/texmf-dist/tex/latex/jknapltx/mathrsfs.sty
Package: mathrsfs 1996/01/01 Math RSFS package v1.0 (jk)
\symrsfs=\mathgroup6
)
(/usr/share/texlive/texmf-dist/tex/latex/stmaryrd/stmaryrd.sty
Package: stmaryrd 1994/03/03 St Mary's Road symbol package
\symstmry=\mathgroup7
LaTeX Font Info:    Overwriting symbol font `stmry' in version `bold'
(Font)                  U/stmry/m/n --> U/stmry/b/n on input line 89.
)
(/usr/share/texlive/texmf-dist/tex/latex/doublestroke/dsfont.sty
Package: dsfont 1995/08/01 v0.1 Double stroke roman fonts
)
(/usr/share/texlive/texmf-dist/tex/latex/base/exscale.sty
Package: exscale 2007/10/29 v2.1h Standard LaTeX package exscale
LaTeX Font Info:    Redeclaring symbol font `largesymbols' on input line 52.
LaTeX Font Info:    Overwriting symbol font `largesymbols' in version `normal'
(Font)                  OMX/lmex/m/n --> OMX/cmex/m/n on input line 52.
LaTeX Font Info:    Overwriting symbol font `largesymbols' in version `bold'
(Font)                  OMX/lmex/m/n --> OMX/cmex/m/n on input line 52.
\big@size=\dimen131
)
(/usr/share/texlive/texmf-dist/tex/latex/graphics/graphicx.sty
Package: graphicx 1999/02/16 v1.0f Enhanced LaTeX Graphics (DPC,SPQR)

(/usr/share/texlive/texmf-dist/tex/latex/graphics/graphics.sty
Package: graphics 2009/02/05 v1.0o Standard LaTeX Graphics (DPC,SPQR)

(/usr/share/texlive/texmf-dist/tex/latex/graphics/trig.sty
Package: trig 1999/03/16 v1.09 sin cos tan (DPC)
)
(/usr/share/texlive/texmf-dist/tex/latex/latexconfig/graphics.cfg
File: graphics.cfg 2010/04/23 v1.9 graphics configuration of TeX Live
)
Package graphics Info: Driver file: pdftex.def on input line 91.

(/usr/share/texlive/texmf-dist/tex/latex/pdftex-def/pdftex.def
File: pdftex.def 2011/05/27 v0.06d Graphics/color for pdfTeX

(/usr/share/texlive/texmf-dist/tex/generic/oberdiek/infwarerr.sty
Package: infwarerr 2010/04/08 v1.3 Providing info/warning/error messages (HO)
)
(/usr/share/texlive/texmf-dist/tex/generic/oberdiek/ltxcmds.sty
Package: ltxcmds 2011/11/09 v1.22 LaTeX kernel commands for general use (HO)
)
\Gread@gobject=\count109
))
\Gin@req@height=\dimen132
\Gin@req@width=\dimen133
)
(/usr/share/texlive/texmf-dist/tex/latex/float/float.sty
Package: float 2001/11/08 v1.3d Float enhancements (AL)
\c@float@type=\count110
\float@exts=\toks23
\float@box=\box28
\@float@everytoks=\toks24
\@floatcapt=\box29
)
(/usr/share/texmf/tex/latex/xcolor/xcolor.sty
Package: xcolor 2007/01/21 v2.11 LaTeX color extensions (UK)

(/usr/share/texlive/texmf-dist/tex/latex/latexconfig/color.cfg
File: color.cfg 2007/01/18 v1.5 color configuration of teTeX/TeXLive
)
Package xcolor Info: Driver file: pdftex.def on input line 225.
Package xcolor Info: Model `cmy' substituted by `cmy0' on input line 1337.
Package xcolor Info: Model `hsb' substituted by `rgb' on input line 1341.
Package xcolor Info: Model `RGB' extended on input line 1353.
Package xcolor Info: Model `HTML' substituted by `rgb' on input line 1355.
Package xcolor Info: Model `Hsb' substituted by `hsb' on input line 1356.
Package xcolor Info: Model `tHsb' substituted by `hsb' on input line 1357.
Package xcolor Info: Model `HSB' substituted by `hsb' on input line 1358.
Package xcolor Info: Model `Gray' substituted by `gray' on input line 1359.
Package xcolor Info: Model `wave' substituted by `hsb' on input line 1360.

(/usr/share/texlive/texmf-dist/tex/latex/graphics/dvipsnam.def
File: dvipsnam.def 1999/02/16 v3.0i Driver-dependant file (DPC,SPQR)
))
(/usr/share/texlive/texmf-dist/tex/latex/caption/caption.sty
Package: caption 2012/02/19 v3.2f Customizing captions (AR)

(/usr/share/texlive/texmf-dist/tex/latex/caption/caption3.sty
Package: caption3 2012/01/12 v1.4b caption3 kernel (AR)
\captionmargin=\dimen134
\captionmargin@=\dimen135
\captionwidth=\dimen136
\caption@indent=\dimen137
\caption@parindent=\dimen138
\caption@hangindent=\dimen139
)
\c@ContinuedFloat=\count111
Package caption Info: float package is loaded.
)
(/usr/share/texlive/texmf-dist/tex/latex/enumitem/enumitem.sty
Package: enumitem 2011/09/28 v3.5.2 Customized lists
\labelindent=\skip50
\enit@outerparindent=\dimen140
\enit@toks=\toks25
\enit@inbox=\box30
\enitdp@description=\count112
)
(/usr/share/texlive/texmf-dist/tex/latex/framed/framed.sty
Package: framed 2011/10/22 v 0.96: framed or shaded text with page breaks
\OuterFrameSep=\skip51
\fb@frw=\dimen141
\fb@frh=\dimen142
\FrameRule=\dimen143
\FrameSep=\dimen144
)
(/usr/share/texlive/texmf-dist/tex/latex/tocloft/tocloft.sty
Package: tocloft 2010/10/13 v2.3e parameterised ToC, etc., typesetting
Package tocloft Info: The document has section divisions on input line 43.
\cftparskip=\skip52
\cftbeforetoctitleskip=\skip53
\cftaftertoctitleskip=\skip54
\cftbeforepartskip=\skip55
\cftpartnumwidth=\skip56
\cftpartindent=\skip57
\cftbeforesecskip=\skip58
\cftsecindent=\skip59
\cftsecnumwidth=\skip60
\cftbeforesubsecskip=\skip61
\cftsubsecindent=\skip62
\cftsubsecnumwidth=\skip63
\cftbeforesubsubsecskip=\skip64
\cftsubsubsecindent=\skip65
\cftsubsubsecnumwidth=\skip66
\cftbeforeparaskip=\skip67
\cftparaindent=\skip68
\cftparanumwidth=\skip69
\cftbeforesubparaskip=\skip70
\cftsubparaindent=\skip71
\cftsubparanumwidth=\skip72
\cftbeforeloftitleskip=\skip73
\cftafterloftitleskip=\skip74
\cftbeforefigskip=\skip75
\cftfigindent=\skip76
\cftfignumwidth=\skip77
\c@lofdepth=\count113
\c@lotdepth=\count114
\cftbeforelottitleskip=\skip78
\cftafterlottitleskip=\skip79
\cftbeforetabskip=\skip80
\cfttabindent=\skip81
\cfttabnumwidth=\skip82
)
\c@math=\count115
\cftbeforemathskip=\skip83
\cftmathindent=\skip84
\cftmathnumwidth=\skip85
\c@mathlistdepth=\count116
\cftbeforemathlisttitleskip=\skip86
\cftaftermathlisttitleskip=\skip87
\c@mathdefc=\count117
\c@maththeoremc=\count118

(/usr/share/texlive/texmf-dist/tex/latex/listings/listings.sty
\lst@mode=\count119
\lst@gtempboxa=\box31
\lst@token=\toks26
\lst@length=\count120
\lst@currlwidth=\dimen145
\lst@column=\count121
\lst@pos=\count122
\lst@lostspace=\dimen146
\lst@width=\dimen147
\lst@newlines=\count123
\lst@lineno=\count124
\lst@maxwidth=\dimen148

(/usr/share/texlive/texmf-dist/tex/latex/listings/lstmisc.sty
File: lstmisc.sty 2007/02/22 1.4 (Carsten Heinz)
\c@lstnumber=\count125
\lst@skipnumbers=\count126
\lst@framebox=\box32
)
(/usr/share/texlive/texmf-dist/tex/latex/listings/listings.cfg
File: listings.cfg 2007/02/22 1.4 listings configuration
))
Package: listings 2007/02/22 1.4 (Carsten Heinz)
\listingframemargin=\skip88
\listingmargin=\skip89
\c@listings=\count127
\cftbeforelistingsskip=\skip90
\cftlistingsindent=\skip91
\cftlistingsnumwidth=\skip92
\c@listinglistdepth=\count128
\cftbeforelistinglisttitleskip=\skip93
\cftafterlistinglisttitleskip=\skip94
\c@listingc=\count129

(/usr/share/texlive/texmf-dist/tex/latex/datatool/datatool.sty
Package: datatool 2009/11/15 v2.03 (NLCT)

(/usr/share/texlive/texmf-dist/tex/latex/xkeyval/xkeyval.sty
Package: xkeyval 2008/08/13 v2.6a package option processing (HA)

(/usr/share/texlive/texmf-dist/tex/generic/xkeyval/xkeyval.tex
\XKV@toks=\toks27
\XKV@tempa@toks=\toks28
\XKV@depth=\count130
File: xkeyval.tex 2008/08/13 v2.6a key=value parser (HA)
))
(/usr/share/texlive/texmf-dist/tex/latex/base/ifthen.sty
Package: ifthen 2001/05/26 v1.1c Standard LaTeX ifthen package (DPC)
)
(/usr/share/texlive/texmf-dist/tex/latex/xfor/xfor.sty
Package: xfor 2009/02/05 v1.05 (NLCT)
)
(/usr/share/texlive/texmf-dist/tex/latex/fp/fp.sty
Package: fp 1995/04/02

`Fixed Point Package', Version 0.8, April 2, 1995 (C) Michael Mehlich
(/usr/share/texlive/texmf-dist/tex/latex/fp/defpattern.sty
Package: defpattern 1994/10/12
\actioncount=\count131
)
(/usr/share/texlive/texmf-dist/tex/latex/fp/fp-basic.sty
Package: fp-basic 1996/05/13
\FP@xs=\count132
\FP@xia=\count133
\FP@xib=\count134
\FP@xfa=\count135
\FP@xfb=\count136
\FP@rega=\count137
\FP@regb=\count138
\FP@regs=\count139
\FP@times=\count140
)
(/usr/share/texlive/texmf-dist/tex/latex/fp/fp-addons.sty
Package: fp-addons 1995/03/15
)
(/usr/share/texlive/texmf-dist/tex/latex/fp/fp-snap.sty
Package: fp-snap 1995/04/05
)
(/usr/share/texlive/texmf-dist/tex/latex/fp/fp-exp.sty
Package: fp-exp 1995/04/03
)
(/usr/share/texlive/texmf-dist/tex/latex/fp/fp-trigo.sty
Package: fp-trigo 1995/04/14
)
(/usr/share/texlive/texmf-dist/tex/latex/fp/fp-pas.sty
Package: fp-pas 1994/08/29
)
(/usr/share/texlive/texmf-dist/tex/latex/fp/fp-random.sty
Package: fp-random 1995/02/23
\FPseed=\count141
)
(/usr/share/texlive/texmf-dist/tex/latex/fp/fp-eqn.sty
Package: fp-eqn 1995/04/03
)
(/usr/share/texlive/texmf-dist/tex/latex/fp/fp-upn.sty
Package: fp-upn 1996/10/21
)
(/usr/share/texlive/texmf-dist/tex/latex/fp/fp-eval.sty
Package: fp-eval 1995/04/03
))
(/usr/share/texlive/texmf-dist/tex/latex/substr/substr.sty
Package: substr 2009/10/20 v1.2 Handle substrings
\c@su@anzahl=\count142
)
(/usr/share/texlive/texmf-dist/tex/latex/etex-pkg/etex.sty
Package: etex 1998/03/26 v2.0 eTeX basic definition package (PEB)
\et@xins=\count143
)
\@dtl@datatype=\count144
\@dtl@tmpcount=\count145
\dtl@tmplength=\skip95
\@dtl@numgrpsepcount=\count146
\dtl@codeA=\count147
\dtl@codeB=\count148
\dtlcolumnnum=\count149
\dtlrownum=\count150
\@dtl@before=\toks29
\@dtl@after=\toks30
\@dtl@colhead=\toks31
\dtlcurrentrow=\toks32
\dtlbeforerow=\toks33
\dtlafterrow=\toks34
\@dtl@foreach@level=\count151
\dtlforeachlevel=\count152
\c@DTLrowi=\count153
\c@DTLrowii=\count154
\c@DTLrowiii=\count155
\c@DTLrow=\count156
\dtl@rowi=\count157
\dtl@rowii=\count158
\dtl@rowiii=\count159
\@dtl@curi=\toks35
\@dtl@previ=\toks36
\@dtl@nexti=\toks37
\@dtl@curii=\toks38
\@dtl@previi=\toks39
\@dtl@nextii=\toks40
\@dtl@curiii=\toks41
\@dtl@previii=\toks42
\@dtl@nextiii=\toks43
\@dtl@elements=\count160
\@dtl@list=\toks44
\@dtl@rowa=\toks45
\@dtl@rowb=\toks46
\@dtl@toksA=\toks47
\@dtl@toksB=\toks48
\@dtl@toks=\toks49
\@dtl@write=\write3
\@dtl@read=\read1
\dtl@entrycr=\count161
\dtl@sortresult=\count162
)
(/usr/share/texlive/texmf-dist/tex/latex/oberdiek/epstopdf.sty
Package: epstopdf 2010/02/09 v2.5 Conversion with epstopdf on the fly (HO)

(/usr/share/texlive/texmf-dist/tex/latex/oberdiek/epstopdf-base.sty
Package: epstopdf-base 2010/02/09 v2.5 Base part for package epstopdf

(/usr/share/texlive/texmf-dist/tex/latex/oberdiek/grfext.sty
Package: grfext 2010/08/19 v1.1 Manage graphics extensions (HO)

(/usr/share/texlive/texmf-dist/tex/generic/oberdiek/kvdefinekeys.sty
Package: kvdefinekeys 2011/04/07 v1.3 Define keys (HO)
))
(/usr/share/texlive/texmf-dist/tex/latex/oberdiek/kvoptions.sty
Package: kvoptions 2011/06/30 v3.11 Key value format for package options (HO)

(/usr/share/texlive/texmf-dist/tex/generic/oberdiek/kvsetkeys.sty
Package: kvsetkeys 2012/04/25 v1.16 Key value parser (HO)

(/usr/share/texlive/texmf-dist/tex/generic/oberdiek/etexcmds.sty
Package: etexcmds 2011/02/16 v1.5 Avoid name clashes with e-TeX commands (HO)

(/usr/share/texlive/texmf-dist/tex/generic/oberdiek/ifluatex.sty
Package: ifluatex 2010/03/01 v1.3 Provides the ifluatex switch (HO)
Package ifluatex Info: LuaTeX not detected.
)
Package etexcmds Info: Could not find \expanded.
(etexcmds)             That can mean that you are not using pdfTeX 1.50 or
(etexcmds)             that some package has redefined \expanded.
(etexcmds)             In the latter case, load this package earlier.
)))
(/usr/share/texlive/texmf-dist/tex/generic/oberdiek/pdftexcmds.sty
Package: pdftexcmds 2011/11/29 v0.20 Utility functions of pdfTeX for LuaTeX (HO
)
Package pdftexcmds Info: LuaTeX not detected.
Package pdftexcmds Info: \pdf@primitive is available.
Package pdftexcmds Info: \pdf@ifprimitive is available.
Package pdftexcmds Info: \pdfdraftmode found.
)
Package grfext Info: Graphics extension search list:
(grfext)             [.png,.pdf,.jpg,.mps,.jpeg,.jbig2,.jb2,.PNG,.PDF,.JPG,.JPE
G,.JBIG2,.JB2,.eps]
(grfext)             \AppendGraphicsExtensions on input line 452.

(/usr/share/texlive/texmf-dist/tex/latex/latexconfig/epstopdf-sys.cfg
File: epstopdf-sys.cfg 2010/07/13 v1.3 Configuration of (r)epstopdf for TeX Liv
e
)))
(/usr/share/texlive/texmf-dist/tex/latex/lastpage/lastpage.sty
Package: lastpage 2011/09/01 v1.2k Refers to last page's name (HMM; JPG)
)
(/usr/local/share/texmf/tex/latex/tcolorbox/tcolorbox.sty
Package: tcolorbox 2015/11/27 version 3.80 text color boxes

(/usr/share/texmf/tex/latex/pgf/basiclayer/pgf.sty
(/usr/share/texmf/tex/latex/pgf/utilities/pgfrcs.sty
(/usr/share/texmf/tex/generic/pgf/utilities/pgfutil-common.tex
\pgfutil@everybye=\toks50
)
(/usr/share/texmf/tex/generic/pgf/utilities/pgfutil-latex.def
\pgfutil@abb=\box33

(/usr/share/texlive/texmf-dist/tex/latex/ms/everyshi.sty
Package: everyshi 2001/05/15 v3.00 EveryShipout Package (MS)
))
(/usr/share/texmf/tex/generic/pgf/utilities/pgfrcs.code.tex
Package: pgfrcs 2010/10/25 v2.10 (rcs-revision 1.24)
))
Package: pgf 2008/01/15 v2.10 (rcs-revision 1.12)

(/usr/share/texmf/tex/latex/pgf/basiclayer/pgfcore.sty
(/usr/share/texmf/tex/latex/pgf/systemlayer/pgfsys.sty
(/usr/share/texmf/tex/generic/pgf/systemlayer/pgfsys.code.tex
Package: pgfsys 2010/06/30 v2.10 (rcs-revision 1.37)

(/usr/share/texmf/tex/generic/pgf/utilities/pgfkeys.code.tex
\pgfkeys@pathtoks=\toks51
\pgfkeys@temptoks=\toks52

(/usr/share/texmf/tex/generic/pgf/utilities/pgfkeysfiltered.code.tex
\pgfkeys@tmptoks=\toks53
))
\pgf@x=\dimen149
\pgf@y=\dimen150
\pgf@xa=\dimen151
\pgf@ya=\dimen152
\pgf@xb=\dimen153
\pgf@yb=\dimen154
\pgf@xc=\dimen155
\pgf@yc=\dimen156
\w@pgf@writea=\write4
\r@pgf@reada=\read2
\c@pgf@counta=\count163
\c@pgf@countb=\count164
\c@pgf@countc=\count165
\c@pgf@countd=\count166

(/usr/share/texmf/tex/generic/pgf/systemlayer/pgf.cfg
File: pgf.cfg 2008/05/14  (rcs-revision 1.7)
)
Package pgfsys Info: Driver file for pgf: pgfsys-pdftex.def on input line 900.

(/usr/share/texmf/tex/generic/pgf/systemlayer/pgfsys-pdftex.def
File: pgfsys-pdftex.def 2009/05/22  (rcs-revision 1.26)

(/usr/share/texmf/tex/generic/pgf/systemlayer/pgfsys-common-pdf.def
File: pgfsys-common-pdf.def 2008/05/19  (rcs-revision 1.10)
)))
(/usr/share/texmf/tex/generic/pgf/systemlayer/pgfsyssoftpath.code.tex
File: pgfsyssoftpath.code.tex 2008/07/18  (rcs-revision 1.7)
\pgfsyssoftpath@smallbuffer@items=\count167
\pgfsyssoftpath@bigbuffer@items=\count168
)
(/usr/share/texmf/tex/generic/pgf/systemlayer/pgfsysprotocol.code.tex
File: pgfsysprotocol.code.tex 2006/10/16  (rcs-revision 1.4)
))
(/usr/share/texmf/tex/generic/pgf/basiclayer/pgfcore.code.tex
Package: pgfcore 2010/04/11 v2.10 (rcs-revision 1.7)

(/usr/share/texmf/tex/generic/pgf/math/pgfmath.code.tex
(/usr/share/texmf/tex/generic/pgf/math/pgfmathcalc.code.tex
(/usr/share/texmf/tex/generic/pgf/math/pgfmathutil.code.tex)
(/usr/share/texmf/tex/generic/pgf/math/pgfmathparser.code.tex
\pgfmath@dimen=\dimen157
\pgfmath@count=\count169
\pgfmath@box=\box34
\pgfmath@toks=\toks54
\pgfmath@stack@operand=\toks55
\pgfmath@stack@operation=\toks56
)
(/usr/share/texmf/tex/generic/pgf/math/pgfmathfunctions.code.tex
(/usr/share/texmf/tex/generic/pgf/math/pgfmathfunctions.basic.code.tex)
(/usr/share/texmf/tex/generic/pgf/math/pgfmathfunctions.trigonometric.code.tex)
(/usr/share/texmf/tex/generic/pgf/math/pgfmathfunctions.random.code.tex)
(/usr/share/texmf/tex/generic/pgf/math/pgfmathfunctions.comparison.code.tex)
(/usr/share/texmf/tex/generic/pgf/math/pgfmathfunctions.base.code.tex)
(/usr/share/texmf/tex/generic/pgf/math/pgfmathfunctions.round.code.tex)
(/usr/share/texmf/tex/generic/pgf/math/pgfmathfunctions.misc.code.tex)))
(/usr/share/texmf/tex/generic/pgf/math/pgfmathfloat.code.tex
\c@pgfmathroundto@lastzeros=\count170
))
(/usr/share/texmf/tex/generic/pgf/basiclayer/pgfcorepoints.code.tex
File: pgfcorepoints.code.tex 2010/04/09  (rcs-revision 1.20)
\pgf@picminx=\dimen158
\pgf@picmaxx=\dimen159
\pgf@picminy=\dimen160
\pgf@picmaxy=\dimen161
\pgf@pathminx=\dimen162
\pgf@pathmaxx=\dimen163
\pgf@pathminy=\dimen164
\pgf@pathmaxy=\dimen165
\pgf@xx=\dimen166
\pgf@xy=\dimen167
\pgf@yx=\dimen168
\pgf@yy=\dimen169
\pgf@zx=\dimen170
\pgf@zy=\dimen171
)
(/usr/share/texmf/tex/generic/pgf/basiclayer/pgfcorepathconstruct.code.tex
File: pgfcorepathconstruct.code.tex 2010/08/03  (rcs-revision 1.24)
\pgf@path@lastx=\dimen172
\pgf@path@lasty=\dimen173
)
(/usr/share/texmf/tex/generic/pgf/basiclayer/pgfcorepathusage.code.tex
File: pgfcorepathusage.code.tex 2008/04/22  (rcs-revision 1.12)
\pgf@shorten@end@additional=\dimen174
\pgf@shorten@start@additional=\dimen175
)
(/usr/share/texmf/tex/generic/pgf/basiclayer/pgfcorescopes.code.tex
File: pgfcorescopes.code.tex 2010/09/08  (rcs-revision 1.34)
\pgfpic=\box35
\pgf@hbox=\box36
\pgf@layerbox@main=\box37
\pgf@picture@serial@count=\count171
)
(/usr/share/texmf/tex/generic/pgf/basiclayer/pgfcoregraphicstate.code.tex
File: pgfcoregraphicstate.code.tex 2008/04/22  (rcs-revision 1.9)
\pgflinewidth=\dimen176
)
(/usr/share/texmf/tex/generic/pgf/basiclayer/pgfcoretransformations.code.tex
File: pgfcoretransformations.code.tex 2009/06/10  (rcs-revision 1.11)
\pgf@pt@x=\dimen177
\pgf@pt@y=\dimen178
\pgf@pt@temp=\dimen179
)
(/usr/share/texmf/tex/generic/pgf/basiclayer/pgfcorequick.code.tex
File: pgfcorequick.code.tex 2008/10/09  (rcs-revision 1.3)
)
(/usr/share/texmf/tex/generic/pgf/basiclayer/pgfcoreobjects.code.tex
File: pgfcoreobjects.code.tex 2006/10/11  (rcs-revision 1.2)
)
(/usr/share/texmf/tex/generic/pgf/basiclayer/pgfcorepathprocessing.code.tex
File: pgfcorepathprocessing.code.tex 2008/10/09  (rcs-revision 1.8)
)
(/usr/share/texmf/tex/generic/pgf/basiclayer/pgfcorearrows.code.tex
File: pgfcorearrows.code.tex 2008/04/23  (rcs-revision 1.11)
)
(/usr/share/texmf/tex/generic/pgf/basiclayer/pgfcoreshade.code.tex
File: pgfcoreshade.code.tex 2008/11/23  (rcs-revision 1.13)
\pgf@max=\dimen180
\pgf@sys@shading@range@num=\count172
)
(/usr/share/texmf/tex/generic/pgf/basiclayer/pgfcoreimage.code.tex
File: pgfcoreimage.code.tex 2010/03/25  (rcs-revision 1.16)

(/usr/share/texmf/tex/generic/pgf/basiclayer/pgfcoreexternal.code.tex
File: pgfcoreexternal.code.tex 2010/09/01  (rcs-revision 1.17)
\pgfexternal@startupbox=\box38
))
(/usr/share/texmf/tex/generic/pgf/basiclayer/pgfcorelayers.code.tex
File: pgfcorelayers.code.tex 2010/08/27  (rcs-revision 1.2)
)
(/usr/share/texmf/tex/generic/pgf/basiclayer/pgfcoretransparency.code.tex
File: pgfcoretransparency.code.tex 2008/01/17  (rcs-revision 1.2)
)
(/usr/share/texmf/tex/generic/pgf/basiclayer/pgfcorepatterns.code.tex
File: pgfcorepatterns.code.tex 2009/07/02  (rcs-revision 1.3)
)))
(/usr/share/texmf/tex/generic/pgf/modules/pgfmoduleshapes.code.tex
File: pgfmoduleshapes.code.tex 2010/09/09  (rcs-revision 1.13)
\pgfnodeparttextbox=\box39
)
(/usr/share/texmf/tex/generic/pgf/modules/pgfmoduleplot.code.tex
File: pgfmoduleplot.code.tex 2010/10/22  (rcs-revision 1.8)
)
(/usr/share/texmf/tex/latex/pgf/compatibility/pgfcomp-version-0-65.sty
Package: pgfcomp-version-0-65 2007/07/03 v2.10 (rcs-revision 1.7)
\pgf@nodesepstart=\dimen181
\pgf@nodesepend=\dimen182
)
(/usr/share/texmf/tex/latex/pgf/compatibility/pgfcomp-version-1-18.sty
Package: pgfcomp-version-1-18 2007/07/23 v2.10 (rcs-revision 1.1)
))
(/usr/share/texlive/texmf-dist/tex/latex/tools/verbatim.sty
Package: verbatim 2003/08/22 v1.5q LaTeX2e package for verbatim enhancements
\every@verbatim=\toks57
\verbatim@line=\toks58
\verbatim@in@stream=\read3
)
(/usr/share/texlive/texmf-dist/tex/latex/environ/environ.sty
Package: environ 2008/06/18 v0.2 A new way to define environments
)

LaTeX Warning: You have requested, on input line 26, version
               `2013/04/01' of package environ,
               but only version
               `2008/06/18 v0.2 A new way to define environments'
               is available.

(/usr/share/texlive/texmf-dist/tex/latex/etoolbox/etoolbox.sty
Package: etoolbox 2011/01/03 v2.1 e-TeX tools for LaTeX
\etb@tempcnta=\count173
)
\tcb@titlebox=\box40
\tcb@upperbox=\box41
\tcb@lowerbox=\box42
\tcb@phantombox=\box43
\c@tcbbreakpart=\count174
\c@tcblayer=\count175
\tcolorbox@number=\count176
\tcb@temp=\box44
\tcb@temp=\box45
\tcb@temp=\box46
\tcb@temp=\box47
\tcb@out=\write5
\tcb@record@out=\write6
)
(/usr/local/share/texmf/tex/latex/tcolorbox/tcbraster.code.tex
Library (tcolorbox): 'tcbraster.code.tex' version '3.80'
\c@tcbrastercolumn=\count177
\c@tcbrasterrow=\count178
\c@tcbraster=\count179
) (/usr/local/share/texmf/tex/latex/tcolorbox/tcbskins.code.tex
Library (tcolorbox): 'tcbskins.code.tex' version '3.80'
(/usr/share/texmf/tex/latex/pgf/frontendlayer/tikz.sty
(/usr/share/texmf/tex/latex/pgf/utilities/pgffor.sty
(/usr/share/texmf/tex/latex/pgf/utilities/pgfkeys.sty
(/usr/share/texmf/tex/generic/pgf/utilities/pgfkeys.code.tex))
(/usr/share/texmf/tex/generic/pgf/utilities/pgffor.code.tex
Package: pgffor 2010/03/23 v2.10 (rcs-revision 1.18)
\pgffor@iter=\dimen183
\pgffor@skip=\dimen184
\pgffor@stack=\toks59
\pgffor@toks=\toks60
))
(/usr/share/texmf/tex/generic/pgf/frontendlayer/tikz/tikz.code.tex
Package: tikz 2010/10/13 v2.10 (rcs-revision 1.76)

(/usr/share/texmf/tex/generic/pgf/libraries/pgflibraryplothandlers.code.tex
File: pgflibraryplothandlers.code.tex 2010/05/31 v2.10 (rcs-revision 1.15)
\pgf@plot@mark@count=\count180
\pgfplotmarksize=\dimen185
)
\tikz@lastx=\dimen186
\tikz@lasty=\dimen187
\tikz@lastxsaved=\dimen188
\tikz@lastysaved=\dimen189
\tikzleveldistance=\dimen190
\tikzsiblingdistance=\dimen191
\tikz@figbox=\box48
\tikz@tempbox=\box49
\tikztreelevel=\count181
\tikznumberofchildren=\count182
\tikznumberofcurrentchild=\count183
\tikz@fig@count=\count184

(/usr/share/texmf/tex/generic/pgf/modules/pgfmodulematrix.code.tex
File: pgfmodulematrix.code.tex 2010/08/24  (rcs-revision 1.4)
\pgfmatrixcurrentrow=\count185
\pgfmatrixcurrentcolumn=\count186
\pgf@matrix@numberofcolumns=\count187
)
\tikz@expandcount=\count188

(/usr/share/texmf/tex/generic/pgf/frontendlayer/tikz/libraries/tikzlibrarytopat
hs.code.tex
File: tikzlibrarytopaths.code.tex 2008/06/17 v2.10 (rcs-revision 1.2)
)))
\tcb@waterbox=\box50

(/usr/local/share/texmf/tex/latex/tcolorbox/tcbskinsjigsaw.code.tex
Library (tcolorbox): 'tcbskinsjigsaw.code.tex' version '3.80'
)) (/usr/local/share/texmf/tex/latex/tcolorbox/tcbbreakable.code.tex
Library (tcolorbox): 'tcbbreakable.code.tex' version '3.80'
\tcb@testbox=\box51
\tcb@totalupperbox=\box52
\tcb@totallowerbox=\box53
) (/usr/local/share/texmf/tex/latex/tcolorbox/tcbhooks.code.tex
Library (tcolorbox): 'tcbhooks.code.tex' version '3.80'
) (/usr/local/share/texmf/tex/latex/tcolorbox/tcbtheorems.code.tex
Library (tcolorbox): 'tcbtheorems.code.tex' version '3.80'
) (/usr/local/share/texmf/tex/latex/tcolorbox/tcbfitting.code.tex
Library (tcolorbox): 'tcbfitting.code.tex' version '3.80'
\tcbfitdim=\dimen192
\tcb@lowerfitdim=\dimen193
\tcb@upperfitdim=\dimen194
\tcb@cur@hbadness=\count189
) (/usr/local/share/texmf/tex/latex/tcolorbox/tcbxparse.code.tex
Library (tcolorbox): 'tcbxparse.code.tex' version '3.80'
(/usr/share/texlive/texmf-dist/tex/latex/l3packages/xparse/xparse.sty
(/usr/share/texlive/texmf-dist/tex/latex/l3kernel/expl3.sty
(/usr/share/texlive/texmf-dist/tex/latex/l3kernel/l3names.sty
(/usr/share/texlive/texmf-dist/tex/latex/l3kernel/l3bootstrap.sty
Package: l3bootstrap 2011/12/29 v3110 L3 Experimental bootstrap code
)
Package: l3names 2012/03/04 v3494 L3 Experimental namespace for primitives
)
Package: expl3 2012/04/23 v3570 L3 Experimental code bundle wrapper

(/usr/share/texlive/texmf-dist/tex/latex/l3kernel/l3basics.sty
Package: l3basics 2012/03/04 v3491 L3 Experimental basic definitions
)
(/usr/share/texlive/texmf-dist/tex/latex/l3kernel/l3expan.sty
Package: l3expan 2012/02/26 v3460 L3 Experimental argument expansion
)
(/usr/share/texlive/texmf-dist/tex/latex/l3kernel/l3tl.sty
Package: l3tl 2012/03/04 v3490 L3 Experimental token lists
)
(/usr/share/texlive/texmf-dist/tex/latex/l3kernel/l3seq.sty
Package: l3seq 2012/03/04 v3490 L3 Experimental sequences and stacks
)
(/usr/share/texlive/texmf-dist/tex/latex/l3kernel/l3int.sty
Package: l3int 2012/03/04 v3490 L3 Experimental integers
\c_max_int=\count190
\l_tmpa_int=\count191
\l_tmpb_int=\count192
\l_tmpc_int=\count193
\g_tmpa_int=\count194
\g_tmpb_int=\count195
)
(/usr/share/texlive/texmf-dist/tex/latex/l3kernel/l3quark.sty
Package: l3quark 2012/02/12 v3384 L3 Experimental quarks
)
(/usr/share/texlive/texmf-dist/tex/latex/l3kernel/l3prg.sty
Package: l3prg 2012/03/04 v3490 L3 Experimental control structures
\g_prg_map_int=\count196
)
(/usr/share/texlive/texmf-dist/tex/latex/l3kernel/l3clist.sty
Package: l3clist 2012/03/04 v3490 L3 Experimental comma separated lists
)
(/usr/share/texlive/texmf-dist/tex/latex/l3kernel/l3token.sty
Package: l3token 2012/03/04 v3491 L3 Experimental token manipulation
)
(/usr/share/texlive/texmf-dist/tex/latex/l3kernel/l3prop.sty
Package: l3prop 2012/03/04 v3490 L3 Experimental property lists
)
(/usr/share/texlive/texmf-dist/tex/latex/l3kernel/l3msg.sty
Package: l3msg 2012/04/23 v3568 L3 Experimental messages
)
(/usr/share/texlive/texmf-dist/tex/latex/l3kernel/l3file.sty
Package: l3file 2012/03/09 v3520 L3 Experimental file and I/O operations
\l_iow_stream_int=\count197
\l_iow_line_length_int=\count198
\l_iow_target_length_int=\count199
\l_iow_current_line_int=\count200
\l_iow_current_word_int=\count201
Normal \count register pool exhausted, switching to extended pool.
\l_iow_current_indentation_int=\count277
)
(/usr/share/texlive/texmf-dist/tex/latex/l3kernel/l3skip.sty
Package: l3skip 2012/03/05 v3499 L3 Experimental dimensions and skips
\l_tmpa_dim=\dimen195
\l_tmpb_dim=\dimen196
\l_tmpc_dim=\dimen197
\g_tmpa_dim=\dimen198
\g_tmpb_dim=\dimen199
\l_tmpa_skip=\skip96
\l_tmpb_skip=\skip97
\l_tmpc_skip=\skip98
\g_tmpa_skip=\skip99
\g_tmpb_skip=\skip100
)
(/usr/share/texlive/texmf-dist/tex/latex/l3kernel/l3keys.sty
Package: l3keys 2012/03/03 v3487 L3 Experimental key-value interfaces
\g_keyval_level_int=\count278
\l_keys_choice_int=\count279
)
(/usr/share/texlive/texmf-dist/tex/latex/l3kernel/l3fp.sty
Package: l3fp 2012/03/04 v3490 L3 Experimental floating-point operations
\c_one_million=\count280
\c_one_hundred_million=\count281
\c_five_hundred_million=\count282
\c_one_thousand_million=\count283
\c_fp_pi_by_four_decimal_int=\count284
\c_fp_pi_by_four_extended_int=\count285
\c_fp_pi_decimal_int=\count286
\c_fp_pi_extended_int=\count287
\c_fp_two_pi_decimal_int=\count288
\c_fp_two_pi_extended_int=\count289
\l_fp_count_int=\count290
\l_fp_div_offset_int=\count291
\l_fp_exp_integer_int=\count292
\l_fp_exp_decimal_int=\count293
\l_fp_exp_extended_int=\count294
\l_fp_exp_exponent_int=\count295
\l_fp_input_a_sign_int=\count296
\l_fp_input_a_integer_int=\count297
\l_fp_input_a_decimal_int=\count298
\l_fp_input_a_exponent_int=\count299
\l_fp_input_b_sign_int=\count300
\l_fp_input_b_integer_int=\count301
\l_fp_input_b_decimal_int=\count302
\l_fp_input_b_exponent_int=\count303
\l_fp_input_a_extended_int=\count304
\l_fp_input_b_extended_int=\count305
\l_fp_mul_a_i_int=\count306
\l_fp_mul_a_ii_int=\count307
\l_fp_mul_a_iii_int=\count308
\l_fp_mul_a_iv_int=\count309
\l_fp_mul_a_v_int=\count310
\l_fp_mul_a_vi_int=\count311
\l_fp_mul_b_i_int=\count312
\l_fp_mul_b_ii_int=\count313
\l_fp_mul_b_iii_int=\count314
\l_fp_mul_b_iv_int=\count315
\l_fp_mul_b_v_int=\count316
\l_fp_mul_b_vi_int=\count317
\l_fp_mul_output_int=\count318
\l_fp_output_sign_int=\count319
\l_fp_output_integer_int=\count320
\l_fp_output_decimal_int=\count321
\l_fp_output_exponent_int=\count322
\l_fp_output_extended_int=\count323
\l_fp_round_position_int=\count324
\l_fp_round_target_int=\count325
\l_fp_split_sign_int=\count326
\l_fp_internal_int=\count327
\l_fp_trig_octant_int=\count328
\l_fp_trig_sign_int=\count329
\l_fp_trig_decimal_int=\count330
\l_fp_trig_extended_int=\count331
\l_fp_internal_dim=\dimen200
\l_fp_internal_skip=\skip101
)
(/usr/share/texlive/texmf-dist/tex/latex/l3kernel/l3box.sty
Package: l3box 2012/03/04 v3490 L3 Experimental boxes
\l_tmpb_box=\box54
\l_box_top_dim=\dimen201
Normal \dimen register pool exhausted, switching to extended pool.
\l_box_bottom_dim=\dimen256
\l_box_left_dim=\dimen257
\l_box_right_dim=\dimen258
\l_box_top_new_dim=\dimen259
\l_box_bottom_new_dim=\dimen260
\l_box_left_new_dim=\dimen261
\l_box_right_new_dim=\dimen262
\l_box_internal_box=\box55
)
(/usr/share/texlive/texmf-dist/tex/latex/l3kernel/l3coffins.sty
Package: l3coffins 2012/03/03 v3482 L3 Experimental coffin code layer
\l_coffin_internal_box=\box56
\l_coffin_internal_dim=\dimen263
\l_coffin_offset_x_dim=\dimen264
\l_coffin_offset_y_dim=\dimen265
\l_coffin_x_dim=\dimen266
\l_coffin_y_dim=\dimen267
\l_coffin_x_prime_dim=\dimen268
\l_coffin_y_prime_dim=\dimen269
\l_coffin_Depth_dim=\dimen270
\l_coffin_Height_dim=\dimen271
\l_coffin_TotalHeight_dim=\dimen272
\l_coffin_Width_dim=\dimen273
\c_empty_coffin=\box57
\l_coffin_aligned_coffin=\box58
\l_coffin_aligned_internal_coffin=\box59
\l_coffin_bounding_shift_dim=\dimen274
\l_coffin_left_corner_dim=\dimen275
\l_coffin_right_corner_dim=\dimen276
\l_coffin_bottom_corner_dim=\dimen277
\l_coffin_top_corner_dim=\dimen278
\l_coffin_scaled_total_height_dim=\dimen279
\l_coffin_scaled_width_dim=\dimen280
\l_coffin_display_coffin=\box60
\l_coffin_display_coord_coffin=\box61
\l_coffin_display_pole_coffin=\box62
\l_coffin_display_offset_dim=\dimen281
\l_coffin_display_x_dim=\dimen282
\l_coffin_display_y_dim=\dimen283
)
(/usr/share/texlive/texmf-dist/tex/latex/l3kernel/l3color.sty
Package: l3color 2011/09/07 v2776 L3 Experimental colour support
)
(/usr/share/texlive/texmf-dist/tex/latex/l3kernel/l3luatex.sty
Package: l3luatex 2012/02/09 v3355 L3 Experimental LuaTeX-specific functions
\g_cctab_allocate_int=\count332
\g_cctab_stack_int=\count333
))
Package: xparse 2012/04/23 v3570 L3 Experimental document command parser
\l_xparse_current_arg_int=\count334
\l_xparse_m_args_int=\count335
\l_xparse_mandatory_args_int=\count336
\l_xparse_processor_int=\count337
\l_xparse_v_nesting_int=\count338
)

LaTeX Warning: You have requested, on input line 23, version
               `2013/12/31' of package xparse,
               but only version
               `2012/04/23 v3570 L3 Experimental document command parser'
               is available.

.................................................
. LaTeX info: "xparse/define-command"
. 
. Defining document command \tcboxverb with arg. spec. ' O{} v ' on line 128.
.................................................
.................................................
. LaTeX info: "xparse/define-command"
. 
. Defining document command \tcbsidebyside with arg. spec. ' +O{} +m +m ' on
. line 280.
.................................................
) (/usr/share/texlive/texmf-dist/tex/latex/tools/array.sty
Package: array 2008/09/09 v2.4c Tabular extension package (FMi)
\col@sep=\dimen284
\extrarowheight=\dimen285
\NC@list=\toks61
\extratabsurround=\skip102
\backup@length=\skip103
)
(/usr/share/texlive/texmf-dist/tex/latex/eepic/epic.sty
Enhancements to Picture Environment. Version 1.2 - Released June 1, 1986
\@@multicnt=\count339
\d@lta=\count340
\@delta=\dimen286
\@@delta=\dimen287
\@gridcnt=\count341
\@joinkind=\count342
\@dotgap=\dimen288
\@ddotgap=\dimen289
\@x@diff=\count343
\@y@diff=\count344
\x@diff=\dimen290
\y@diff=\dimen291
\@dotbox=\box63
\num@segments=\count345
\num@segmentsi=\count346
\@datafile=\read4
) (/usr/share/texlive/texmf-dist/tex/latex/natbib/natbib.sty
Package: natbib 2010/09/13 8.31b (PWD, AO)
\bibhang=\skip104
\bibsep=\skip105
LaTeX Info: Redefining \cite on input line 694.
\c@NAT@ctr=\count347
)
(/usr/share/texlive/texmf-dist/tex/latex/url/url.sty
\Urlmuskip=\muskip11
Package: url 2006/04/12  ver 3.3  Verb mode for urls, etc.
)
(/usr/share/texlive/texmf-dist/tex/latex/tools/indentfirst.sty
Package: indentfirst 1995/11/23 v1.03 Indent first paragraph (DPC)
)
(/usr/share/texlive/texmf-dist/tex/latex/titling/titling.sty
Package: titling 2009/09/04 v2.1d maketitle typesetting
\thanksmarkwidth=\skip106
\thanksmargin=\skip107
\droptitle=\skip108
)
(/usr/share/texlive/texmf-dist/tex/latex/fancyhdr/fancyhdr.sty
\fancy@headwidth=\skip109
\f@ncyO@elh=\skip110
\f@ncyO@erh=\skip111
\f@ncyO@olh=\skip112
\f@ncyO@orh=\skip113
\f@ncyO@elf=\skip114
\f@ncyO@erf=\skip115
\f@ncyO@olf=\skip116
\f@ncyO@orf=\skip117
))
(/usr/share/texlive/texmf-dist/tex/latex/caption/subcaption.sty
Package: subcaption 2012/01/12 v1.1d Sub-captions (AR)
\c@subfigure=\count348
\c@subtable=\count349
)
(/usr/share/texlive/texmf-dist/tex/latex/placeins/placeins.sty
Package: placeins 2005/04/18  v 2.2
) (./main.aux)
\openout1 = `main.aux'.

LaTeX Font Info:    Checking defaults for OML/cmm/m/it on input line 5.
LaTeX Font Info:    ... okay on input line 5.
LaTeX Font Info:    Checking defaults for T1/cmr/m/n on input line 5.
LaTeX Font Info:    ... okay on input line 5.
LaTeX Font Info:    Checking defaults for OT1/cmr/m/n on input line 5.
LaTeX Font Info:    ... okay on input line 5.
LaTeX Font Info:    Checking defaults for OMS/cmsy/m/n on input line 5.
LaTeX Font Info:    ... okay on input line 5.
LaTeX Font Info:    Checking defaults for OMX/cmex/m/n on input line 5.
LaTeX Font Info:    ... okay on input line 5.
LaTeX Font Info:    Checking defaults for U/cmr/m/n on input line 5.
LaTeX Font Info:    ... okay on input line 5.
LaTeX Font Info:    Try loading font information for T1+lmr on input line 5.

(/usr/share/texmf/tex/latex/lm/t1lmr.fd
File: t1lmr.fd 2009/10/30 v1.6 Font defs for Latin Modern
)
*geometry* driver: auto-detecting
*geometry* detected driver: pdftex
*geometry* verbose mode - [ preamble ] result:
* driver: pdftex
* paper: a4paper
* layout: <same size as paper>
* layoutoffset:(h,v)=(0.0pt,0.0pt)
* modes: twoside 
* h-part:(L,W,R)=(113.81102pt, 355.65945pt, 128.0374pt)
* v-part:(T,H,B)=(113.81102pt, 603.19843pt, 128.0374pt)
* \paperwidth=597.50787pt
* \paperheight=845.04684pt
* \textwidth=355.65945pt
* \textheight=603.19843pt
* \oddsidemargin=41.54103pt
* \evensidemargin=55.76741pt
* \topmargin=4.54103pt
* \headheight=12.0pt
* \headsep=25.0pt
* \topskip=12.0pt
* \footskip=30.0pt
* \marginparwidth=85.0pt
* \marginparsep=10.0pt
* \columnsep=10.0pt
* \skip\footins=10.8pt plus 4.0pt minus 2.0pt
* \hoffset=0.0pt
* \voffset=0.0pt
* \mag=1000
* \@twocolumnfalse
* \@twosidetrue
* \@mparswitchtrue
* \@reversemarginfalse
* (1in=72.27pt=25.4mm, 1cm=28.453pt)

(/usr/share/texlive/texmf-dist/tex/context/base/supp-pdf.mkii
[Loading MPS to PDF converter (version 2006.09.02).]
\scratchcounter=\count350
\scratchdimen=\dimen292
\scratchbox=\box64
\nofMPsegments=\count351
\nofMParguments=\count352
\everyMPshowfont=\toks62
\MPscratchCnt=\count353
\MPscratchDim=\dimen293
\MPnumerator=\count354
\makeMPintoPDFobject=\count355
\everyMPtoPDFconversion=\toks63
)
Package caption Info: Begin \AtBeginDocument code.
Package caption Info: listings package is loaded.
Package caption Info: End \AtBeginDocument code.
\c@lstlisting=\count356
Package lastpage Info: Please have a look at the pageslts package at
(lastpage)             http://www.ctan.org/tex-archive/ 
(lastpage)             macros/latex/contrib/pageslts/ 
(lastpage)             or
(lastpage)             http://www.ctan.org/tex-archive/ 
(lastpage)             install/macros/latex/contrib/pageslts.tds.zip
(lastpage)             ! on input line 5.
 ABD: EveryShipout initializing macros
Underfull \hbox (badness 10000) in paragraph at lines 9--9

 []

(./main.toc
LaTeX Font Info:    Try loading font information for OT1+lmr on input line 2.
 (/usr/share/texmf/tex/latex/lm/ot1lmr.fd
File: ot1lmr.fd 2009/10/30 v1.6 Font defs for Latin Modern
)
LaTeX Font Info:    Try loading font information for OML+lmm on input line 2.

(/usr/share/texmf/tex/latex/lm/omllmm.fd
File: omllmm.fd 2009/10/30 v1.6 Font defs for Latin Modern
)
LaTeX Font Info:    Try loading font information for OMS+lmsy on input line 2.

(/usr/share/texmf/tex/latex/lm/omslmsy.fd
File: omslmsy.fd 2009/10/30 v1.6 Font defs for Latin Modern
)
LaTeX Font Info:    External font `cmex7' loaded for size
(Font)              <6> on input line 2.
LaTeX Font Info:    Try loading font information for U+msa on input line 2.

(/usr/share/texlive/texmf-dist/tex/latex/amsfonts/umsa.fd
File: umsa.fd 2009/06/22 v3.00 AMS symbols A
)
LaTeX Font Info:    Try loading font information for U+msb on input line 2.

(/usr/share/texlive/texmf-dist/tex/latex/amsfonts/umsb.fd
File: umsb.fd 2009/06/22 v3.00 AMS symbols B
)
LaTeX Font Info:    Try loading font information for U+rsfs on input line 2.

(/usr/share/texlive/texmf-dist/tex/latex/jknapltx/ursfs.fd
File: ursfs.fd 1998/03/24 rsfs font definition file (jk)
)
LaTeX Font Info:    Try loading font information for U+stmry on input line 2.

(/usr/share/texlive/texmf-dist/tex/latex/stmaryrd/Ustmry.fd))
\tf@toc=\write7
\openout7 = `main.toc'.

 [1

{/var/lib/texmf/fonts/map/pdftex/updmap/pdftex.map}] [2] (./aufgaben.tex
LaTeX Font Info:    Try loading font information for OMS+lmr on input line 7.

(/usr/share/texmf/tex/latex/lm/omslmr.fd
File: omslmr.fd 2009/10/30 v1.6 Font defs for Latin Modern
)
LaTeX Font Info:    Font shape `OMS/lmr/m/n' in size <12> not available
(Font)              Font shape `OMS/lmsy/m/n' tried instead on input line 7.

Overfull \hbox (12.98141pt too wide) in paragraph at lines 9--10
[]\T1/lmr/m/n/12 Erzeugung und Auf-nah-me von In-ter-fe-ren-zen glei-cher Di-ck
e (Fizeau-
 []


Overfull \hbox (3.90779pt too wide) in paragraph at lines 28--29
[]\T1/lmr/m/n/12 Untersuchung der Ab-sorb-ti-ons-ei-gen-schaf-ten von Was-ser u
nd Ben-
 []

) [1] (./grundlagen.tex [2]
<images/mif-schema.png, id=26, 2001.4775pt x 1541.76pt>
File: images/mif-schema.png Graphic file (type png)

<use images/mif-schema.png>
Package pdftex.def Info: images/mif-schema.png used on input line 57.
(pdftex.def)             Requested size: 320.24295pt x 246.68663pt.
LaTeX Font Info:    Try loading font information for T1+lmtt on input line 58.
 (/usr/share/texmf/tex/latex/lm/t1lmtt.fd
File: t1lmtt.fd 2009/10/30 v1.6 Font defs for Latin Modern
)
LaTeX Font Info:    External font `cmex7' loaded for size
(Font)              <7> on input line 58.
LaTeX Font Info:    External font `cmex7' loaded for size
(Font)              <5> on input line 58.

Underfull \hbox (badness 10000) in paragraph at lines 58--58
\T1/lmtt/m/n/10 https : / / upload . wikimedia . org / wikipedia / commons /
 []


Underfull \hbox (badness 10000) in paragraph at lines 58--58
\T1/lmtt/m/n/10 thumb / b / b0 / Michelson _ interferometer _ white _ light . s
vg /
 []

[3] [4 <./images/mif-schema.png>]
Overfull \hbox (5.58331pt too wide) in paragraph at lines 113--115
[]\T1/lmr/m/n/12 Der letz-te Sum-mand stellt hier-bei die Cosinus-Fourier-Trans
formierte
 []

[5]) [6] (./aufbau.tex <images/DSC_1011.JPG, id=46, 3854.4pt x 2168.1pt>
File: images/DSC_1011.JPG Graphic file (type jpg)

<use images/DSC_1011.JPG>
Package pdftex.def Info: images/DSC_1011.JPG used on input line 9.
(pdftex.def)             Requested size: 308.3583pt x 173.45154pt.

Overfull \hbox (3.90259pt too wide) in paragraph at lines 14--19
\T1/lmr/m/n/12 Dampflampe mit ver-schie-de-ne-ne Fil-tern so-wie ei-ne her-kmm
-li-che Glh-
 []

<images/DSC_1010.JPG, id=47, 3854.4pt x 2168.1pt>
File: images/DSC_1010.JPG Graphic file (type jpg)
 <use images/DSC_1010.JPG>
Package pdftex.def Info: images/DSC_1010.JPG used on input line 29.
(pdftex.def)             Requested size: 308.3583pt x 173.45154pt.

[7 <./images/DSC_1011.JPG>]) [8 <./images/DSC_1010.JPG>] (./auswertung.tex
<messwerte/fizeau-streifen-h-1.png, id=54, 2312.64pt x 1830.84pt>
File: messwerte/fizeau-streifen-h-1.png Graphic file (type png)

<use messwerte/fizeau-streifen-h-1.png>
Package pdftex.def Info: messwerte/fizeau-streifen-h-1.png used on input line 1
9.
(pdftex.def)             Requested size: 161.90134pt x 128.17189pt.

Overfull \hbox (1.85568pt too wide) in paragraph at lines 19--20
 [][] 
 []

<messwerte/fizeau-streifen-v-1.png, id=55, 2240.37pt x 1654.18pt>
File: messwerte/fizeau-streifen-v-1.png Graphic file (type png)

<use messwerte/fizeau-streifen-v-1.png>
Package pdftex.def Info: messwerte/fizeau-streifen-v-1.png used on input line 2
5.
(pdftex.def)             Requested size: 173.62688pt x 128.19762pt.

Overfull \hbox (2.61105pt too wide) in paragraph at lines 17--29
[][] [] 
 []

[9 <./messwerte/fizeau-streifen-h-1.png> <./messwerte/fizeau-streifen-v-1.png>]

Overfull \hbox (2.21971pt too wide) in paragraph at lines 41--42
\T1/lmr/m/n/12 al-ler-dings auf-grund des schwa-chen Kon-tras-tes und der ge-ri
n-gen Leucht-
 []

<messwerte/harded-fucked-in-budapest-1.png, id=63, 2304.61pt x 1670.24pt>
File: messwerte/harded-fucked-in-budapest-1.png Graphic file (type png)

<use messwerte/harded-fucked-in-budapest-1.png>
Package pdftex.def Info: messwerte/harded-fucked-in-budapest-1.png used on inpu
t line 63.
(pdftex.def)             Requested size: 161.33917pt x 116.92874pt.

<messwerte/harded-fucked-in-budapest-2-extended-unedited-directors-cut.png, id=
64, 2312.64pt x 1702.36pt>
File: messwerte/harded-fucked-in-budapest-2-extended-unedited-directors-cut.png
 Graphic file (type png)

<use messwerte/harded-fucked-in-budapest-2-extended-unedited-directors-cut.png>
Package pdftex.def Info: messwerte/harded-fucked-in-budapest-2-extended-unedite
d-directors-cut.png used on input line 69.
(pdftex.def)             Requested size: 159.57233pt x 117.46297pt.

Overfull \hbox (2.61107pt too wide) in paragraph at lines 61--73
[][] [] 
 []

<messwerte/weiss-1.png, id=65, 2039.62pt x 1469.49pt>
File: messwerte/weiss-1.png Graphic file (type png)

<use messwerte/weiss-1.png>
Package pdftex.def Info: messwerte/weiss-1.png used on input line 90.
(pdftex.def)             Requested size: 265.15991pt x 191.0404pt.
 [10]
<messwerte/hot-ohm-a.png, id=69, 2392.94pt x 1710.39pt>
File: messwerte/hot-ohm-a.png Graphic file (type png)

<use messwerte/hot-ohm-a.png>
Package pdftex.def Info: messwerte/hot-ohm-a.png used on input line 108.
(pdftex.def)             Requested size: 263.22421pt x 188.14348pt.

Underfull \vbox (badness 3942) has occurred while \output is active []

 [11 <./messwerte/harded-fucked-in-budapest-1.png> <./messwerte/harded-fucked-i
n-budapest-2-extended-unedited-directors-cut.png> <./messwerte/weiss-1.png>] [1
2 <./messwerte/hot-ohm-a.png>] (./schwebung-1.tex
Package epstopdf Info: Source file: <schwebung-1.eps>
(epstopdf)                    date: 2016-05-31 14:17:29
(epstopdf)                    size: 17102 bytes
(epstopdf)             Output file: <schwebung-1-eps-converted-to.pdf>
(epstopdf)                    date: 2016-05-31 14:17:33
(epstopdf)                    size: 3023 bytes
(epstopdf)             Command: <repstopdf --outfile=schwebung-1-eps-converted-
to.pdf schwebung-1.eps>
(epstopdf)             \includegraphics on input line 98.
Package epstopdf Info: Output file is already uptodate.

<schwebung-1-eps-converted-to.pdf, id=81, 341.275pt x 198.7425pt>
File: schwebung-1-eps-converted-to.pdf Graphic file (type pdf)

<use schwebung-1-eps-converted-to.pdf>
Package pdftex.def Info: schwebung-1-eps-converted-to.pdf used on input line 98
.
(pdftex.def)             Requested size: 341.27415pt x 198.742pt.
) (./schwebung-2.tex
Package epstopdf Info: Source file: <schwebung-2.eps>
(epstopdf)                    date: 2016-05-31 14:29:11
(epstopdf)                    size: 16406 bytes
(epstopdf)             Output file: <schwebung-2-eps-converted-to.pdf>
(epstopdf)                    date: 2016-05-31 14:29:17
(epstopdf)                    size: 2922 bytes
(epstopdf)             Command: <repstopdf --outfile=schwebung-2-eps-converted-
to.pdf schwebung-2.eps>
(epstopdf)             \includegraphics on input line 98.
Package epstopdf Info: Output file is already uptodate.

<schwebung-2-eps-converted-to.pdf, id=82, 341.275pt x 198.7425pt>
File: schwebung-2-eps-converted-to.pdf Graphic file (type pdf)

<use schwebung-2-eps-converted-to.pdf>
Package pdftex.def Info: schwebung-2-eps-converted-to.pdf used on input line 98
.
(pdftex.def)             Requested size: 341.27415pt x 198.742pt.
) [13 <./schwebung-1-eps-converted-to.pdf>] (./led-spec.tex
Package epstopdf Info: Source file: <led-spec.eps>
(epstopdf)                    date: 2016-05-31 14:43:56
(epstopdf)                    size: 18813 bytes
(epstopdf)             Output file: <led-spec-eps-converted-to.pdf>
(epstopdf)                    date: 2016-05-31 14:44:03
(epstopdf)                    size: 3906 bytes
(epstopdf)             Command: <repstopdf --outfile=led-spec-eps-converted-to.
pdf led-spec.eps>
(epstopdf)             \includegraphics on input line 96.
Package epstopdf Info: Output file is already uptodate.

<led-spec-eps-converted-to.pdf, id=88, 341.275pt x 198.7425pt>
File: led-spec-eps-converted-to.pdf Graphic file (type pdf)

<use led-spec-eps-converted-to.pdf>
Package pdftex.def Info: led-spec-eps-converted-to.pdf used on input line 96.
(pdftex.def)             Requested size: 341.27415pt x 198.742pt.
) (./led-laser-spec.tex
Package epstopdf Info: Source file: <led-laser-spec.eps>
(epstopdf)                    date: 2016-05-31 14:48:41
(epstopdf)                    size: 17205 bytes
(epstopdf)             Output file: <led-laser-spec-eps-converted-to.pdf>
(epstopdf)                    date: 2016-05-31 14:48:47
(epstopdf)                    size: 3063 bytes
(epstopdf)             Command: <repstopdf --outfile=led-laser-spec-eps-convert
ed-to.pdf led-laser-spec.eps>
(epstopdf)             \includegraphics on input line 97.
Package epstopdf Info: Output file is already uptodate.

<led-laser-spec-eps-converted-to.pdf, id=89, 341.275pt x 198.7425pt>
File: led-laser-spec-eps-converted-to.pdf Graphic file (type pdf)

<use led-laser-spec-eps-converted-to.pdf>
Package pdftex.def Info: led-laser-spec-eps-converted-to.pdf used on input line
 97.
(pdftex.def)             Requested size: 341.27415pt x 198.742pt.
) (./g-laser-spec.tex
Package epstopdf Info: Source file: <g-laser-spec.eps>
(epstopdf)                    date: 2016-05-31 17:17:02
(epstopdf)                    size: 17485 bytes
(epstopdf)             Output file: <g-laser-spec-eps-converted-to.pdf>
(epstopdf)                    date: 2016-05-31 17:17:08
(epstopdf)                    size: 2997 bytes
(epstopdf)             Command: <repstopdf --outfile=g-laser-spec-eps-converted
-to.pdf g-laser-spec.eps>
(epstopdf)             \includegraphics on input line 98.
Package epstopdf Info: Output file is already uptodate.

<g-laser-spec-eps-converted-to.pdf, id=90, 341.275pt x 198.7425pt>
File: g-laser-spec-eps-converted-to.pdf Graphic file (type pdf)

<use g-laser-spec-eps-converted-to.pdf>
Package pdftex.def Info: g-laser-spec-eps-converted-to.pdf used on input line 9
8.
(pdftex.def)             Requested size: 341.27415pt x 198.742pt.
) [14 <./schwebung-2-eps-converted-to.pdf>] (./na-dd.tex
Package epstopdf Info: Source file: <na-dd.eps>
(epstopdf)                    date: 2016-05-31 14:30:20
(epstopdf)                    size: 17131 bytes
(epstopdf)             Output file: <na-dd-eps-converted-to.pdf>
(epstopdf)                    date: 2016-05-31 14:30:30
(epstopdf)                    size: 3180 bytes
(epstopdf)             Command: <repstopdf --outfile=na-dd-eps-converted-to.pdf
 na-dd.eps>
(epstopdf)             \includegraphics on input line 102.
Package epstopdf Info: Output file is already uptodate.
 <na-dd-eps-converted-to.pdf, id=96, 341.275pt x 198.7425pt>
File: na-dd-eps-converted-to.pdf Graphic file (type pdf)

<use na-dd-eps-converted-to.pdf>
Package pdftex.def Info: na-dd-eps-converted-to.pdf used on input line 102.
(pdftex.def)             Requested size: 341.27415pt x 198.742pt.
) (./hg-spec.tex
Package epstopdf Info: Source file: <hg-spec.eps>
(epstopdf)                    date: 2016-05-31 14:36:36
(epstopdf)                    size: 31246 bytes
(epstopdf)             Output file: <hg-spec-eps-converted-to.pdf>
(epstopdf)                    date: 2016-05-31 14:36:42
(epstopdf)                    size: 8453 bytes
(epstopdf)             Command: <repstopdf --outfile=hg-spec-eps-converted-to.p
df hg-spec.eps>
(epstopdf)             \includegraphics on input line 97.
Package epstopdf Info: Output file is already uptodate.

<hg-spec-eps-converted-to.pdf, id=97, 341.275pt x 198.7425pt>
File: hg-spec-eps-converted-to.pdf Graphic file (type pdf)

<use hg-spec-eps-converted-to.pdf>
Package pdftex.def Info: hg-spec-eps-converted-to.pdf used on input line 97.
(pdftex.def)             Requested size: 341.27415pt x 198.742pt.
) [15 <./led-spec-eps-converted-to.pdf>]
Underfull \hbox (badness 10000) in paragraph at lines 256--256
[][]\T1/lmr/m/n/10 Quelle: $\T1/lmtt/m/n/10 http : / / link . springer . com / 
chapter / 10 . 1007 / 10681727 _ 890 #
 []

[16 <./led-laser-spec-eps-converted-to.pdf>] (./lamp-spec.tex
Package epstopdf Info: Source file: <lamp-spec.eps>
(epstopdf)                    date: 2016-05-31 17:26:52
(epstopdf)                    size: 83770 bytes
(epstopdf)             Output file: <lamp-spec-eps-converted-to.pdf>
(epstopdf)                    date: 2016-05-31 17:27:05
(epstopdf)                    size: 25378 bytes
(epstopdf)             Command: <repstopdf --outfile=lamp-spec-eps-converted-to
.pdf lamp-spec.eps>
(epstopdf)             \includegraphics on input line 101.
Package epstopdf Info: Output file is already uptodate.

<lamp-spec-eps-converted-to.pdf, id=110, 341.275pt x 198.7425pt>
File: lamp-spec-eps-converted-to.pdf Graphic file (type pdf)

<use lamp-spec-eps-converted-to.pdf>
Package pdftex.def Info: lamp-spec-eps-converted-to.pdf used on input line 101.

(pdftex.def)             Requested size: 341.27415pt x 198.742pt.
) (./lamp-pbse-spec.tex
Package epstopdf Info: Source file: <lamp-pbse-spec.eps>
(epstopdf)                    date: 2016-05-31 17:30:38
(epstopdf)                    size: 23448 bytes
(epstopdf)             Output file: <lamp-pbse-spec-eps-converted-to.pdf>
(epstopdf)                    date: 2016-05-31 17:30:44
(epstopdf)                    size: 5300 bytes
(epstopdf)             Command: <repstopdf --outfile=lamp-pbse-spec-eps-convert
ed-to.pdf lamp-pbse-spec.eps>
(epstopdf)             \includegraphics on input line 98.
Package epstopdf Info: Output file is already uptodate.

<lamp-pbse-spec-eps-converted-to.pdf, id=111, 341.275pt x 198.7425pt>
File: lamp-pbse-spec-eps-converted-to.pdf Graphic file (type pdf)

<use lamp-pbse-spec-eps-converted-to.pdf>
Package pdftex.def Info: lamp-pbse-spec-eps-converted-to.pdf used on input line
 98.
(pdftex.def)             Requested size: 341.27415pt x 198.742pt.
) (./halo-pbse-spec.tex
Package epstopdf Info: Source file: <halo-pbse-spec.eps>
(epstopdf)                    date: 2016-05-31 17:35:27
(epstopdf)                    size: 23534 bytes
(epstopdf)             Output file: <halo-pbse-spec-eps-converted-to.pdf>
(epstopdf)                    date: 2016-05-31 17:35:36
(epstopdf)                    size: 5361 bytes
(epstopdf)             Command: <repstopdf --outfile=halo-pbse-spec-eps-convert
ed-to.pdf halo-pbse-spec.eps>
(epstopdf)             \includegraphics on input line 98.
Package epstopdf Info: Output file is already uptodate.

<halo-pbse-spec-eps-converted-to.pdf, id=112, 341.275pt x 198.7425pt>
File: halo-pbse-spec-eps-converted-to.pdf Graphic file (type pdf)

<use halo-pbse-spec-eps-converted-to.pdf>
Package pdftex.def Info: halo-pbse-spec-eps-converted-to.pdf used on input line
 98.
(pdftex.def)             Requested size: 341.27415pt x 198.742pt.
) [17 <./g-laser-spec-eps-converted-to.pdf>] (./halo-h20-spec.tex
Package epstopdf Info: Source file: <halo-h20-spec.eps>
(epstopdf)                    date: 2016-05-31 17:40:35
(epstopdf)                    size: 22497 bytes
(epstopdf)             Output file: <halo-h20-spec-eps-converted-to.pdf>
(epstopdf)                    date: 2016-05-31 17:40:43
(epstopdf)                    size: 5129 bytes
(epstopdf)             Command: <repstopdf --outfile=halo-h20-spec-eps-converte
d-to.pdf halo-h20-spec.eps>
(epstopdf)             \includegraphics on input line 98.
Package epstopdf Info: Output file is already uptodate.

<halo-h20-spec-eps-converted-to.pdf, id=119, 341.275pt x 198.7425pt>
File: halo-h20-spec-eps-converted-to.pdf Graphic file (type pdf)

<use halo-h20-spec-eps-converted-to.pdf>
Package pdftex.def Info: halo-h20-spec-eps-converted-to.pdf used on input line 
98.
(pdftex.def)             Requested size: 341.27415pt x 198.742pt.
) (./halo-benz-spec.tex
Package epstopdf Info: Source file: <halo-benz-spec.eps>
(epstopdf)                    date: 2016-05-31 17:42:09
(epstopdf)                    size: 45852 bytes
(epstopdf)             Output file: <halo-benz-spec-eps-converted-to.pdf>
(epstopdf)                    date: 2016-05-31 17:42:15
(epstopdf)                    size: 14372 bytes
(epstopdf)             Command: <repstopdf --outfile=halo-benz-spec-eps-convert
ed-to.pdf halo-benz-spec.eps>
(epstopdf)             \includegraphics on input line 98.
Package epstopdf Info: Output file is already uptodate.

<halo-benz-spec-eps-converted-to.pdf, id=120, 341.275pt x 198.7425pt>
File: halo-benz-spec-eps-converted-to.pdf Graphic file (type pdf)

<use halo-benz-spec-eps-converted-to.pdf>
Package pdftex.def Info: halo-benz-spec-eps-converted-to.pdf used on input line
 98.
(pdftex.def)             Requested size: 341.27415pt x 198.742pt.
)) [18 <./na-dd-eps-converted-to.pdf>] [19 <./hg-spec-eps-converted-to.pdf> <./
lamp-spec-eps-converted-to.pdf>]
[20 <./lamp-pbse-spec-eps-converted-to.pdf> <./halo-pbse-spec-eps-converted-to.
pdf>] [21 <./halo-h20-spec-eps-converted-to.pdf> <./halo-benz-spec-eps-converte
d-to.pdf>] [22

] (./zammfassung.tex
Overfull \hbox (10.08606pt too wide) in paragraph at lines 22--23
[]\T1/lmr/m/n/12 Zusammenfassend kann man sa-gen, dass das Michelson-Interferom
eter
 []


Overfull \hbox (10.08606pt too wide) in paragraph at lines 24--28
[]\T1/lmr/m/n/12 Zusammenfassend kann man sa-gen, dass das Michelson-Interferom
eter
 []


Underfull \vbox (badness 4013) has occurred while \output is active []

 [23])
[24] <images/hg-cd-reference.PNG, id=157, 283.0575pt x 565.36218pt>
File: images/hg-cd-reference.PNG Graphic file (type png)

<use images/hg-cd-reference.PNG>
Package pdftex.def Info: images/hg-cd-reference.PNG used on input line 43.
(pdftex.def)             Requested size: 212.29259pt x 424.02058pt.
 [25 <./images/hg-cd-reference.PNG>]
<images/h2o-spec.png, id=162, 1349.04pt x 1027.84pt>
File: images/h2o-spec.png Graphic file (type png)
 <use images/h2o-spec.png>
Package pdftex.def Info: images/h2o-spec.png used on input line 58.
(pdftex.def)             Requested size: 337.25917pt x 256.95937pt.

[26 <./images/h2o-spec.png>] 
AED: lastpage setting LastPage
[27] [28

] (./main.aux) ) 
Here is how much of TeX's memory you used:
 26250 strings out of 493493
 464848 string characters out of 3143798
 573490 words of memory out of 3000000
 28877 multiletter control sequences out of 15000+200000
 58956 words of font info for 71 fonts, out of 3000000 for 9000
 957 hyphenation exceptions out of 8191
 57i,12n,89p,835b,589s stack positions out of 5000i,500n,10000p,200000b,50000s
{/usr/share/texmf/fonts/enc/dvips/lm/lm-ec.enc}{/usr/share/texm
f/fonts/enc/dvips/lm/lm-rm.enc}{/usr/share/texmf/fonts/enc/dvips/lm/lm-mathit.e
nc}{/usr/share/texmf/fonts/enc/dvips/lm/lm-mathsy.enc}</usr/share/texlive/texmf
-dist/fonts/type1/public/amsfonts/cm/cmex10.pfb></usr/share/texmf/fonts/type1/p
ublic/lm/lmbx12.pfb></usr/share/texmf/fonts/type1/public/lm/lmmi10.pfb></usr/sh
are/texmf/fonts/type1/public/lm/lmmi12.pfb></usr/share/texmf/fonts/type1/public
/lm/lmmi8.pfb></usr/share/texmf/fonts/type1/public/lm/lmr10.pfb></usr/share/tex
mf/fonts/type1/public/lm/lmr12.pfb></usr/share/texmf/fonts/type1/public/lm/lmr6
.pfb></usr/share/texmf/fonts/type1/public/lm/lmr7.pfb></usr/share/texmf/fonts/t
ype1/public/lm/lmr8.pfb></usr/share/texmf/fonts/type1/public/lm/lmsy10.pfb></us
r/share/texmf/fonts/type1/public/lm/lmsy8.pfb></usr/share/texmf/fonts/type1/pub
lic/lm/lmtt10.pfb></usr/share/texlive/texmf-dist/fonts/type1/public/rsfs/rsfs10
.pfb>
Output written on main.pdf (30 pages, 55996052 bytes).
PDF statistics:
 227 PDF objects out of 1000 (max. 8388607)
 147 compressed objects within 2 object streams
 0 named destinations out of 1000 (max. 500000)
 128 words of extra memory for PDF output out of 10000 (max. 10000000)

