This is pdfTeX, Version 3.1415926-1.40.10 (TeX Live 2009/Debian) (format=pdflatex 2014.2.11)  26 JAN 2016 18:45
entering extended mode
 \write18 enabled.
 %&-line parsing enabled.
**main
(./main.tex
LaTeX2e <2009/09/24>
Babel <v3.8l> and hyphenation patterns for english, usenglishmax, dumylang, noh
yphenation, loaded.
(/usr/share/texmf-texlive/tex/latex/base/article.cls
Document Class: article 2007/10/19 v1.4h Standard LaTeX document class
(/usr/share/texmf-texlive/tex/latex/base/size11.clo
File: size11.clo 2007/10/19 v1.4h Standard LaTeX file (size option)
)
\c@part=\count79
\c@section=\count80
\c@subsection=\count81
\c@subsubsection=\count82
\c@paragraph=\count83
\c@subparagraph=\count84
\c@figure=\count85
\c@table=\count86
\abovecaptionskip=\skip41
\belowcaptionskip=\skip42
\bibindent=\dimen102
)
(/usr/share/texmf-texlive/tex/latex/geometry/geometry.sty
Package: geometry 2008/12/21 v4.2 Page Geometry

(/usr/share/texmf-texlive/tex/latex/graphics/keyval.sty
Package: keyval 1999/03/16 v1.13 key=value parser (DPC)
\KV@toks@=\toks14
)
(/usr/share/texmf-texlive/tex/generic/oberdiek/ifpdf.sty
Package: ifpdf 2009/04/10 v2.0 Provides the ifpdf switch (HO)
Package ifpdf Info: pdfTeX in pdf mode detected.
)
(/usr/share/texmf-texlive/tex/generic/oberdiek/ifvtex.sty
Package: ifvtex 2008/11/04 v1.4 Switches for detecting VTeX and its modes (HO)
Package ifvtex Info: VTeX not detected.
)
\Gm@cnth=\count87
\Gm@cntv=\count88
\c@Gm@tempcnt=\count89
\Gm@bindingoffset=\dimen103
\Gm@wd@mp=\dimen104
\Gm@odd@mp=\dimen105
\Gm@even@mp=\dimen106
\Gm@dimlist=\toks15
)
(/usr/share/texmf-texlive/tex/latex/changepage/changepage.sty
Package: changepage 2009/10/20 v1.0c check page and change page layout
\c@cp@cntr=\count90
\cp@tempcnt=\count91
)
(/usr/share/texmf-texlive/tex/latex/base/inputenc.sty
Package: inputenc 2008/03/30 v1.1d Input encoding file
\inpenc@prehook=\toks16
\inpenc@posthook=\toks17

(/usr/share/texmf-texlive/tex/latex/base/utf8.def
File: utf8.def 2008/04/05 v1.1m UTF-8 support for inputenc
Now handling font encoding OML ...
... no UTF-8 mapping file for font encoding OML
Now handling font encoding T1 ...
... processing UTF-8 mapping file for font encoding T1

(/usr/share/texmf-texlive/tex/latex/base/t1enc.dfu
File: t1enc.dfu 2008/04/05 v1.1m UTF-8 support for inputenc
   defining Unicode char U+00A1 (decimal 161)
   defining Unicode char U+00A3 (decimal 163)
   defining Unicode char U+00AB (decimal 171)
   defining Unicode char U+00BB (decimal 187)
   defining Unicode char U+00BF (decimal 191)
   defining Unicode char U+00C0 (decimal 192)
   defining Unicode char U+00C1 (decimal 193)
   defining Unicode char U+00C2 (decimal 194)
   defining Unicode char U+00C3 (decimal 195)
   defining Unicode char U+00C4 (decimal 196)
   defining Unicode char U+00C5 (decimal 197)
   defining Unicode char U+00C6 (decimal 198)
   defining Unicode char U+00C7 (decimal 199)
   defining Unicode char U+00C8 (decimal 200)
   defining Unicode char U+00C9 (decimal 201)
   defining Unicode char U+00CA (decimal 202)
   defining Unicode char U+00CB (decimal 203)
   defining Unicode char U+00CC (decimal 204)
   defining Unicode char U+00CD (decimal 205)
   defining Unicode char U+00CE (decimal 206)
   defining Unicode char U+00CF (decimal 207)
   defining Unicode char U+00D0 (decimal 208)
   defining Unicode char U+00D1 (decimal 209)
   defining Unicode char U+00D2 (decimal 210)
   defining Unicode char U+00D3 (decimal 211)
   defining Unicode char U+00D4 (decimal 212)
   defining Unicode char U+00D5 (decimal 213)
   defining Unicode char U+00D6 (decimal 214)
   defining Unicode char U+00D8 (decimal 216)
   defining Unicode char U+00D9 (decimal 217)
   defining Unicode char U+00DA (decimal 218)
   defining Unicode char U+00DB (decimal 219)
   defining Unicode char U+00DC (decimal 220)
   defining Unicode char U+00DD (decimal 221)
   defining Unicode char U+00DE (decimal 222)
   defining Unicode char U+00DF (decimal 223)
   defining Unicode char U+00E0 (decimal 224)
   defining Unicode char U+00E1 (decimal 225)
   defining Unicode char U+00E2 (decimal 226)
   defining Unicode char U+00E3 (decimal 227)
   defining Unicode char U+00E4 (decimal 228)
   defining Unicode char U+00E5 (decimal 229)
   defining Unicode char U+00E6 (decimal 230)
   defining Unicode char U+00E7 (decimal 231)
   defining Unicode char U+00E8 (decimal 232)
   defining Unicode char U+00E9 (decimal 233)
   defining Unicode char U+00EA (decimal 234)
   defining Unicode char U+00EB (decimal 235)
   defining Unicode char U+00EC (decimal 236)
   defining Unicode char U+00ED (decimal 237)
   defining Unicode char U+00EE (decimal 238)
   defining Unicode char U+00EF (decimal 239)
   defining Unicode char U+00F0 (decimal 240)
   defining Unicode char U+00F1 (decimal 241)
   defining Unicode char U+00F2 (decimal 242)
   defining Unicode char U+00F3 (decimal 243)
   defining Unicode char U+00F4 (decimal 244)
   defining Unicode char U+00F5 (decimal 245)
   defining Unicode char U+00F6 (decimal 246)
   defining Unicode char U+00F8 (decimal 248)
   defining Unicode char U+00F9 (decimal 249)
   defining Unicode char U+00FA (decimal 250)
   defining Unicode char U+00FB (decimal 251)
   defining Unicode char U+00FC (decimal 252)
   defining Unicode char U+00FD (decimal 253)
   defining Unicode char U+00FE (decimal 254)
   defining Unicode char U+00FF (decimal 255)
   defining Unicode char U+0102 (decimal 258)
   defining Unicode char U+0103 (decimal 259)
   defining Unicode char U+0104 (decimal 260)
   defining Unicode char U+0105 (decimal 261)
   defining Unicode char U+0106 (decimal 262)
   defining Unicode char U+0107 (decimal 263)
   defining Unicode char U+010C (decimal 268)
   defining Unicode char U+010D (decimal 269)
   defining Unicode char U+010E (decimal 270)
   defining Unicode char U+010F (decimal 271)
   defining Unicode char U+0110 (decimal 272)
   defining Unicode char U+0111 (decimal 273)
   defining Unicode char U+0118 (decimal 280)
   defining Unicode char U+0119 (decimal 281)
   defining Unicode char U+011A (decimal 282)
   defining Unicode char U+011B (decimal 283)
   defining Unicode char U+011E (decimal 286)
   defining Unicode char U+011F (decimal 287)
   defining Unicode char U+0130 (decimal 304)
   defining Unicode char U+0131 (decimal 305)
   defining Unicode char U+0132 (decimal 306)
   defining Unicode char U+0133 (decimal 307)
   defining Unicode char U+0139 (decimal 313)
   defining Unicode char U+013A (decimal 314)
   defining Unicode char U+013D (decimal 317)
   defining Unicode char U+013E (decimal 318)
   defining Unicode char U+0141 (decimal 321)
   defining Unicode char U+0142 (decimal 322)
   defining Unicode char U+0143 (decimal 323)
   defining Unicode char U+0144 (decimal 324)
   defining Unicode char U+0147 (decimal 327)
   defining Unicode char U+0148 (decimal 328)
   defining Unicode char U+014A (decimal 330)
   defining Unicode char U+014B (decimal 331)
   defining Unicode char U+0150 (decimal 336)
   defining Unicode char U+0151 (decimal 337)
   defining Unicode char U+0152 (decimal 338)
   defining Unicode char U+0153 (decimal 339)
   defining Unicode char U+0154 (decimal 340)
   defining Unicode char U+0155 (decimal 341)
   defining Unicode char U+0158 (decimal 344)
   defining Unicode char U+0159 (decimal 345)
   defining Unicode char U+015A (decimal 346)
   defining Unicode char U+015B (decimal 347)
   defining Unicode char U+015E (decimal 350)
   defining Unicode char U+015F (decimal 351)
   defining Unicode char U+0160 (decimal 352)
   defining Unicode char U+0161 (decimal 353)
   defining Unicode char U+0162 (decimal 354)
   defining Unicode char U+0163 (decimal 355)
   defining Unicode char U+0164 (decimal 356)
   defining Unicode char U+0165 (decimal 357)
   defining Unicode char U+016E (decimal 366)
   defining Unicode char U+016F (decimal 367)
   defining Unicode char U+0170 (decimal 368)
   defining Unicode char U+0171 (decimal 369)
   defining Unicode char U+0178 (decimal 376)
   defining Unicode char U+0179 (decimal 377)
   defining Unicode char U+017A (decimal 378)
   defining Unicode char U+017B (decimal 379)
   defining Unicode char U+017C (decimal 380)
   defining Unicode char U+017D (decimal 381)
   defining Unicode char U+017E (decimal 382)
   defining Unicode char U+200C (decimal 8204)
   defining Unicode char U+2013 (decimal 8211)
   defining Unicode char U+2014 (decimal 8212)
   defining Unicode char U+2018 (decimal 8216)
   defining Unicode char U+2019 (decimal 8217)
   defining Unicode char U+201A (decimal 8218)
   defining Unicode char U+201C (decimal 8220)
   defining Unicode char U+201D (decimal 8221)
   defining Unicode char U+201E (decimal 8222)
   defining Unicode char U+2030 (decimal 8240)
   defining Unicode char U+2031 (decimal 8241)
   defining Unicode char U+2039 (decimal 8249)
   defining Unicode char U+203A (decimal 8250)
   defining Unicode char U+2423 (decimal 9251)
)
Now handling font encoding OT1 ...
... processing UTF-8 mapping file for font encoding OT1

(/usr/share/texmf-texlive/tex/latex/base/ot1enc.dfu
File: ot1enc.dfu 2008/04/05 v1.1m UTF-8 support for inputenc
   defining Unicode char U+00A1 (decimal 161)
   defining Unicode char U+00A3 (decimal 163)
   defining Unicode char U+00B8 (decimal 184)
   defining Unicode char U+00BF (decimal 191)
   defining Unicode char U+00C5 (decimal 197)
   defining Unicode char U+00C6 (decimal 198)
   defining Unicode char U+00D8 (decimal 216)
   defining Unicode char U+00DF (decimal 223)
   defining Unicode char U+00E6 (decimal 230)
   defining Unicode char U+00EC (decimal 236)
   defining Unicode char U+00ED (decimal 237)
   defining Unicode char U+00EE (decimal 238)
   defining Unicode char U+00EF (decimal 239)
   defining Unicode char U+00F8 (decimal 248)
   defining Unicode char U+0131 (decimal 305)
   defining Unicode char U+0141 (decimal 321)
   defining Unicode char U+0142 (decimal 322)
   defining Unicode char U+0152 (decimal 338)
   defining Unicode char U+0153 (decimal 339)
   defining Unicode char U+2013 (decimal 8211)
   defining Unicode char U+2014 (decimal 8212)
   defining Unicode char U+2018 (decimal 8216)
   defining Unicode char U+2019 (decimal 8217)
   defining Unicode char U+201C (decimal 8220)
   defining Unicode char U+201D (decimal 8221)
)
Now handling font encoding OMS ...
... processing UTF-8 mapping file for font encoding OMS

(/usr/share/texmf-texlive/tex/latex/base/omsenc.dfu
File: omsenc.dfu 2008/04/05 v1.1m UTF-8 support for inputenc
   defining Unicode char U+00A7 (decimal 167)
   defining Unicode char U+00B6 (decimal 182)
   defining Unicode char U+00B7 (decimal 183)
   defining Unicode char U+2020 (decimal 8224)
   defining Unicode char U+2021 (decimal 8225)
   defining Unicode char U+2022 (decimal 8226)
)
Now handling font encoding OMX ...
... no UTF-8 mapping file for font encoding OMX
Now handling font encoding U ...
... no UTF-8 mapping file for font encoding U
   defining Unicode char U+00A9 (decimal 169)
   defining Unicode char U+00AA (decimal 170)
   defining Unicode char U+00AE (decimal 174)
   defining Unicode char U+00BA (decimal 186)
   defining Unicode char U+02C6 (decimal 710)
   defining Unicode char U+02DC (decimal 732)
   defining Unicode char U+200C (decimal 8204)
   defining Unicode char U+2026 (decimal 8230)
   defining Unicode char U+2122 (decimal 8482)
   defining Unicode char U+2423 (decimal 9251)
))
(/usr/share/texmf-texlive/tex/latex/base/fontenc.sty
Package: fontenc 2005/09/27 v1.99g Standard LaTeX package

(/usr/share/texmf-texlive/tex/latex/base/t1enc.def
File: t1enc.def 2005/09/27 v1.99g Standard LaTeX file
LaTeX Font Info:    Redeclaring font encoding T1 on input line 43.
))
(/usr/share/texmf-texlive/tex/generic/babel/babel.sty
Package: babel 2008/07/06 v3.8l The Babel package

(/usr/share/texmf-texlive/tex/generic/babel/ngermanb.ldf
Language: ngermanb 2008/07/06 v2.6n new German support from the babel system

(/usr/share/texmf-texlive/tex/generic/babel/babel.def
File: babel.def 2008/07/06 v3.8l Babel common definitions
\babel@savecnt=\count92
\U@D=\dimen107
)

Package babel Warning: No hyphenation patterns were loaded for
(babel)                the language `ngerman'
(babel)                I will use the patterns loaded for \language=0 instead.

\l@ngerman = a dialect from \language0
\l@naustrian = a dialect from \language\l@ngerman 
Package babel Info: Making " an active character on input line 92.
)) (/usr/share/texmf/tex/latex/lm/lmodern.sty
Package: lmodern 2009/10/30 v1.6 Latin Modern Fonts
LaTeX Font Info:    Overwriting symbol font `operators' in version `normal'
(Font)                  OT1/cmr/m/n --> OT1/lmr/m/n on input line 22.
LaTeX Font Info:    Overwriting symbol font `letters' in version `normal'
(Font)                  OML/cmm/m/it --> OML/lmm/m/it on input line 23.
LaTeX Font Info:    Overwriting symbol font `symbols' in version `normal'
(Font)                  OMS/cmsy/m/n --> OMS/lmsy/m/n on input line 24.
LaTeX Font Info:    Overwriting symbol font `largesymbols' in version `normal'
(Font)                  OMX/cmex/m/n --> OMX/lmex/m/n on input line 25.
LaTeX Font Info:    Overwriting symbol font `operators' in version `bold'
(Font)                  OT1/cmr/bx/n --> OT1/lmr/bx/n on input line 26.
LaTeX Font Info:    Overwriting symbol font `letters' in version `bold'
(Font)                  OML/cmm/b/it --> OML/lmm/b/it on input line 27.
LaTeX Font Info:    Overwriting symbol font `symbols' in version `bold'
(Font)                  OMS/cmsy/b/n --> OMS/lmsy/b/n on input line 28.
LaTeX Font Info:    Overwriting symbol font `largesymbols' in version `bold'
(Font)                  OMX/cmex/m/n --> OMX/lmex/m/n on input line 29.
LaTeX Font Info:    Overwriting math alphabet `\mathbf' in version `normal'
(Font)                  OT1/cmr/bx/n --> OT1/lmr/bx/n on input line 31.
LaTeX Font Info:    Overwriting math alphabet `\mathsf' in version `normal'
(Font)                  OT1/cmss/m/n --> OT1/lmss/m/n on input line 32.
LaTeX Font Info:    Overwriting math alphabet `\mathit' in version `normal'
(Font)                  OT1/cmr/m/it --> OT1/lmr/m/it on input line 33.
LaTeX Font Info:    Overwriting math alphabet `\mathtt' in version `normal'
(Font)                  OT1/cmtt/m/n --> OT1/lmtt/m/n on input line 34.
LaTeX Font Info:    Overwriting math alphabet `\mathbf' in version `bold'
(Font)                  OT1/cmr/bx/n --> OT1/lmr/bx/n on input line 35.
LaTeX Font Info:    Overwriting math alphabet `\mathsf' in version `bold'
(Font)                  OT1/cmss/bx/n --> OT1/lmss/bx/n on input line 36.
LaTeX Font Info:    Overwriting math alphabet `\mathit' in version `bold'
(Font)                  OT1/cmr/bx/it --> OT1/lmr/bx/it on input line 37.
LaTeX Font Info:    Overwriting math alphabet `\mathtt' in version `bold'
(Font)                  OT1/cmtt/m/n --> OT1/lmtt/m/n on input line 38.
)
(/usr/share/texmf-texlive/tex/latex/amsmath/amsmath.sty
Package: amsmath 2000/07/18 v2.13 AMS math features
\@mathmargin=\skip43

For additional information on amsmath, use the `?' option.
(/usr/share/texmf-texlive/tex/latex/amsmath/amstext.sty
Package: amstext 2000/06/29 v2.01

(/usr/share/texmf-texlive/tex/latex/amsmath/amsgen.sty
File: amsgen.sty 1999/11/30 v2.0
\@emptytoks=\toks18
\ex@=\dimen108
))
(/usr/share/texmf-texlive/tex/latex/amsmath/amsbsy.sty
Package: amsbsy 1999/11/29 v1.2d
\pmbraise@=\dimen109
)
(/usr/share/texmf-texlive/tex/latex/amsmath/amsopn.sty
Package: amsopn 1999/12/14 v2.01 operator names
)
\inf@bad=\count93
LaTeX Info: Redefining \frac on input line 211.
\uproot@=\count94
\leftroot@=\count95
LaTeX Info: Redefining \overline on input line 307.
\classnum@=\count96
\DOTSCASE@=\count97
LaTeX Info: Redefining \ldots on input line 379.
LaTeX Info: Redefining \dots on input line 382.
LaTeX Info: Redefining \cdots on input line 467.
\Mathstrutbox@=\box26
\strutbox@=\box27
\big@size=\dimen110
LaTeX Font Info:    Redeclaring font encoding OML on input line 567.
LaTeX Font Info:    Redeclaring font encoding OMS on input line 568.
\macc@depth=\count98
\c@MaxMatrixCols=\count99
\dotsspace@=\muskip10
\c@parentequation=\count100
\dspbrk@lvl=\count101
\tag@help=\toks19
\row@=\count102
\column@=\count103
\maxfields@=\count104
\andhelp@=\toks20
\eqnshift@=\dimen111
\alignsep@=\dimen112
\tagshift@=\dimen113
\tagwidth@=\dimen114
\totwidth@=\dimen115
\lineht@=\dimen116
\@envbody=\toks21
\multlinegap=\skip44
\multlinetaggap=\skip45
\mathdisplay@stack=\toks22
LaTeX Info: Redefining \[ on input line 2666.
LaTeX Info: Redefining \] on input line 2667.
)
(/usr/share/texmf-texlive/tex/latex/amsfonts/amssymb.sty
Package: amssymb 2009/06/22 v3.00

(/usr/share/texmf-texlive/tex/latex/amsfonts/amsfonts.sty
Package: amsfonts 2009/06/22 v3.00 Basic AMSFonts support
\symAMSa=\mathgroup4
\symAMSb=\mathgroup5
LaTeX Font Info:    Overwriting math alphabet `\mathfrak' in version `bold'
(Font)                  U/euf/m/n --> U/euf/b/n on input line 96.
))
(/usr/share/texmf-texlive/tex/latex/bbm-macros/bbm.sty
Package: bbm 1999/03/15 V 1.2 provides fonts for set symbols - TH
LaTeX Font Info:    Overwriting math alphabet `\mathbbm' in version `bold'
(Font)                  U/bbm/m/n --> U/bbm/bx/n on input line 33.
LaTeX Font Info:    Overwriting math alphabet `\mathbbmss' in version `bold'
(Font)                  U/bbmss/m/n --> U/bbmss/bx/n on input line 35.
)
(/usr/share/texmf-texlive/tex/latex/jknapltx/mathrsfs.sty
Package: mathrsfs 1996/01/01 Math RSFS package v1.0 (jk)
\symrsfs=\mathgroup6
)
(/usr/share/texmf-texlive/tex/latex/stmaryrd/stmaryrd.sty
Package: stmaryrd 1994/03/03 St Mary's Road symbol package
\symstmry=\mathgroup7
LaTeX Font Info:    Overwriting symbol font `stmry' in version `bold'
(Font)                  U/stmry/m/n --> U/stmry/b/n on input line 89.
)
(/usr/share/texmf-texlive/tex/latex/graphics/graphicx.sty
Package: graphicx 1999/02/16 v1.0f Enhanced LaTeX Graphics (DPC,SPQR)

(/usr/share/texmf-texlive/tex/latex/graphics/graphics.sty
Package: graphics 2009/02/05 v1.0o Standard LaTeX Graphics (DPC,SPQR)

(/usr/share/texmf-texlive/tex/latex/graphics/trig.sty
Package: trig 1999/03/16 v1.09 sin cos tan (DPC)
)
(/etc/texmf/tex/latex/config/graphics.cfg
File: graphics.cfg 2009/08/28 v1.8 graphics configuration of TeX Live
)
Package graphics Info: Driver file: pdftex.def on input line 91.

(/usr/share/texmf-texlive/tex/latex/pdftex-def/pdftex.def
File: pdftex.def 2010/03/12 v0.04p Graphics/color for pdfTeX
\Gread@gobject=\count105
))
\Gin@req@height=\dimen117
\Gin@req@width=\dimen118
)
(/usr/share/texmf-texlive/tex/latex/float/float.sty
Package: float 2001/11/08 v1.3d Float enhancements (AL)
\c@float@type=\count106
\float@exts=\toks23
\float@box=\box28
\@float@everytoks=\toks24
\@floatcapt=\box29
)
(/usr/share/texmf/tex/latex/xcolor/xcolor.sty
Package: xcolor 2007/01/21 v2.11 LaTeX color extensions (UK)

(/etc/texmf/tex/latex/config/color.cfg
File: color.cfg 2007/01/18 v1.5 color configuration of teTeX/TeXLive
)
Package xcolor Info: Driver file: pdftex.def on input line 225.
Package xcolor Info: Model `cmy' substituted by `cmy0' on input line 1337.
Package xcolor Info: Model `hsb' substituted by `rgb' on input line 1341.
Package xcolor Info: Model `RGB' extended on input line 1353.
Package xcolor Info: Model `HTML' substituted by `rgb' on input line 1355.
Package xcolor Info: Model `Hsb' substituted by `hsb' on input line 1356.
Package xcolor Info: Model `tHsb' substituted by `hsb' on input line 1357.
Package xcolor Info: Model `HSB' substituted by `hsb' on input line 1358.
Package xcolor Info: Model `Gray' substituted by `gray' on input line 1359.
Package xcolor Info: Model `wave' substituted by `hsb' on input line 1360.

(/usr/share/texmf-texlive/tex/latex/graphics/dvipsnam.def
File: dvipsnam.def 1999/02/16 v3.0i Driver-dependant file (DPC,SPQR)
))
(/usr/share/texmf-texlive/tex/latex/caption/caption.sty
Package: caption 2009/10/09 v3.1k Customizing captions (AR)

(/usr/share/texmf-texlive/tex/latex/caption/caption3.sty
Package: caption3 2009/10/09 v3.1k caption3 kernel (AR)
\captionmargin=\dimen119
\captionmargin@=\dimen120
\captionwidth=\dimen121
\caption@indent=\dimen122
\caption@parindent=\dimen123
\caption@hangindent=\dimen124
)
\c@ContinuedFloat=\count107
Package caption Info: float package is loaded.
)
(/usr/share/texmf-texlive/tex/latex/enumitem/enumitem.sty
Package: enumitem 2009/05/18 v2.2 Customized lists
\enit@toks=\toks25
\labelindent=\skip46
\enit@outerparindent=\dimen125
\enitdp@desc=\count108
)
(/usr/share/texmf-texlive/tex/latex/tools/calc.sty
Package: calc 2007/08/22 v4.3 Infix arithmetic (KKT,FJ)
\calc@Acount=\count109
\calc@Bcount=\count110
\calc@Adimen=\dimen126
\calc@Bdimen=\dimen127
\calc@Askip=\skip47
\calc@Bskip=\skip48
LaTeX Info: Redefining \setlength on input line 76.
LaTeX Info: Redefining \addtolength on input line 77.
\calc@Ccount=\count111
\calc@Cskip=\skip49
)
(/usr/share/texmf-texlive/tex/latex/ltxmisc/framed.sty
Package: framed 2007/10/04 v 0.95: framed or shaded text with page breaks
\fb@frw=\dimen128
\fb@frh=\dimen129
\FrameRule=\dimen130
\FrameSep=\dimen131
)
(/usr/share/texmf-texlive/tex/latex/tocloft/tocloft.sty
Package: tocloft 2009/09/04 v2.3d parameterised ToC, etc., typesetting


Package tocloft Note: The document has section divisions.

\cftparskip=\skip50
\cftbeforetoctitleskip=\skip51
\cftaftertoctitleskip=\skip52
\cftbeforepartskip=\skip53
\cftpartnumwidth=\skip54
\cftpartindent=\skip55
\cftbeforesecskip=\skip56
\cftsecindent=\skip57
\cftsecnumwidth=\skip58
\cftbeforesubsecskip=\skip59
\cftsubsecindent=\skip60
\cftsubsecnumwidth=\skip61
\cftbeforesubsubsecskip=\skip62
\cftsubsubsecindent=\skip63
\cftsubsubsecnumwidth=\skip64
\cftbeforeparaskip=\skip65
\cftparaindent=\skip66
\cftparanumwidth=\skip67
\cftbeforesubparaskip=\skip68
\cftsubparaindent=\skip69
\cftsubparanumwidth=\skip70
\cftbeforeloftitleskip=\skip71
\cftafterloftitleskip=\skip72
\cftbeforefigskip=\skip73
\cftfigindent=\skip74
\cftfignumwidth=\skip75
\c@lofdepth=\count112
\c@lotdepth=\count113
\cftbeforelottitleskip=\skip76
\cftafterlottitleskip=\skip77
\cftbeforetabskip=\skip78
\cfttabindent=\skip79
\cfttabnumwidth=\skip80
)
\c@math=\count114
\cftbeforemathskip=\skip81
\cftmathindent=\skip82
\cftmathnumwidth=\skip83
\c@mathlistdepth=\count115
\cftbeforemathlisttitleskip=\skip84
\cftaftermathlisttitleskip=\skip85
\c@mathdefc=\count116
\c@maththeoremc=\count117
 (/usr/share/texmf-texlive/tex/latex/listings/listings.sty
\lst@mode=\count118
\lst@gtempboxa=\box30
\lst@token=\toks26
\lst@length=\count119
\lst@currlwidth=\dimen132
\lst@column=\count120
\lst@pos=\count121
\lst@lostspace=\dimen133
\lst@width=\dimen134
\lst@newlines=\count122
\lst@lineno=\count123
\lst@maxwidth=\dimen135

(/usr/share/texmf-texlive/tex/latex/listings/lstmisc.sty
File: lstmisc.sty 2007/02/22 1.4 (Carsten Heinz)
\c@lstnumber=\count124
\lst@skipnumbers=\count125
\lst@framebox=\box31
)
(/usr/share/texmf-texlive/tex/latex/listings/listings.cfg
File: listings.cfg 2007/02/22 1.4 listings configuration
))
Package: listings 2007/02/22 1.4 (Carsten Heinz)
\listingframemargin=\skip86
\listingmargin=\skip87
\c@listings=\count126
\cftbeforelistingsskip=\skip88
\cftlistingsindent=\skip89
\cftlistingsnumwidth=\skip90
\c@listinglistdepth=\count127
\cftbeforelistinglisttitleskip=\skip91
\cftafterlistinglisttitleskip=\skip92
\c@listingc=\count128

(/usr/share/texmf-texlive/tex/latex/datatool/datatool.sty
Package: datatool 2009/07/13 v2.02 (NLCT)

(/usr/share/texmf-texlive/tex/latex/xkeyval/xkeyval.sty
Package: xkeyval 2008/08/13 v2.6a package option processing (HA)

(/usr/share/texmf-texlive/tex/generic/xkeyval/xkeyval.tex
\XKV@toks=\toks27
\XKV@tempa@toks=\toks28
\XKV@depth=\count129
File: xkeyval.tex 2008/08/13 v2.6a key=value parser (HA)
))
(/usr/share/texmf-texlive/tex/latex/base/ifthen.sty
Package: ifthen 2001/05/26 v1.1c Standard LaTeX ifthen package (DPC)
)
(/usr/share/texmf-texlive/tex/latex/xfor/xfor.sty
Package: xfor 2009/02/05 v1.05 (NLCT)
)
(/usr/share/texmf-texlive/tex/latex/fp/fp.sty
Package: fp 1995/04/02

`Fixed Point Package', Version 0.8, April 2, 1995 (C) Michael Mehlich
(/usr/share/texmf-texlive/tex/latex/fp/defpattern.sty
Package: defpattern 1994/10/12
\actioncount=\count130
)
(/usr/share/texmf-texlive/tex/latex/fp/fp-basic.sty
Package: fp-basic 1996/05/13
\FP@xs=\count131
\FP@xia=\count132
\FP@xib=\count133
\FP@xfa=\count134
\FP@xfb=\count135
\FP@rega=\count136
\FP@regb=\count137
\FP@regs=\count138
\FP@times=\count139
)
(/usr/share/texmf-texlive/tex/latex/fp/fp-addons.sty
Package: fp-addons 1995/03/15
)
(/usr/share/texmf-texlive/tex/latex/fp/fp-snap.sty
Package: fp-snap 1995/04/05
)
(/usr/share/texmf-texlive/tex/latex/fp/fp-exp.sty
Package: fp-exp 1995/04/03
)
(/usr/share/texmf-texlive/tex/latex/fp/fp-trigo.sty
Package: fp-trigo 1995/04/14
)
(/usr/share/texmf-texlive/tex/latex/fp/fp-pas.sty
Package: fp-pas 1994/08/29
)
(/usr/share/texmf-texlive/tex/latex/fp/fp-random.sty
Package: fp-random 1995/02/23
\FPseed=\count140
)
(/usr/share/texmf-texlive/tex/latex/fp/fp-eqn.sty
Package: fp-eqn 1995/04/03
)
(/usr/share/texmf-texlive/tex/latex/fp/fp-upn.sty
Package: fp-upn 1996/10/21
)
(/usr/share/texmf-texlive/tex/latex/fp/fp-eval.sty
Package: fp-eval 1995/04/03
))
(/usr/share/texmf-texlive/tex/latex/substr/substr.sty
Package: substr 2005/11/29 v1.1 Handle substrings
\c@su@anzahl=\count141
)
(/usr/share/texmf-texlive/tex/latex/etex-pkg/etex.sty
Package: etex 1998/03/26 v2.0 eTeX basic definition package (PEB)
\et@xins=\count142
)
\@dtl@datatype=\count143
\@dtl@tmpcount=\count144
\dtl@tmplength=\skip93
\@dtl@numgrpsepcount=\count145
\dtl@codeA=\count146
\dtl@codeB=\count147
\dtlcolumnnum=\count148
\dtlrownum=\count149
\@dtl@before=\toks29
\@dtl@after=\toks30
\@dtl@colhead=\toks31
\dtlcurrentrow=\toks32
\dtlbeforerow=\toks33
\dtlafterrow=\toks34
\@dtl@foreach@level=\count150
\dtlforeachlevel=\count151
\c@DTLrowi=\count152
\c@DTLrowii=\count153
\c@DTLrowiii=\count154
\c@DTLrow=\count155
\dtl@rowi=\count156
\dtl@rowii=\count157
\dtl@rowiii=\count158
\@dtl@curi=\toks35
\@dtl@previ=\toks36
\@dtl@nexti=\toks37
\@dtl@curii=\toks38
\@dtl@previi=\toks39
\@dtl@nextii=\toks40
\@dtl@curiii=\toks41
\@dtl@previii=\toks42
\@dtl@nextiii=\toks43
\@dtl@elements=\count159
\@dtl@list=\toks44
\@dtl@rowa=\toks45
\@dtl@rowb=\toks46
\@dtl@toksA=\toks47
\@dtl@toksB=\toks48
\@dtl@toks=\toks49
\dtl@sortresult=\count160
\@dtl@write=\write3
\@dtl@read=\read1
\dtl@entrycr=\count161
)
(/usr/share/texmf-texlive/tex/latex/oberdiek/epstopdf.sty
Package: epstopdf 2009/10/17 v2.4 Conversion with epstopdf on the fly (HO)

(/usr/share/texmf-texlive/tex/latex/oberdiek/epstopdf-base.sty
Package: epstopdf-base 2009/10/17 v2.4 Base part for package epstopdf

(/usr/share/texmf-texlive/tex/generic/oberdiek/infwarerr.sty
Package: infwarerr 2007/09/09 v1.2 Providing info/warning/message (HO)
)
(/usr/share/texmf-texlive/tex/latex/oberdiek/grfext.sty
Package: grfext 2007/09/30 v1.0 Managing graphics extensions (HO)
)
(/usr/share/texmf-texlive/tex/latex/oberdiek/kvoptions.sty
Package: kvoptions 2009/08/13 v3.4 Keyval support for LaTeX options (HO)

(/usr/share/texmf-texlive/tex/generic/oberdiek/kvsetkeys.sty
Package: kvsetkeys 2009/07/30 v1.5 Key value parser with default handler suppor
t (HO)

(/usr/share/texmf-texlive/tex/generic/oberdiek/etexcmds.sty
Package: etexcmds 2007/12/12 v1.2 Prefix for e-TeX command names (HO)
Package etexcmds Info: Could not find \expanded.
(etexcmds)             That can mean that you are not using pdfTeX 1.50 or
(etexcmds)             that some package has redefined \expanded.
(etexcmds)             In the latter case, load this package earlier.
)))
(/usr/share/texmf-texlive/tex/generic/oberdiek/pdftexcmds.sty
Package: pdftexcmds 2009/09/23 v0.6 LuaTeX support for pdfTeX utility functions
 (HO)

(/usr/share/texmf-texlive/tex/generic/oberdiek/ifluatex.sty
Package: ifluatex 2009/04/17 v1.2 Provides the ifluatex switch (HO)
Package ifluatex Info: LuaTeX not detected.
)
(/usr/share/texmf-texlive/tex/generic/oberdiek/ltxcmds.sty
Package: ltxcmds 2009/08/05 v1.0 Some LaTeX kernel commands for general use (HO
)
)
Package pdftexcmds Info: LuaTeX not detected.
Package pdftexcmds Info: \pdf@primitive is available.
Package pdftexcmds Info: \pdf@ifprimitive is available.
)
Package grfext Info: Graphics extension search list:
(grfext)             [.png,.pdf,.jpg,.mps,.jpeg,.jbig2,.jb2,.PNG,.PDF,.JPG,.JPE
G,.JBIG2,.JB2,.eps]
(grfext)             \AppendGraphicsExtensions on input line 433.

(/usr/share/texmf-texlive/tex/latex/latexconfig/epstopdf-sys.cfg
File: epstopdf-sys.cfg 2009/10/26 v1.1 Configuration of epstopdf for TeX Live
)))
Package epstopdf-base Info: Redefining graphics rule for `.eps' on input line 2
77.

(/usr/share/texmf-texlive/tex/latex/lastpage/lastpage.sty
Package: lastpage 1994/06/25 v0.1b LaTeX2e package for refs to last page number
 (JPG)
)
(/usr/share/texmf-texlive/tex/latex/koma-script/scrpage2.sty
Package: scrpage2 2008/12/08 v2.3 LaTeX2e KOMA-Script package
) (./doc.tex
(/usr/share/texmf-texlive/tex/latex/pdfpages/pdfpages.sty
Package: pdfpages 2009/02/07 v0.4g Insert pages of external PDF documents (AM)

(/usr/share/texmf-texlive/tex/latex/eso-pic/eso-pic.sty
Package: eso-pic 2006/07/14 v1.1d eso-pic (RN)

(/usr/share/texmf-texlive/tex/latex/ms/everyshi.sty
Package: everyshi 2001/05/15 v3.00 EveryShipout Package (MS)
))
(/usr/share/texmf-texlive/tex/latex/pdfpages/pppdftex.def
File: pppdftex.def 2009/02/07 v0.4g Pdfpages driver for pdfTeX (AM)
)
\AM@pagebox=\box32
\AM@toc@title=\toks50
\c@AM@survey=\count162
\AM@templatesizebox=\box33
) (./main.aux

LaTeX Warning: Label `fig:sonnenspektrum-1' multiply defined.


LaTeX Warning: Label `fig:sonnenspektrum-1' multiply defined.

)
\openout1 = `main.aux'.

LaTeX Font Info:    Checking defaults for OML/cmm/m/it on input line 3.
LaTeX Font Info:    ... okay on input line 3.
LaTeX Font Info:    Checking defaults for T1/cmr/m/n on input line 3.
LaTeX Font Info:    ... okay on input line 3.
LaTeX Font Info:    Checking defaults for OT1/cmr/m/n on input line 3.
LaTeX Font Info:    ... okay on input line 3.
LaTeX Font Info:    Checking defaults for OMS/cmsy/m/n on input line 3.
LaTeX Font Info:    ... okay on input line 3.
LaTeX Font Info:    Checking defaults for OMX/cmex/m/n on input line 3.
LaTeX Font Info:    ... okay on input line 3.
LaTeX Font Info:    Checking defaults for U/cmr/m/n on input line 3.
LaTeX Font Info:    ... okay on input line 3.
LaTeX Font Info:    Try loading font information for T1+lmr on input line 3.
 (/usr/share/texmf/tex/latex/lm/t1lmr.fd
File: t1lmr.fd 2009/10/30 v1.6 Font defs for Latin Modern
)
*geometry auto-detecting driver*
*geometry detected driver: pdftex*
-------------------- Geometry parameters
paper: a4paper
landscape: --
twocolumn: --
twoside: true
asymmetric: --
h-parts: 113.81102pt, 355.65945pt, 128.0374pt
v-parts: 113.81102pt, 603.19843pt, 128.0374pt
hmarginratio: --
vmarginratio: --
lines: --
heightrounded: --
bindingoffset: 0.0pt
truedimen: --
includehead: --
includefoot: --
includemp: --
driver: pdftex
-------------------- Page layout dimensions and switches
\paperwidth  597.50787pt
\paperheight 845.04684pt
\textwidth  355.65945pt
\textheight 603.19843pt
\oddsidemargin  41.54103pt
\evensidemargin 55.76741pt
\topmargin  4.54103pt
\headheight 12.0pt
\headsep    25.0pt
\footskip   30.0pt
\marginparwidth 103.0pt
\marginparsep   10.0pt
\columnsep  10.0pt
\skip\footins  10.0pt plus 4.0pt minus 2.0pt
\hoffset 0.0pt
\voffset 0.0pt
\mag 1000
\@twosidetrue \@mparswitchtrue 
(1in=72.27pt, 1cm=28.45pt)
-----------------------
(/usr/share/texmf-texlive/tex/context/base/supp-pdf.mkii
[Loading MPS to PDF converter (version 2006.09.02).]
\scratchcounter=\count163
\scratchdimen=\dimen136
\scratchbox=\box34
\nofMPsegments=\count164
\nofMParguments=\count165
\everyMPshowfont=\toks51
\MPscratchCnt=\count166
\MPscratchDim=\dimen137
\MPnumerator=\count167
\everyMPtoPDFconversion=\toks52
)
Package caption Info: Begin \AtBeginDocument code.
Package caption Info: listings package is loaded.
Package caption Info: End \AtBeginDocument code.
\c@lstlisting=\count168


Package scrpage2 Warning: seems you are using a constant headheight.
(scrpage2)                If you get overfull \vbox warnings at almost every
(scrpage2)                page, you should increase headheight e.g. writing
(scrpage2)                 \setlength{\headheight}{1.1\baselineskip}
(scrpage2)                into the preamble of your document.
(scrpage2)                A better solution would be to use typearea package.

ABD: EveryShipout initializing macros
LaTeX Font Info:    Try loading font information for OT1+lmr on input line 5.
 (/usr/share/texmf/tex/latex/lm/ot1lmr.fd
File: ot1lmr.fd 2009/10/30 v1.6 Font defs for Latin Modern
)
LaTeX Font Info:    Try loading font information for OML+lmm on input line 5.
(/usr/share/texmf/tex/latex/lm/omllmm.fd
File: omllmm.fd 2009/10/30 v1.6 Font defs for Latin Modern
)
LaTeX Font Info:    Try loading font information for OMS+lmsy on input line 5.

(/usr/share/texmf/tex/latex/lm/omslmsy.fd
File: omslmsy.fd 2009/10/30 v1.6 Font defs for Latin Modern
)
LaTeX Font Info:    Try loading font information for OMX+lmex on input line 5.

(/usr/share/texmf/tex/latex/lm/omxlmex.fd
File: omxlmex.fd 2009/10/30 v1.6 Font defs for Latin Modern
)
LaTeX Font Info:    External font `lmex10' loaded for size
(Font)              <12> on input line 5.
LaTeX Font Info:    External font `lmex10' loaded for size
(Font)              <8> on input line 5.
LaTeX Font Info:    External font `lmex10' loaded for size
(Font)              <6> on input line 5.
LaTeX Font Info:    Try loading font information for U+msa on input line 5.

(/usr/share/texmf-texlive/tex/latex/amsfonts/umsa.fd
File: umsa.fd 2009/06/22 v3.00 AMS symbols A
)
LaTeX Font Info:    Try loading font information for U+msb on input line 5.

(/usr/share/texmf-texlive/tex/latex/amsfonts/umsb.fd
File: umsb.fd 2009/06/22 v3.00 AMS symbols B
)
LaTeX Font Info:    Try loading font information for U+rsfs on input line 5.

(/usr/share/texmf-texlive/tex/latex/jknapltx/ursfs.fd
File: ursfs.fd 1998/03/24 rsfs font definition file (jk)
)
LaTeX Font Info:    Try loading font information for U+stmry on input line 5.

(/usr/share/texmf-texlive/tex/latex/stmaryrd/Ustmry.fd) (./main.toc
LaTeX Font Info:    External font `lmex10' loaded for size
(Font)              <10.95> on input line 2.
)
\tf@toc=\write4
\openout4 = `main.toc'.


Overfull \vbox (1.61752pt too high) has occurred while \output is active []


[1

{/var/lib/texmf/fonts/map/pdftex/updmap/pdftex.map}] [2] (./aufgaben.tex
LaTeX Font Info:    Try loading font information for OMS+lmr on input line 6.

(/usr/share/texmf/tex/latex/lm/omslmr.fd
File: omslmr.fd 2009/10/30 v1.6 Font defs for Latin Modern
)
LaTeX Font Info:    Font shape `OMS/lmr/m/n' in size <10.95> not available
(Font)              Font shape `OMS/lmsy/m/n' tried instead on input line 6.

Overfull \hbox (5.50746pt too wide) in paragraph at lines 14--16
\T1/lmr/m/n/10.95 und das spek-trale Au-flö-sungsver-mö-gen für je-den der drei
 Spalte berech-
 []

)
Overfull \vbox (15.2pt too high) has occurred while \output is active []

 [1]
(./grundlagen.tex <skizzen/skizze-1.png, id=18, 607.51968pt x 292.09125pt>
File: skizzen/skizze-1.png Graphic file (type png)

<use skizzen/skizze-1.png>
LaTeX Font Info:    External font `lmex10' loaded for size
(Font)              <9> on input line 13.
LaTeX Font Info:    External font `lmex10' loaded for size
(Font)              <5> on input line 13.

Overfull \hbox (9.72037pt too wide) in paragraph at lines 17--28
\T1/lmr/m/n/10.95 Der grund-sät-zliche Auf-bau des im Ver-such ver-wen-de-ten G
it-ter-spek-tro-graphen
 []


Overfull \hbox (17.22449pt too wide) in paragraph at lines 17--28
\T1/lmr/m/n/10.95 ist in Ab-bil-dung 1[] gezeigt. Hi-er-bei wird das Son-nen-li
cht durch einen Hohlspiegel
 []


Overfull \hbox (22.21951pt too wide) in paragraph at lines 29--30
[]\T1/lmr/m/n/10.95 Für den Ab-stand $\OML/lmm/m/it/10.95 x\OT1/lmr/m/n/10.95 (
\OML/lmm/m/it/10.95 n; ^^U\OT1/lmr/m/n/10.95 )$ \T1/lmr/m/n/10.95 von der null-
ten Ord-nung der Spek-trallinie $\OML/lmm/m/it/10.95 n$\T1/lmr/m/n/10.95 .Ordnu
ng
 []


Overfull \vbox (15.2pt too high) has occurred while \output is active []

 [2 <./skizzen/skizze-1.png>]
Overfull \hbox (4.69344pt too wide) in paragraph at lines 47--58
\T1/lmr/m/n/10.95 ein-fache Darstel-lung ist in Ab-bil-dung 2[] sicht-bar. Ein-
fal-l-en-des Licht überträgt
 []

<referenzen/CCD_charge_transfer_animation.jpg, id=29, 313.17pt x 169.63374pt>
File: referenzen/CCD_charge_transfer_animation.jpg Graphic file (type jpg)

<use referenzen/CCD_charge_transfer_animation.jpg>
Overfull \hbox (88.74234pt too wide) in paragraph at lines 62--62
\T1/lmr/m/n/9 https://de.wikipedia.org/wiki/CCD-Sensor#/media/File:CCD_charge_t
ransfer_animation.gif)| 
 []


Overfull \hbox (3.31973pt too wide) in paragraph at lines 66--71
[]\T1/lmr/m/n/10.95 Fotodioden eines CCD-Sensors kön-nen rechteck-ig, quadratis
ch oder polyg-
 []


Overfull \vbox (15.2pt too high) has occurred while \output is active []

 [3]
Overfull \vbox (15.2pt too high) has occurred while \output is active []

 [4 <./referenzen/CCD_charge_transfer_animation.jpg>])
Overfull \vbox (15.2pt too high) has occurred while \output is active []

 [5]
(./aufbau.tex
Overfull \hbox (13.2023pt too wide) in paragraph at lines 14--18
\T1/lmr/m/n/10.95 Das Ausle-ser-auschen des CCD-Detektors wurde mit Hil-fe von 
Bias-Aufnahmen
 []


Overfull \hbox (2.98936pt too wide) in paragraph at lines 14--18
\T1/lmr/m/n/10.95 und im BIAS-Mean-Bild gespe-ichert. Die In-ten-sität des zufä
l-li-gen Rauschens
 []

<messwerte/ccd-sensor-1.jpg, id=41, 2131.965pt x 1877.0125pt>
File: messwerte/ccd-sensor-1.jpg Graphic file (type jpg)

<use messwerte/ccd-sensor-1.jpg>
Overfull \hbox (13.56631pt too wide) in paragraph at lines 45--47
\T1/lmr/m/n/10.95 Um den lin-earen Zusam-men-hang zwis-chen einges-trahlter En-
ergie und gemesse-
 []


Overfull \hbox (1.77184pt too wide) in paragraph at lines 45--47
\T1/lmr/m/n/10.95 aber von Bild zu Bild steigen-der Be-lich-tungszeit aufgenom-
men. Die Beleuch-
 []


Overfull \vbox (15.2pt too high) has occurred while \output is active []

 [6]
<messwerte/Handybilder/DSC_0671.JPG, id=46, 3854.4pt x 2168.1pt>
File: messwerte/Handybilder/DSC_0671.JPG Graphic file (type jpg)

<use messwerte/Handybilder/DSC_0671.JPG>
Overfull \hbox (10.15974pt too wide) in paragraph at lines 61--65
\T1/lmr/m/n/10.95 Um einen Zusam-men-hang zwis-chen beleuchteten CCD-Pixel und 
entsprechen-
 []


Overfull \hbox (0.38266pt too wide) in paragraph at lines 61--65
\T1/lmr/m/n/10.95 Lampe, sowie der ab-bilden-den Op-tik samt Git-ter und angesc
hlossen-er CCD-
 []

<messwerte/Handybilder/DSC_0675.JPG, id=47, 3854.4pt x 2168.1pt>
File: messwerte/Handybilder/DSC_0675.JPG Graphic file (type jpg)

<use messwerte/Handybilder/DSC_0675.JPG>
<messwerte/Handybilder/DSC_0694.JPG, id=48, 3854.4pt x 2168.1pt>
File: messwerte/Handybilder/DSC_0694.JPG Graphic file (type jpg)

<use messwerte/Handybilder/DSC_0694.JPG>)
Overfull \vbox (15.2pt too high) has occurred while \output is active []

 [7 <./messwerte/ccd-sensor-1.jpg>]
Overfull \vbox (15.2pt too high) has occurred while \output is active []

 [8 <./messwerte/Handybilder/DSC_0671.JPG> <./messwerte/Handybilder/DSC_0675.JP
G>]
(./messwerte.tex <messwerte/bias-1.jpg, id=56, 572.83484pt x 380.36842pt>
File: messwerte/bias-1.jpg Graphic file (type jpg)

<use messwerte/bias-1.jpg>
<messwerte/bias-mean.png, id=57, 287.57437pt x 191.9672pt>
File: messwerte/bias-mean.png Graphic file (type png)

<use messwerte/bias-mean.png>
<messwerte/bias-noise.png, id=58, 287.57437pt x 191.9672pt>
File: messwerte/bias-noise.png Graphic file (type png)

<use messwerte/bias-noise.png>
Overfull \vbox (15.2pt too high) has occurred while \output is active []

 [9 <./messwerte/Handybilder/DSC_0694.JPG>]
Overfull \vbox (15.2pt too high) has occurred while \output is active []

 [10 <./messwerte/bias-1.jpg> <./messwerte/bias-mean.png (PNG copy)>]
<messwerte/dark04.PNG, id=69, 572.1375pt x 380.92313pt>
File: messwerte/dark04.PNG Graphic file (type png)

<use messwerte/dark04.PNG> (./dark04-spec.tex
Package epstopdf Info: Source file: <dark04-spec.eps>
(epstopdf)                    date: 2016-01-26 03:11:23
(epstopdf)                    size: 22592 bytes
(epstopdf)             Output file: <dark04-spec-eps-converted-to.pdf>
(epstopdf)                    date: 2016-01-26 03:14:33
(epstopdf)                    size: 6136 bytes
(epstopdf)             Command: < ps2pdf -dEPSCrop dark04-spec.eps dark04-spec-
eps-converted-to.pdf>
(epstopdf)             \includegraphics on input line 103.
Package epstopdf Info: Output file is already uptodate.

<dark04-spec-eps-converted-to.pdf, id=70, 341.275pt x 198.7425pt>
File: dark04-spec-eps-converted-to.pdf Graphic file (type pdf)

<use dark04-spec-eps-converted-to.pdf>) (./dark-temp.tex
Package epstopdf Info: Source file: <dark-temp.eps>
(epstopdf)                    date: 2016-01-26 14:44:18
(epstopdf)                    size: 17269 bytes
(epstopdf)             Output file: <dark-temp-eps-converted-to.pdf>
(epstopdf)                    date: 2016-01-26 14:44:22
(epstopdf)                    size: 3533 bytes
(epstopdf)             Command: < ps2pdf -dEPSCrop dark-temp.eps dark-temp-eps-
converted-to.pdf>
(epstopdf)             \includegraphics on input line 101.
Package epstopdf Info: Output file is already uptodate.

<dark-temp-eps-converted-to.pdf, id=71, 341.275pt x 198.7425pt>
File: dark-temp-eps-converted-to.pdf Graphic file (type pdf)

<use dark-temp-eps-converted-to.pdf>)
Overfull \vbox (15.2pt too high) has occurred while \output is active []

 [11 <./messwerte/bias-noise.png (PNG copy)>]
Overfull \vbox (15.2pt too high) has occurred while \output is active []

 [12 <./messwerte/dark04.PNG> <./dark04-spec-eps-converted-to.pdf>] (./linearsp
ec.tex
Package epstopdf Info: Source file: <linearspec.eps>
(epstopdf)                    date: 2016-01-26 02:12:22
(epstopdf)                    size: 21948 bytes
(epstopdf)             Output file: <linearspec-eps-converted-to.pdf>
(epstopdf)                    date: 2016-01-26 02:18:18
(epstopdf)                    size: 6350 bytes
(epstopdf)             Command: < ps2pdf -dEPSCrop linearspec.eps linearspec-ep
s-converted-to.pdf>
(epstopdf)             \includegraphics on input line 101.
Package epstopdf Info: Output file is already uptodate.

<linearspec-eps-converted-to.pdf, id=85, 341.275pt x 198.7425pt>
File: linearspec-eps-converted-to.pdf Graphic file (type pdf)

<use linearspec-eps-converted-to.pdf>)
Overfull \hbox (5.0511pt too wide) in paragraph at lines 111--114
[]\T1/lmr/m/n/10.95 Im Weit-eren Vorge-hen wurde stets das mit-tlere Max-i-mum 
als Bezugspunkt
 []

(./linrise.tex
Package epstopdf Info: Source file: <linrise.eps>
(epstopdf)                    date: 2016-01-26 12:34:07
(epstopdf)                    size: 16714 bytes
(epstopdf)             Output file: <linrise-eps-converted-to.pdf>
(epstopdf)                    date: 2016-01-26 13:27:29
(epstopdf)                    size: 3212 bytes
(epstopdf)             Command: < ps2pdf -dEPSCrop linrise.eps linrise-eps-conv
erted-to.pdf>
(epstopdf)             \includegraphics on input line 105.
Package epstopdf Info: Output file is already uptodate.
 <linrise-eps-converted-to.pdf, id=86, 341.275pt x 198.7425pt>
File: linrise-eps-converted-to.pdf Graphic file (type pdf)

<use linrise-eps-converted-to.pdf>)
Overfull \vbox (15.2pt too high) has occurred while \output is active []

 [13 <./dark-temp-eps-converted-to.pdf>]
Overfull \vbox (15.2pt too high) has occurred while \output is active []

 [14 <./linearspec-eps-converted-to.pdf> <./linrise-eps-converted-to.pdf>]
Overfull \hbox (42.73676pt too wide) in paragraph at lines 133--137
\T1/lmr/m/n/10.95 ter-spek-tro-grafen wur-den die Spek-tren ein-er Quecksilber-
Cadmium-Entladungslampe
 []

(./hg-01.tex
Package epstopdf Info: Source file: <hg-01.eps>
(epstopdf)                    date: 2016-01-26 10:29:36
(epstopdf)                    size: 21610 bytes
(epstopdf)             Output file: <hg-01-eps-converted-to.pdf>
(epstopdf)                    date: 2016-01-26 10:37:36
(epstopdf)                    size: 5220 bytes
(epstopdf)             Command: < ps2pdf -dEPSCrop hg-01.eps hg-01-eps-converte
d-to.pdf>
(epstopdf)             \includegraphics on input line 103.
Package epstopdf Info: Output file is already uptodate.
 <hg-01-eps-converted-to.pdf, id=99, 341.275pt x 198.7425pt>
File: hg-01-eps-converted-to.pdf Graphic file (type pdf)

<use hg-01-eps-converted-to.pdf>) (./ne-01.tex
Package epstopdf Info: Source file: <ne-01.eps>
(epstopdf)                    date: 2016-01-26 11:08:30
(epstopdf)                    size: 18896 bytes
(epstopdf)             Output file: <ne-01-eps-converted-to.pdf>
(epstopdf)                    date: 2016-01-26 11:08:48
(epstopdf)                    size: 4033 bytes
(epstopdf)             Command: < ps2pdf -dEPSCrop ne-01.eps ne-01-eps-converte
d-to.pdf>
(epstopdf)             \includegraphics on input line 101.
Package epstopdf Info: Output file is already uptodate.

<ne-01-eps-converted-to.pdf, id=100, 341.275pt x 198.7425pt>
File: ne-01-eps-converted-to.pdf Graphic file (type pdf)

<use ne-01-eps-converted-to.pdf>)
Overfull \vbox (15.2pt too high) has occurred while \output is active []

 [15 <./hg-01-eps-converted-to.pdf>]
Overfull \hbox (7.14955pt too wide) in paragraph at lines 165--166
\T1/lmr/m/n/10.95 nach Angabe der vorgegebe-nen Ver-gle-ichsspek-tren bei $\OT1
/lmr/m/n/10.95 435\OML/lmm/m/it/10.95 :\OT1/lmr/m/n/10.95 8 []$ \T1/lmr/m/n/10.
95 und $\OT1/lmr/m/n/10.95 643\OML/lmm/m/it/10.95 :\OT1/lmr/m/n/10.95 8 []$
 []

(./hg-200-scale.tex
Package epstopdf Info: Source file: <hg-200-scale.eps>
(epstopdf)                    date: 2016-01-26 15:55:05
(epstopdf)                    size: 21414 bytes
(epstopdf)             Output file: <hg-200-scale-eps-converted-to.pdf>
(epstopdf)                    date: 2016-01-26 15:57:22
(epstopdf)                    size: 5223 bytes
(epstopdf)             Command: < ps2pdf -dEPSCrop hg-200-scale.eps hg-200-scal
e-eps-converted-to.pdf>
(epstopdf)             \includegraphics on input line 101.
Package epstopdf Info: Output file is already uptodate.

<hg-200-scale-eps-converted-to.pdf, id=106, 341.275pt x 198.7425pt>
File: hg-200-scale-eps-converted-to.pdf Graphic file (type pdf)

<use hg-200-scale-eps-converted-to.pdf>)
Overfull \vbox (15.2pt too high) has occurred while \output is active []

 [16 <./ne-01-eps-converted-to.pdf>]
Overfull \vbox (15.2pt too high) has occurred while \output is active []

 [17 <./hg-200-scale-eps-converted-to.pdf>]
Overfull \hbox (2.08556pt too wide) in paragraph at lines 229--238
\T1/lmr/m/n/10.95 Für das Au-flö-sungsver-mö-gen ergeben sich dann ana-log die 
Werte aus Tabelle
 []

(./hg-900-scale-1.tex
Package epstopdf Info: Source file: <hg-900-scale-1.eps>
(epstopdf)                    date: 2016-01-26 17:12:54
(epstopdf)                    size: 21249 bytes
(epstopdf)             Output file: <hg-900-scale-1-eps-converted-to.pdf>
(epstopdf)                    date: 2016-01-26 17:12:58
(epstopdf)                    size: 3919 bytes
(epstopdf)             Command: < ps2pdf -dEPSCrop hg-900-scale-1.eps hg-900-sc
ale-1-eps-converted-to.pdf>
(epstopdf)             \includegraphics on input line 102.
Package epstopdf Info: Output file is already uptodate.

<hg-900-scale-1-eps-converted-to.pdf, id=118, 341.275pt x 198.7425pt>
File: hg-900-scale-1-eps-converted-to.pdf Graphic file (type pdf)

<use hg-900-scale-1-eps-converted-to.pdf>)
Overfull \hbox (9.34132pt too wide) in paragraph at lines 262--265
\T1/lmr/m/n/10.95 Die Son-nen-spek-tren wur-den, wie in der Durch-führung besch
rieben, aufgenom-
 []


Underfull \vbox (badness 1152) has occurred while \output is active []


Overfull \vbox (15.2pt too high) has occurred while \output is active []

 [18]
(./sonne-p1.tex
Package epstopdf Info: Source file: <sonne-p1.eps>
(epstopdf)                    date: 2016-01-26 17:53:28
(epstopdf)                    size: 22401 bytes
(epstopdf)             Output file: <sonne-p1-eps-converted-to.pdf>
(epstopdf)                    date: 2016-01-26 17:53:34
(epstopdf)                    size: 6626 bytes
(epstopdf)             Command: < ps2pdf -dEPSCrop sonne-p1.eps sonne-p1-eps-co
nverted-to.pdf>
(epstopdf)             \includegraphics on input line 105.
Package epstopdf Info: Output file is already uptodate.

<sonne-p1-eps-converted-to.pdf, id=122, 341.275pt x 198.7425pt>
File: sonne-p1-eps-converted-to.pdf Graphic file (type pdf)

<use sonne-p1-eps-converted-to.pdf>) (./sonne-p2.tex
Package epstopdf Info: Source file: <sonne-p2.eps>
(epstopdf)                    date: 2016-01-26 17:54:48
(epstopdf)                    size: 22101 bytes
(epstopdf)             Output file: <sonne-p2-eps-converted-to.pdf>
(epstopdf)                    date: 2016-01-26 17:54:59
(epstopdf)                    size: 6388 bytes
(epstopdf)             Command: < ps2pdf -dEPSCrop sonne-p2.eps sonne-p2-eps-co
nverted-to.pdf>
(epstopdf)             \includegraphics on input line 102.
Package epstopdf Info: Output file is already uptodate.

<sonne-p2-eps-converted-to.pdf, id=123, 341.275pt x 198.7425pt>
File: sonne-p2-eps-converted-to.pdf Graphic file (type pdf)

<use sonne-p2-eps-converted-to.pdf>) (./sonne-p3.tex
Package epstopdf Info: Source file: <sonne-p3.eps>
(epstopdf)                    date: 2016-01-26 17:54:51
(epstopdf)                    size: 22134 bytes
(epstopdf)             Output file: <sonne-p3-eps-converted-to.pdf>
(epstopdf)                    date: 2016-01-26 17:54:59
(epstopdf)                    size: 6458 bytes
(epstopdf)             Command: < ps2pdf -dEPSCrop sonne-p3.eps sonne-p3-eps-co
nverted-to.pdf>
(epstopdf)             \includegraphics on input line 104.
Package epstopdf Info: Output file is already uptodate.

<sonne-p3-eps-converted-to.pdf, id=124, 341.275pt x 198.7425pt>
File: sonne-p3-eps-converted-to.pdf Graphic file (type pdf)

<use sonne-p3-eps-converted-to.pdf>))
Overfull \vbox (15.2pt too high) has occurred while \output is active []

 [19 <./hg-900-scale-1-eps-converted-to.pdf>]
Overfull \vbox (15.2pt too high) has occurred while \output is active []

 [20 <./sonne-p1-eps-converted-to.pdf> <./sonne-p2-eps-converted-to.pdf>]
Overfull \vbox (15.2pt too high) has occurred while \output is active []

 [21 <./sonne-p3-eps-converted-to.pdf>] (./zusammenfassung.tex
Overfull \hbox (2.64714pt too wide) in paragraph at lines 16--19
[]\T1/lmr/m/n/10.95 Der ex-po-nen-tielle Zusam-men-hang zwis-chen Tem-per-atur 
und Dunkel-strom
 []


Overfull \hbox (6.9226pt too wide) in paragraph at lines 20--22
[]\T1/lmr/m/n/10.95 Die Lin-ear-ität der Dis-per-sion-sre-la-tion, wie sie in d
en Grund-la-gen angenom-
 []

)
Overfull \vbox (15.2pt too high) has occurred while \output is active []

 [22]
(./quellen.tex)
Overfull \vbox (15.2pt too high) has occurred while \output is active []

 [23]
<referenzen/ne-light-spec.png, id=149, 984.67876pt x 705.63625pt>
File: referenzen/ne-light-spec.png Graphic file (type png)

<use referenzen/ne-light-spec.png>
<referenzen/hg-cd-reference.PNG, id=150, 283.0575pt x 565.36218pt>
File: referenzen/hg-cd-reference.PNG Graphic file (type png)

<use referenzen/hg-cd-reference.PNG>
Underfull \vbox (badness 10000) has occurred while \output is active []


Overfull \vbox (15.2pt too high) has occurred while \output is active []

 [24 <./referenzen/ne-light-spec.png>]
<referenzen/sonnenspektrum-1.jpg, id=155, 1003.75pt x 466.74374pt>
File: referenzen/sonnenspektrum-1.jpg Graphic file (type jpg)

<use referenzen/sonnenspektrum-1.jpg>
Underfull \hbox (badness 10000) in paragraph at lines 52--52
\T1/lmr/m/n/9 Quelle: http://www.sternwarte-habichtswald.de/astromania/
 []


Underfull \vbox (badness 10000) has occurred while \output is active []


Overfull \vbox (15.2pt too high) has occurred while \output is active []

 [25 <./referenzen/hg-cd-reference.PNG>]
<referenzen/sonnenspektrum-2.jpg, id=160, 1286.8075pt x 853.1875pt>
File: referenzen/sonnenspektrum-2.jpg Graphic file (type jpg)

<use referenzen/sonnenspektrum-2.jpg>
Underfull \hbox (badness 5245) in paragraph at lines 59--59
\T1/lmr/m/n/9 Quelle: http://www.deep-sky-images.de/albums/userpics/10002/ Son-

 []

<referenzen/DSC_0689.JPG, id=161, 3854.4pt x 2168.1pt>
File: referenzen/DSC_0689.JPG Graphic file (type jpg)

<use referenzen/DSC_0689.JPG>
Underfull \vbox (badness 10000) has occurred while \output is active []


Overfull \vbox (15.2pt too high) has occurred while \output is active []

 [26 <./referenzen/sonnenspektrum-1.jpg>]
Overfull \vbox (15.2pt too high) has occurred while \output is active []

 [27 <./referenzen/sonnenspektrum-2.jpg>]
<referenzen/DSC_0690.JPG, id=168, 3854.4pt x 2168.1pt>
File: referenzen/DSC_0690.JPG Graphic file (type jpg)

<use referenzen/DSC_0690.JPG> AED: lastpage setting LastPage
Overfull \vbox (15.2pt too high) has occurred while \output is active []

 [28 <./referenzen/DSC_0689.JPG> <./referenzen/DSC_0690.JPG>] (./main.aux)

LaTeX Warning: There were multiply-defined labels.

 ) ) 
Here is how much of TeX's memory you used:
 10041 strings out of 495061
 139732 string characters out of 1182621
 254399 words of memory out of 3000000
 12861 multiletter control sequences out of 15000+50000
 71447 words of font info for 72 fonts, out of 3000000 for 9000
 28 hyphenation exceptions out of 8191
 41i,11n,73p,417b,457s stack positions out of 5000i,500n,10000p,200000b,50000s
{/usr/share/texmf/fonts/enc/dvips/lm/lm-mathit.enc}{/usr/share/texmf/fonts/
enc/dvips/lm/lm-mathex.enc}{/usr/share/texmf/fonts/enc/dvips/lm/lm-mathsy.enc}{
/usr/share/texmf/fonts/enc/dvips/lm/lm-rm.enc}{/usr/share/texmf/fonts/enc/dvips
/lm/lm-ec.enc}</usr/share/texmf/fonts/type1/public/lm/lmbx10.pfb></usr/share/te
xmf/fonts/type1/public/lm/lmbx12.pfb></usr/share/texmf/fonts/type1/public/lm/lm
ex10.pfb></usr/share/texmf/fonts/type1/public/lm/lmmi10.pfb></usr/share/texmf/f
onts/type1/public/lm/lmmi8.pfb></usr/share/texmf/fonts/type1/public/lm/lmmi9.pf
b></usr/share/texmf/fonts/type1/public/lm/lmr10.pfb></usr/share/texmf/fonts/typ
e1/public/lm/lmr12.pfb></usr/share/texmf/fonts/type1/public/lm/lmr17.pfb></usr/
share/texmf/fonts/type1/public/lm/lmr6.pfb></usr/share/texmf/fonts/type1/public
/lm/lmr8.pfb></usr/share/texmf/fonts/type1/public/lm/lmr9.pfb></usr/share/texmf
/fonts/type1/public/lm/lmri10.pfb></usr/share/texmf/fonts/type1/public/lm/lmro1
0.pfb></usr/share/texmf/fonts/type1/public/lm/lmsy10.pfb></usr/share/texmf/font
s/type1/public/lm/lmsy6.pfb></usr/share/texmf/fonts/type1/public/lm/lmsy8.pfb><
/usr/share/texmf/fonts/type1/public/lm/lmsy9.pfb>
Output written on main.pdf (30 pages, 15369353 bytes).
PDF statistics:
 235 PDF objects out of 1000 (max. 8388607)
 0 named destinations out of 1000 (max. 500000)
 136 words of extra memory for PDF output out of 10000 (max. 10000000)

